{"C:\\Users\\Gonza\\Desktop\\cymple\\back\\src\\app.controller.ts": {"path":"C:\\Users\\Gonza\\Desktop\\cymple\\back\\src\\app.controller.ts","statementMap":{"0":{"start":{"line":1,"column":0},"end":{"line":1,"column":49}},"1":{"start":{"line":2,"column":0},"end":{"line":2,"column":43}},"2":{"start":{"line":5,"column":7},"end":{"line":12,"column":null}},"3":{"start":{"line":6,"column":31},"end":{"line":6,"column":43}},"4":{"start":{"line":10,"column":4},"end":{"line":10,"column":38}},"5":{"start":{"line":5,"column":13},"end":{"line":5,"column":26}},"6":{"start":{"line":9,"column":2},"end":{"line":11,"column":null}},"7":{"start":{"line":5,"column":13},"end":{"line":12,"column":null}}},"fnMap":{"0":{"name":"(anonymous_2)","decl":{"start":{"line":6,"column":2},"end":{"line":6,"column":31}},"loc":{"start":{"line":6,"column":53},"end":{"line":6,"column":57}}},"1":{"name":"(anonymous_3)","decl":{"start":{"line":9,"column":2},"end":{"line":9,"column":10}},"loc":{"start":{"line":9,"column":10},"end":{"line":11,"column":3}}}},"branchMap":{"0":{"loc":{"start":{"line":6,"column":43},"end":{"line":6,"column":56}},"type":"cond-expr","locations":[{"start":{"line":6,"column":53},"end":{"line":6,"column":56}},{"start":{"line":6,"column":53},"end":{"line":6,"column":56}}]},"1":{"loc":{"start":{"line":6,"column":43},"end":{"line":6,"column":53}},"type":"binary-expr","locations":[{"start":{"line":6,"column":43},"end":{"line":6,"column":56}},{"start":{"line":6,"column":43},"end":{"line":6,"column":53}}]}},"s":{"0":0,"1":0,"2":0,"3":0,"4":0,"5":0,"6":0,"7":0},"f":{"0":0,"1":0},"b":{"0":[0,0],"1":[0,0]}}
,"C:\\Users\\Gonza\\Desktop\\cymple\\back\\src\\app.module.ts": {"path":"C:\\Users\\Gonza\\Desktop\\cymple\\back\\src\\app.module.ts","statementMap":{"0":{"start":{"line":1,"column":0},"end":{"line":1,"column":40}},"1":{"start":{"line":2,"column":0},"end":{"line":2,"column":46}},"2":{"start":{"line":3,"column":0},"end":{"line":3,"column":68}},"3":{"start":{"line":4,"column":0},"end":{"line":4,"column":41}},"4":{"start":{"line":5,"column":0},"end":{"line":5,"column":50}},"5":{"start":{"line":6,"column":0},"end":{"line":6,"column":27}},"6":{"start":{"line":7,"column":0},"end":{"line":7,"column":49}},"7":{"start":{"line":8,"column":0},"end":{"line":8,"column":43}},"8":{"start":{"line":9,"column":0},"end":{"line":9,"column":61}},"9":{"start":{"line":10,"column":0},"end":{"line":10,"column":48}},"10":{"start":{"line":11,"column":0},"end":{"line":11,"column":72}},"11":{"start":{"line":12,"column":0},"end":{"line":12,"column":72}},"12":{"start":{"line":13,"column":0},"end":{"line":13,"column":60}},"13":{"start":{"line":14,"column":0},"end":{"line":14,"column":72}},"14":{"start":{"line":15,"column":0},"end":{"line":15,"column":57}},"15":{"start":{"line":16,"column":0},"end":{"line":16,"column":60}},"16":{"start":{"line":17,"column":0},"end":{"line":17,"column":63}},"17":{"start":{"line":18,"column":0},"end":{"line":18,"column":60}},"18":{"start":{"line":19,"column":0},"end":{"line":19,"column":60}},"19":{"start":{"line":20,"column":0},"end":{"line":20,"column":75}},"20":{"start":{"line":21,"column":0},"end":{"line":21,"column":86}},"21":{"start":{"line":22,"column":0},"end":{"line":22,"column":61}},"22":{"start":{"line":23,"column":0},"end":{"line":23,"column":58}},"23":{"start":{"line":24,"column":0},"end":{"line":24,"column":72}},"24":{"start":{"line":25,"column":0},"end":{"line":25,"column":83}},"25":{"start":{"line":26,"column":0},"end":{"line":26,"column":77}},"26":{"start":{"line":27,"column":0},"end":{"line":27,"column":68}},"27":{"start":{"line":28,"column":0},"end":{"line":28,"column":62}},"28":{"start":{"line":88,"column":7},"end":{"line":88,"column":null}},"29":{"start":{"line":88,"column":13},"end":{"line":88,"column":22}},"30":{"start":{"line":88,"column":13},"end":{"line":88,"column":null}}},"fnMap":{},"branchMap":{},"s":{"0":0,"1":0,"2":0,"3":0,"4":0,"5":0,"6":0,"7":0,"8":0,"9":0,"10":0,"11":0,"12":0,"13":0,"14":0,"15":0,"16":0,"17":0,"18":0,"19":0,"20":0,"21":0,"22":0,"23":0,"24":0,"25":0,"26":0,"27":0,"28":0,"29":0,"30":0},"f":{},"b":{}}
,"C:\\Users\\Gonza\\Desktop\\cymple\\back\\src\\app.service.ts": {"path":"C:\\Users\\Gonza\\Desktop\\cymple\\back\\src\\app.service.ts","statementMap":{"0":{"start":{"line":1,"column":0},"end":{"line":1,"column":44}},"1":{"start":{"line":4,"column":7},"end":{"line":8,"column":null}},"2":{"start":{"line":6,"column":4},"end":{"line":6,"column":27}},"3":{"start":{"line":4,"column":13},"end":{"line":4,"column":23}},"4":{"start":{"line":4,"column":13},"end":{"line":8,"column":null}}},"fnMap":{"0":{"name":"(anonymous_1)","decl":{"start":{"line":5,"column":2},"end":{"line":5,"column":10}},"loc":{"start":{"line":5,"column":10},"end":{"line":7,"column":3}}}},"branchMap":{},"s":{"0":0,"1":0,"2":0,"3":0,"4":0},"f":{"0":0},"b":{}}
,"C:\\Users\\Gonza\\Desktop\\cymple\\back\\src\\main.ts": {"path":"C:\\Users\\Gonza\\Desktop\\cymple\\back\\src\\main.ts","statementMap":{"0":{"start":{"line":1,"column":0},"end":{"line":1,"column":43}},"1":{"start":{"line":2,"column":0},"end":{"line":2,"column":48}},"2":{"start":{"line":3,"column":0},"end":{"line":3,"column":47}},"3":{"start":{"line":4,"column":0},"end":{"line":4,"column":41}},"4":{"start":{"line":9,"column":0},"end":{"line":9,"column":50}},"5":{"start":{"line":12,"column":2},"end":{"line":12,"column":54}},"6":{"start":{"line":16,"column":14},"end":{"line":16,"column":49}},"7":{"start":{"line":17,"column":17},"end":{"line":17,"column":39}},"8":{"start":{"line":18,"column":21},"end":{"line":18,"column":76}},"9":{"start":{"line":19,"column":21},"end":{"line":19,"column":64}},"10":{"start":{"line":21,"column":4},"end":{"line":21,"column":73}},"11":{"start":{"line":22,"column":33},"end":{"line":27,"column":10}},"12":{"start":{"line":28,"column":25},"end":{"line":28,"column":74}},"13":{"start":{"line":30,"column":2},"end":{"line":46,"column":3}},"14":{"start":{"line":31,"column":5},"end":{"line":31,"column":42}},"15":{"start":{"line":32,"column":4},"end":{"line":45,"column":7}},"16":{"start":{"line":33,"column":29},"end":{"line":33,"column":63}},"17":{"start":{"line":34,"column":28},"end":{"line":34,"column":61}},"18":{"start":{"line":36,"column":6},"end":{"line":43,"column":7}},"19":{"start":{"line":42,"column":8},"end":{"line":42,"column":63}},"20":{"start":{"line":44,"column":6},"end":{"line":44,"column":13}},"21":{"start":{"line":48,"column":2},"end":{"line":107,"column":5}},"22":{"start":{"line":50,"column":6},"end":{"line":53,"column":7}},"23":{"start":{"line":51,"column":8},"end":{"line":51,"column":29}},"24":{"start":{"line":52,"column":8},"end":{"line":52,"column":15}},"25":{"start":{"line":55,"column":6},"end":{"line":58,"column":7}},"26":{"start":{"line":56,"column":8},"end":{"line":56,"column":29}},"27":{"start":{"line":57,"column":8},"end":{"line":57,"column":15}},"28":{"start":{"line":60,"column":6},"end":{"line":63,"column":7}},"29":{"start":{"line":61,"column":8},"end":{"line":61,"column":29}},"30":{"start":{"line":62,"column":8},"end":{"line":62,"column":15}},"31":{"start":{"line":65,"column":6},"end":{"line":78,"column":7}},"32":{"start":{"line":66,"column":8},"end":{"line":77,"column":9}},"33":{"start":{"line":67,"column":28},"end":{"line":67,"column":43}},"34":{"start":{"line":68,"column":10},"end":{"line":74,"column":11}},"35":{"start":{"line":72,"column":12},"end":{"line":72,"column":33}},"36":{"start":{"line":73,"column":12},"end":{"line":73,"column":19}},"37":{"start":{"line":80,"column":6},"end":{"line":83,"column":7}},"38":{"start":{"line":81,"column":8},"end":{"line":81,"column":72}},"39":{"start":{"line":82,"column":8},"end":{"line":82,"column":15}},"40":{"start":{"line":85,"column":6},"end":{"line":96,"column":7}},"41":{"start":{"line":86,"column":26},"end":{"line":86,"column":41}},"42":{"start":{"line":87,"column":8},"end":{"line":93,"column":9}},"43":{"start":{"line":91,"column":10},"end":{"line":91,"column":31}},"44":{"start":{"line":92,"column":10},"end":{"line":92,"column":17}},"45":{"start":{"line":97,"column":6},"end":{"line":97,"column":47}},"46":{"start":{"line":109,"column":2},"end":{"line":109,"column":28}},"47":{"start":{"line":110,"column":2},"end":{"line":116,"column":4}},"48":{"start":{"line":117,"column":2},"end":{"line":117,"column":45}},"49":{"start":{"line":119,"column":0},"end":{"line":119,"column":12}}},"fnMap":{"0":{"name":"escapeRegExp","decl":{"start":{"line":11,"column":9},"end":{"line":11,"column":21}},"loc":{"start":{"line":11,"column":35},"end":{"line":13,"column":1}}},"1":{"name":"bootstrap","decl":{"start":{"line":15,"column":15},"end":{"line":15,"column":24}},"loc":{"start":{"line":15,"column":24},"end":{"line":118,"column":1}}},"2":{"name":"(anonymous_2)","decl":{"start":{"line":32,"column":12},"end":{"line":32,"column":13}},"loc":{"start":{"line":32,"column":54},"end":{"line":45,"column":5}}},"3":{"name":"(anonymous_3)","decl":{"start":{"line":49,"column":12},"end":{"line":49,"column":13}},"loc":{"start":{"line":49,"column":33},"end":{"line":98,"column":5}}}},"branchMap":{"0":{"loc":{"start":{"line":18,"column":22},"end":{"line":18,"column":61}},"type":"binary-expr","locations":[{"start":{"line":18,"column":22},"end":{"line":18,"column":55}},{"start":{"line":18,"column":59},"end":{"line":18,"column":61}}]},"1":{"loc":{"start":{"line":19,"column":21},"end":{"line":19,"column":64}},"type":"binary-expr","locations":[{"start":{"line":19,"column":21},"end":{"line":19,"column":55}},{"start":{"line":19,"column":59},"end":{"line":19,"column":64}}]},"2":{"loc":{"start":{"line":21,"column":5},"end":{"line":21,"column":41}},"type":"binary-expr","locations":[{"start":{"line":21,"column":5},"end":{"line":21,"column":35}},{"start":{"line":21,"column":39},"end":{"line":21,"column":41}}]},"3":{"loc":{"start":{"line":22,"column":33},"end":{"line":27,"column":10}},"type":"cond-expr","locations":[{"start":{"line":23,"column":6},"end":{"line":25,"column":null}},{"start":{"line":27,"column":6},"end":{"line":27,"column":10}}]},"4":{"loc":{"start":{"line":30,"column":2},"end":{"line":46,"column":3}},"type":"if","locations":[{"start":{"line":30,"column":2},"end":{"line":46,"column":3}},{"start":{},"end":{}}]},"5":{"loc":{"start":{"line":36,"column":6},"end":{"line":43,"column":7}},"type":"if","locations":[{"start":{"line":36,"column":6},"end":{"line":43,"column":7}},{"start":{},"end":{}}]},"6":{"loc":{"start":{"line":37,"column":8},"end":{"line":40,"column":71}},"type":"binary-expr","locations":[{"start":{"line":37,"column":8},"end":{"line":37,"column":42}},{"start":{"line":38,"column":8},"end":{"line":38,"column":29}},{"start":{"line":39,"column":9},"end":{"line":39,"column":23}},{"start":{"line":40,"column":11},"end":{"line":40,"column":44}},{"start":{"line":40,"column":48},"end":{"line":40,"column":69}}]},"7":{"loc":{"start":{"line":50,"column":6},"end":{"line":53,"column":7}},"type":"if","locations":[{"start":{"line":50,"column":6},"end":{"line":53,"column":7}},{"start":{},"end":{}}]},"8":{"loc":{"start":{"line":55,"column":6},"end":{"line":58,"column":7}},"type":"if","locations":[{"start":{"line":55,"column":6},"end":{"line":58,"column":7}},{"start":{},"end":{}}]},"9":{"loc":{"start":{"line":60,"column":6},"end":{"line":63,"column":7}},"type":"if","locations":[{"start":{"line":60,"column":6},"end":{"line":63,"column":7}},{"start":{},"end":{}}]},"10":{"loc":{"start":{"line":60,"column":10},"end":{"line":60,"column":54}},"type":"binary-expr","locations":[{"start":{"line":60,"column":10},"end":{"line":60,"column":23}},{"start":{"line":60,"column":27},"end":{"line":60,"column":54}}]},"11":{"loc":{"start":{"line":65,"column":6},"end":{"line":78,"column":7}},"type":"if","locations":[{"start":{"line":65,"column":6},"end":{"line":78,"column":7}},{"start":{},"end":{}}]},"12":{"loc":{"start":{"line":65,"column":10},"end":{"line":65,"column":50}},"type":"binary-expr","locations":[{"start":{"line":65,"column":10},"end":{"line":65,"column":33}},{"start":{"line":65,"column":37},"end":{"line":65,"column":50}}]},"13":{"loc":{"start":{"line":68,"column":10},"end":{"line":74,"column":11}},"type":"if","locations":[{"start":{"line":68,"column":10},"end":{"line":74,"column":11}},{"start":{},"end":{}}]},"14":{"loc":{"start":{"line":69,"column":12},"end":{"line":70,"column":46}},"type":"binary-expr","locations":[{"start":{"line":69,"column":12},"end":{"line":69,"column":60}},{"start":{"line":70,"column":12},"end":{"line":70,"column":46}}]},"15":{"loc":{"start":{"line":80,"column":6},"end":{"line":83,"column":7}},"type":"if","locations":[{"start":{"line":80,"column":6},"end":{"line":83,"column":7}},{"start":{},"end":{}}]},"16":{"loc":{"start":{"line":80,"column":10},"end":{"line":80,"column":49}},"type":"binary-expr","locations":[{"start":{"line":80,"column":10},"end":{"line":80,"column":33}},{"start":{"line":80,"column":37},"end":{"line":80,"column":49}}]},"17":{"loc":{"start":{"line":87,"column":8},"end":{"line":93,"column":9}},"type":"if","locations":[{"start":{"line":87,"column":8},"end":{"line":93,"column":9}},{"start":{},"end":{}}]},"18":{"loc":{"start":{"line":88,"column":10},"end":{"line":89,"column":46}},"type":"binary-expr","locations":[{"start":{"line":88,"column":10},"end":{"line":88,"column":41}},{"start":{"line":89,"column":10},"end":{"line":89,"column":46}}]},"19":{"loc":{"start":{"line":117,"column":19},"end":{"line":117,"column":43}},"type":"binary-expr","locations":[{"start":{"line":117,"column":19},"end":{"line":117,"column":35}},{"start":{"line":117,"column":39},"end":{"line":117,"column":43}}]}},"s":{"0":0,"1":0,"2":0,"3":0,"4":0,"5":0,"6":0,"7":0,"8":0,"9":0,"10":0,"11":0,"12":0,"13":0,"14":0,"15":0,"16":0,"17":0,"18":0,"19":0,"20":0,"21":0,"22":0,"23":0,"24":0,"25":0,"26":0,"27":0,"28":0,"29":0,"30":0,"31":0,"32":0,"33":0,"34":0,"35":0,"36":0,"37":0,"38":0,"39":0,"40":0,"41":0,"42":0,"43":0,"44":0,"45":0,"46":0,"47":0,"48":0,"49":0},"f":{"0":0,"1":0,"2":0,"3":0},"b":{"0":[0,0],"1":[0,0],"2":[0,0],"3":[0,0],"4":[0,0],"5":[0,0],"6":[0,0,0,0,0],"7":[0,0],"8":[0,0],"9":[0,0],"10":[0,0],"11":[0,0],"12":[0,0],"13":[0,0],"14":[0,0],"15":[0,0],"16":[0,0],"17":[0,0],"18":[0,0],"19":[0,0]}}
,"C:\\Users\\Gonza\\Desktop\\cymple\\back\\src\\appointments\\appointments.controller.ts": {"path":"C:\\Users\\Gonza\\Desktop\\cymple\\back\\src\\appointments\\appointments.controller.ts","statementMap":{"0":{"start":{"line":1,"column":0},"end":{"line":1,"column":null}},"1":{"start":{"line":13,"column":0},"end":{"line":13,"column":61}},"2":{"start":{"line":14,"column":0},"end":{"line":14,"column":60}},"3":{"start":{"line":15,"column":0},"end":{"line":15,"column":69}},"4":{"start":{"line":16,"column":0},"end":{"line":16,"column":61}},"5":{"start":{"line":17,"column":0},"end":{"line":17,"column":68}},"6":{"start":{"line":18,"column":0},"end":{"line":18,"column":60}},"7":{"start":{"line":19,"column":0},"end":{"line":19,"column":66}},"8":{"start":{"line":20,"column":0},"end":{"line":20,"column":69}},"9":{"start":{"line":21,"column":0},"end":{"line":21,"column":76}},"10":{"start":{"line":22,"column":0},"end":{"line":22,"column":68}},"11":{"start":{"line":23,"column":0},"end":{"line":23,"column":74}},"12":{"start":{"line":27,"column":7},"end":{"line":126,"column":null}},"13":{"start":{"line":29,"column":21},"end":{"line":29,"column":42}},"14":{"start":{"line":30,"column":21},"end":{"line":30,"column":28}},"15":{"start":{"line":35,"column":16},"end":{"line":35,"column":39}},"16":{"start":{"line":36,"column":20},"end":{"line":36,"column":67}},"17":{"start":{"line":37,"column":4},"end":{"line":45,"column":6}},"18":{"start":{"line":46,"column":4},"end":{"line":46,"column":19}},"19":{"start":{"line":51,"column":4},"end":{"line":51,"column":73}},"20":{"start":{"line":56,"column":4},"end":{"line":56,"column":77}},"21":{"start":{"line":61,"column":4},"end":{"line":64,"column":6}},"22":{"start":{"line":73,"column":16},"end":{"line":73,"column":39}},"23":{"start":{"line":74,"column":20},"end":{"line":77,"column":null}},"24":{"start":{"line":79,"column":4},"end":{"line":83,"column":6}},"25":{"start":{"line":84,"column":4},"end":{"line":84,"column":19}},"26":{"start":{"line":93,"column":16},"end":{"line":93,"column":39}},"27":{"start":{"line":94,"column":20},"end":{"line":97,"column":null}},"28":{"start":{"line":99,"column":4},"end":{"line":103,"column":6}},"29":{"start":{"line":104,"column":4},"end":{"line":104,"column":19}},"30":{"start":{"line":113,"column":16},"end":{"line":113,"column":39}},"31":{"start":{"line":114,"column":20},"end":{"line":117,"column":null}},"32":{"start":{"line":119,"column":4},"end":{"line":123,"column":6}},"33":{"start":{"line":124,"column":4},"end":{"line":124,"column":19}},"34":{"start":{"line":27,"column":13},"end":{"line":27,"column":35}},"35":{"start":{"line":34,"column":8},"end":{"line":47,"column":null}},"36":{"start":{"line":50,"column":2},"end":{"line":52,"column":null}},"37":{"start":{"line":55,"column":2},"end":{"line":57,"column":null}},"38":{"start":{"line":60,"column":2},"end":{"line":65,"column":null}},"39":{"start":{"line":68,"column":8},"end":{"line":85,"column":null}},"40":{"start":{"line":88,"column":8},"end":{"line":105,"column":null}},"41":{"start":{"line":108,"column":8},"end":{"line":125,"column":null}},"42":{"start":{"line":27,"column":13},"end":{"line":126,"column":null}}},"fnMap":{"0":{"name":"(anonymous_4)","decl":{"start":{"line":28,"column":2},"end":{"line":28,"column":null}},"loc":{"start":{"line":30,"column":46},"end":{"line":31,"column":6}}},"1":{"name":"(anonymous_5)","decl":{"start":{"line":34,"column":8},"end":{"line":34,"column":14}},"loc":{"start":{"line":34,"column":69},"end":{"line":47,"column":3}}},"2":{"name":"(anonymous_6)","decl":{"start":{"line":50,"column":2},"end":{"line":50,"column":6}},"loc":{"start":{"line":50,"column":63},"end":{"line":52,"column":3}}},"3":{"name":"(anonymous_7)","decl":{"start":{"line":55,"column":2},"end":{"line":55,"column":10}},"loc":{"start":{"line":55,"column":64},"end":{"line":57,"column":3}}},"4":{"name":"(anonymous_8)","decl":{"start":{"line":60,"column":2},"end":{"line":60,"column":8}},"loc":{"start":{"line":60,"column":64},"end":{"line":65,"column":3}}},"5":{"name":"(anonymous_9)","decl":{"start":{"line":68,"column":8},"end":{"line":68,"column":20}},"loc":{"start":{"line":71,"column":43},"end":{"line":85,"column":3}}},"6":{"name":"(anonymous_10)","decl":{"start":{"line":88,"column":8},"end":{"line":88,"column":18}},"loc":{"start":{"line":91,"column":41},"end":{"line":105,"column":3}}},"7":{"name":"(anonymous_11)","decl":{"start":{"line":108,"column":8},"end":{"line":108,"column":14}},"loc":{"start":{"line":111,"column":37},"end":{"line":125,"column":3}}}},"branchMap":{"0":{"loc":{"start":{"line":121,"column":31},"end":{"line":121,"column":49}},"type":"binary-expr","locations":[{"start":{"line":121,"column":31},"end":{"line":121,"column":41}},{"start":{"line":121,"column":45},"end":{"line":121,"column":49}}]},"1":{"loc":{"start":{"line":34,"column":49},"end":{"line":34,"column":null}},"type":"cond-expr","locations":[{"start":{"line":34,"column":69},"end":{"line":34,"column":null}},{"start":{"line":34,"column":69},"end":{"line":34,"column":null}}]},"2":{"loc":{"start":{"line":34,"column":49},"end":{"line":34,"column":69}},"type":"binary-expr","locations":[{"start":{"line":34,"column":49},"end":{"line":34,"column":null}},{"start":{"line":34,"column":49},"end":{"line":34,"column":69}}]},"3":{"loc":{"start":{"line":50,"column":44},"end":{"line":50,"column":null}},"type":"cond-expr","locations":[{"start":{"line":50,"column":63},"end":{"line":50,"column":null}},{"start":{"line":50,"column":63},"end":{"line":50,"column":null}}]},"4":{"loc":{"start":{"line":50,"column":44},"end":{"line":50,"column":63}},"type":"binary-expr","locations":[{"start":{"line":50,"column":44},"end":{"line":50,"column":null}},{"start":{"line":50,"column":44},"end":{"line":50,"column":63}}]},"5":{"loc":{"start":{"line":55,"column":48},"end":{"line":55,"column":null}},"type":"cond-expr","locations":[{"start":{"line":55,"column":64},"end":{"line":55,"column":null}},{"start":{"line":55,"column":64},"end":{"line":55,"column":null}}]},"6":{"loc":{"start":{"line":55,"column":48},"end":{"line":55,"column":64}},"type":"binary-expr","locations":[{"start":{"line":55,"column":48},"end":{"line":55,"column":null}},{"start":{"line":55,"column":48},"end":{"line":55,"column":64}}]},"7":{"loc":{"start":{"line":71,"column":17},"end":{"line":71,"column":null}},"type":"cond-expr","locations":[{"start":{"line":71,"column":43},"end":{"line":71,"column":null}},{"start":{"line":71,"column":43},"end":{"line":71,"column":null}}]},"8":{"loc":{"start":{"line":71,"column":17},"end":{"line":71,"column":43}},"type":"binary-expr","locations":[{"start":{"line":71,"column":17},"end":{"line":71,"column":null}},{"start":{"line":71,"column":17},"end":{"line":71,"column":43}}]},"9":{"loc":{"start":{"line":91,"column":17},"end":{"line":91,"column":null}},"type":"cond-expr","locations":[{"start":{"line":91,"column":41},"end":{"line":91,"column":null}},{"start":{"line":91,"column":41},"end":{"line":91,"column":null}}]},"10":{"loc":{"start":{"line":91,"column":17},"end":{"line":91,"column":41}},"type":"binary-expr","locations":[{"start":{"line":91,"column":17},"end":{"line":91,"column":null}},{"start":{"line":91,"column":17},"end":{"line":91,"column":41}}]},"11":{"loc":{"start":{"line":111,"column":17},"end":{"line":111,"column":null}},"type":"cond-expr","locations":[{"start":{"line":111,"column":37},"end":{"line":111,"column":null}},{"start":{"line":111,"column":37},"end":{"line":111,"column":null}}]},"12":{"loc":{"start":{"line":111,"column":17},"end":{"line":111,"column":37}},"type":"binary-expr","locations":[{"start":{"line":111,"column":17},"end":{"line":111,"column":null}},{"start":{"line":111,"column":17},"end":{"line":111,"column":37}}]},"13":{"loc":{"start":{"line":29,"column":42},"end":{"line":29,"column":null}},"type":"cond-expr","locations":[{"start":{"line":29,"column":61},"end":{"line":29,"column":null}},{"start":{"line":29,"column":61},"end":{"line":29,"column":null}}]},"14":{"loc":{"start":{"line":29,"column":42},"end":{"line":29,"column":61}},"type":"binary-expr","locations":[{"start":{"line":29,"column":42},"end":{"line":29,"column":null}},{"start":{"line":29,"column":42},"end":{"line":29,"column":61}}]},"15":{"loc":{"start":{"line":29,"column":61},"end":{"line":30,"column":null}},"type":"cond-expr","locations":[{"start":{"line":30,"column":46},"end":{"line":30,"column":null}},{"start":{"line":30,"column":46},"end":{"line":30,"column":null}}]},"16":{"loc":{"start":{"line":29,"column":61},"end":{"line":30,"column":46}},"type":"binary-expr","locations":[{"start":{"line":29,"column":61},"end":{"line":30,"column":null}},{"start":{"line":30,"column":28},"end":{"line":30,"column":46}}]}},"s":{"0":0,"1":0,"2":0,"3":0,"4":0,"5":0,"6":0,"7":0,"8":0,"9":0,"10":0,"11":0,"12":0,"13":0,"14":0,"15":0,"16":0,"17":0,"18":0,"19":0,"20":0,"21":0,"22":0,"23":0,"24":0,"25":0,"26":0,"27":0,"28":0,"29":0,"30":0,"31":0,"32":0,"33":0,"34":0,"35":0,"36":0,"37":0,"38":0,"39":0,"40":0,"41":0,"42":0},"f":{"0":0,"1":0,"2":0,"3":0,"4":0,"5":0,"6":0,"7":0},"b":{"0":[0,0],"1":[0,0],"2":[0,0],"3":[0,0],"4":[0,0],"5":[0,0],"6":[0,0],"7":[0,0],"8":[0,0],"9":[0,0],"10":[0,0],"11":[0,0],"12":[0,0],"13":[0,0],"14":[0,0],"15":[0,0],"16":[0,0]}}
,"C:\\Users\\Gonza\\Desktop\\cymple\\back\\src\\appointments\\appointments.module.ts": {"path":"C:\\Users\\Gonza\\Desktop\\cymple\\back\\src\\appointments\\appointments.module.ts","statementMap":{"0":{"start":{"line":1,"column":0},"end":{"line":1,"column":40}},"1":{"start":{"line":2,"column":0},"end":{"line":2,"column":61}},"2":{"start":{"line":3,"column":0},"end":{"line":3,"column":76}},"3":{"start":{"line":4,"column":0},"end":{"line":4,"column":67}},"4":{"start":{"line":5,"column":0},"end":{"line":5,"column":61}},"5":{"start":{"line":6,"column":0},"end":{"line":6,"column":61}},"6":{"start":{"line":14,"column":7},"end":{"line":14,"column":null}},"7":{"start":{"line":14,"column":13},"end":{"line":14,"column":31}},"8":{"start":{"line":14,"column":13},"end":{"line":14,"column":null}}},"fnMap":{},"branchMap":{},"s":{"0":0,"1":0,"2":0,"3":0,"4":0,"5":0,"6":0,"7":0,"8":0},"f":{},"b":{}}
,"C:\\Users\\Gonza\\Desktop\\cymple\\back\\src\\appointments\\appointments.service.ts": {"path":"C:\\Users\\Gonza\\Desktop\\cymple\\back\\src\\appointments\\appointments.service.ts","statementMap":{"0":{"start":{"line":1,"column":0},"end":{"line":1,"column":null}},"1":{"start":{"line":7,"column":0},"end":{"line":7,"column":null}},"2":{"start":{"line":13,"column":0},"end":{"line":13,"column":64}},"3":{"start":{"line":14,"column":0},"end":{"line":14,"column":78}},"4":{"start":{"line":22,"column":0},"end":{"line":22,"column":56}},"5":{"start":{"line":23,"column":0},"end":{"line":23,"column":85}},"6":{"start":{"line":24,"column":0},"end":{"line":24,"column":82}},"7":{"start":{"line":27,"column":32},"end":{"line":805,"column":null}},"8":{"start":{"line":28,"column":28},"end":{"line":28,"column":64}},"9":{"start":{"line":31,"column":21},"end":{"line":31,"column":29}},"10":{"start":{"line":32,"column":21},"end":{"line":32,"column":40}},"11":{"start":{"line":33,"column":21},"end":{"line":33,"column":36}},"12":{"start":{"line":39,"column":6},"end":{"line":39,"column":75}},"13":{"start":{"line":41,"column":4},"end":{"line":45,"column":5}},"14":{"start":{"line":42,"column":6},"end":{"line":44,"column":8}},"15":{"start":{"line":47,"column":4},"end":{"line":52,"column":5}},"16":{"start":{"line":48,"column":6},"end":{"line":51,"column":8}},"17":{"start":{"line":54,"column":25},"end":{"line":63,"column":6}},"18":{"start":{"line":65,"column":20},"end":{"line":73,"column":6}},"19":{"start":{"line":75,"column":4},"end":{"line":75,"column":72}},"20":{"start":{"line":75,"column":18},"end":{"line":75,"column":72}},"21":{"start":{"line":77,"column":20},"end":{"line":77,"column":41}},"22":{"start":{"line":78,"column":21},"end":{"line":78,"column":76}},"23":{"start":{"line":79,"column":18},"end":{"line":79,"column":47}},"24":{"start":{"line":83,"column":20},"end":{"line":113,"column":6}},"25":{"start":{"line":84,"column":6},"end":{"line":84,"column":84}},"26":{"start":{"line":85,"column":6},"end":{"line":112,"column":9}},"27":{"start":{"line":115,"column":4},"end":{"line":131,"column":5}},"28":{"start":{"line":116,"column":6},"end":{"line":130,"column":9}},"29":{"start":{"line":133,"column":4},"end":{"line":133,"column":67}},"30":{"start":{"line":135,"column":33},"end":{"line":140,"column":6}},"31":{"start":{"line":141,"column":4},"end":{"line":153,"column":5}},"32":{"start":{"line":142,"column":6},"end":{"line":152,"column":9}},"33":{"start":{"line":157,"column":25},"end":{"line":157,"column":78}},"34":{"start":{"line":158,"column":4},"end":{"line":163,"column":5}},"35":{"start":{"line":159,"column":6},"end":{"line":162,"column":8}},"36":{"start":{"line":160,"column":14},"end":{"line":160,"column":77}},"37":{"start":{"line":165,"column":4},"end":{"line":165,"column":19}},"38":{"start":{"line":169,"column":17},"end":{"line":169,"column":47}},"39":{"start":{"line":170,"column":4},"end":{"line":175,"column":5}},"40":{"start":{"line":171,"column":6},"end":{"line":174,"column":8}},"41":{"start":{"line":177,"column":26},"end":{"line":177,"column":53}},"42":{"start":{"line":178,"column":48},"end":{"line":215,"column":6}},"43":{"start":{"line":217,"column":27},"end":{"line":246,"column":6}},"44":{"start":{"line":248,"column":4},"end":{"line":254,"column":6}},"45":{"start":{"line":259,"column":6},"end":{"line":259,"column":77}},"46":{"start":{"line":261,"column":4},"end":{"line":266,"column":5}},"47":{"start":{"line":262,"column":6},"end":{"line":265,"column":8}},"48":{"start":{"line":269,"column":6},"end":{"line":269,"column":77}},"49":{"start":{"line":270,"column":4},"end":{"line":275,"column":5}},"50":{"start":{"line":271,"column":6},"end":{"line":274,"column":8}},"51":{"start":{"line":276,"column":32},"end":{"line":276,"column":50}},"52":{"start":{"line":278,"column":21},"end":{"line":299,"column":44}},"53":{"start":{"line":301,"column":17},"end":{"line":301,"column":37}},"54":{"start":{"line":302,"column":18},"end":{"line":305,"column":null}},"55":{"start":{"line":308,"column":48},"end":{"line":325,"column":6}},"56":{"start":{"line":327,"column":25},"end":{"line":351,"column":6}},"57":{"start":{"line":353,"column":23},"end":{"line":353,"column":73}},"58":{"start":{"line":353,"column":59},"end":{"line":353,"column":70}},"59":{"start":{"line":354,"column":54},"end":{"line":366,"column":6}},"60":{"start":{"line":368,"column":6},"end":{"line":374,"column":12}},"61":{"start":{"line":375,"column":22},"end":{"line":376,"column":null}},"62":{"start":{"line":376,"column":30},"end":{"line":376,"column":56}},"63":{"start":{"line":379,"column":4},"end":{"line":390,"column":6}},"64":{"start":{"line":383,"column":38},"end":{"line":389,"column":8}},"65":{"start":{"line":394,"column":24},"end":{"line":410,"column":6}},"66":{"start":{"line":411,"column":4},"end":{"line":411,"column":73}},"67":{"start":{"line":411,"column":22},"end":{"line":411,"column":73}},"68":{"start":{"line":413,"column":24},"end":{"line":419,"column":6}},"69":{"start":{"line":421,"column":4},"end":{"line":424,"column":6}},"70":{"start":{"line":432,"column":24},"end":{"line":432,"column":74}},"71":{"start":{"line":434,"column":4},"end":{"line":438,"column":5}},"72":{"start":{"line":435,"column":6},"end":{"line":437,"column":8}},"73":{"start":{"line":440,"column":20},"end":{"line":447,"column":6}},"74":{"start":{"line":449,"column":4},"end":{"line":467,"column":5}},"75":{"start":{"line":450,"column":6},"end":{"line":466,"column":9}},"76":{"start":{"line":470,"column":4},"end":{"line":482,"column":5}},"77":{"start":{"line":471,"column":6},"end":{"line":478,"column":32}},"78":{"start":{"line":478,"column":21},"end":{"line":478,"column":30}},"79":{"start":{"line":479,"column":6},"end":{"line":481,"column":32}},"80":{"start":{"line":481,"column":21},"end":{"line":481,"column":30}},"81":{"start":{"line":484,"column":4},"end":{"line":484,"column":19}},"82":{"start":{"line":492,"column":24},"end":{"line":492,"column":74}},"83":{"start":{"line":493,"column":4},"end":{"line":497,"column":5}},"84":{"start":{"line":494,"column":6},"end":{"line":496,"column":8}},"85":{"start":{"line":499,"column":25},"end":{"line":502,"column":6}},"86":{"start":{"line":504,"column":20},"end":{"line":504,"column":41}},"87":{"start":{"line":505,"column":18},"end":{"line":505,"column":66}},"88":{"start":{"line":506,"column":4},"end":{"line":511,"column":6}},"89":{"start":{"line":513,"column":20},"end":{"line":526,"column":6}},"90":{"start":{"line":529,"column":4},"end":{"line":531,"column":30}},"91":{"start":{"line":531,"column":19},"end":{"line":531,"column":28}},"92":{"start":{"line":535,"column":31},"end":{"line":537,"column":null}},"93":{"start":{"line":539,"column":4},"end":{"line":547,"column":5}},"94":{"start":{"line":540,"column":6},"end":{"line":546,"column":8}},"95":{"start":{"line":542,"column":10},"end":{"line":544,"column":35}},"96":{"start":{"line":544,"column":25},"end":{"line":544,"column":34}},"97":{"start":{"line":549,"column":4},"end":{"line":549,"column":19}},"98":{"start":{"line":557,"column":24},"end":{"line":557,"column":74}},"99":{"start":{"line":559,"column":4},"end":{"line":561,"column":5}},"100":{"start":{"line":560,"column":6},"end":{"line":560,"column":25}},"101":{"start":{"line":563,"column":20},"end":{"line":571,"column":6}},"102":{"start":{"line":573,"column":4},"end":{"line":575,"column":6}},"103":{"start":{"line":577,"column":4},"end":{"line":589,"column":7}},"104":{"start":{"line":591,"column":4},"end":{"line":591,"column":19}},"105":{"start":{"line":595,"column":24},"end":{"line":600,"column":6}},"106":{"start":{"line":601,"column":4},"end":{"line":601,"column":73}},"107":{"start":{"line":601,"column":22},"end":{"line":601,"column":73}},"108":{"start":{"line":602,"column":4},"end":{"line":602,"column":23}},"109":{"start":{"line":609,"column":4},"end":{"line":616,"column":5}},"110":{"start":{"line":610,"column":6},"end":{"line":615,"column":8}},"111":{"start":{"line":617,"column":4},"end":{"line":617,"column":50}},"112":{"start":{"line":624,"column":25},"end":{"line":627,"column":6}},"113":{"start":{"line":629,"column":4},"end":{"line":631,"column":5}},"114":{"start":{"line":630,"column":6},"end":{"line":630,"column":76}},"115":{"start":{"line":638,"column":22},"end":{"line":638,"column":51}},"116":{"start":{"line":639,"column":18},"end":{"line":641,"column":6}},"117":{"start":{"line":643,"column":4},"end":{"line":647,"column":5}},"118":{"start":{"line":644,"column":6},"end":{"line":646,"column":8}},"119":{"start":{"line":657,"column":19},"end":{"line":657,"column":40}},"120":{"start":{"line":658,"column":24},"end":{"line":662,"column":null}},"121":{"start":{"line":664,"column":29},"end":{"line":671,"column":6}},"122":{"start":{"line":673,"column":4},"end":{"line":680,"column":5}},"123":{"start":{"line":677,"column":6},"end":{"line":679,"column":8}},"124":{"start":{"line":689,"column":19},"end":{"line":689,"column":40}},"125":{"start":{"line":691,"column":23},"end":{"line":691,"column":64}},"126":{"start":{"line":692,"column":4},"end":{"line":692,"column":39}},"127":{"start":{"line":694,"column":25},"end":{"line":700,"column":6}},"128":{"start":{"line":702,"column":4},"end":{"line":719,"column":5}},"129":{"start":{"line":703,"column":6},"end":{"line":707,"column":7}},"130":{"start":{"line":704,"column":8},"end":{"line":706,"column":10}},"131":{"start":{"line":708,"column":6},"end":{"line":718,"column":8}},"132":{"start":{"line":713,"column":52},"end":{"line":716,"column":12}},"133":{"start":{"line":721,"column":19},"end":{"line":729,"column":6}},"134":{"start":{"line":731,"column":4},"end":{"line":735,"column":5}},"135":{"start":{"line":732,"column":6},"end":{"line":734,"column":8}},"136":{"start":{"line":737,"column":4},"end":{"line":742,"column":6}},"137":{"start":{"line":755,"column":26},"end":{"line":759,"column":6}},"138":{"start":{"line":756,"column":25},"end":{"line":756,"column":69}},"139":{"start":{"line":757,"column":23},"end":{"line":757,"column":65}},"140":{"start":{"line":758,"column":6},"end":{"line":758,"column":56}},"141":{"start":{"line":761,"column":4},"end":{"line":765,"column":5}},"142":{"start":{"line":762,"column":6},"end":{"line":764,"column":8}},"143":{"start":{"line":767,"column":20},"end":{"line":767,"column":43}},"144":{"start":{"line":768,"column":4},"end":{"line":770,"column":6}},"145":{"start":{"line":774,"column":39},"end":{"line":774,"column":54}},"146":{"start":{"line":775,"column":17},"end":{"line":775,"column":35}},"147":{"start":{"line":776,"column":19},"end":{"line":776,"column":39}},"148":{"start":{"line":777,"column":17},"end":{"line":777,"column":35}},"149":{"start":{"line":778,"column":4},"end":{"line":778,"column":45}},"150":{"start":{"line":779,"column":4},"end":{"line":779,"column":16}},"151":{"start":{"line":783,"column":4},"end":{"line":788,"column":7}},"152":{"start":{"line":792,"column":41},"end":{"line":800,"column":6}},"153":{"start":{"line":802,"column":22},"end":{"line":802,"column":60}},"154":{"start":{"line":803,"column":4},"end":{"line":803,"column":56}},"155":{"start":{"line":27,"column":13},"end":{"line":27,"column":32}},"156":{"start":{"line":27,"column":13},"end":{"line":805,"column":null}}},"fnMap":{"0":{"name":"(anonymous_2)","decl":{"start":{"line":30,"column":2},"end":{"line":30,"column":null}},"loc":{"start":{"line":33,"column":56},"end":{"line":34,"column":6}}},"1":{"name":"(anonymous_3)","decl":{"start":{"line":36,"column":2},"end":{"line":36,"column":7}},"loc":{"start":{"line":36,"column":60},"end":{"line":166,"column":3}}},"2":{"name":"(anonymous_4)","decl":{"start":{"line":83,"column":51},"end":{"line":83,"column":56}},"loc":{"start":{"line":83,"column":64},"end":{"line":113,"column":5}}},"3":{"name":"(anonymous_5)","decl":{"start":{"line":160,"column":8},"end":{"line":160,"column":11}},"loc":{"start":{"line":160,"column":14},"end":{"line":160,"column":77}}},"4":{"name":"(anonymous_6)","decl":{"start":{"line":168,"column":2},"end":{"line":168,"column":7}},"loc":{"start":{"line":168,"column":59},"end":{"line":255,"column":3}}},"5":{"name":"(anonymous_7)","decl":{"start":{"line":257,"column":2},"end":{"line":257,"column":7}},"loc":{"start":{"line":257,"column":60},"end":{"line":391,"column":3}}},"6":{"name":"(anonymous_8)","decl":{"start":{"line":353,"column":52},"end":{"line":353,"column":53}},"loc":{"start":{"line":353,"column":59},"end":{"line":353,"column":70}}},"7":{"name":"(anonymous_9)","decl":{"start":{"line":376,"column":23},"end":{"line":376,"column":24}},"loc":{"start":{"line":376,"column":30},"end":{"line":376,"column":56}}},"8":{"name":"(anonymous_10)","decl":{"start":{"line":383,"column":30},"end":{"line":383,"column":31}},"loc":{"start":{"line":383,"column":38},"end":{"line":389,"column":8}}},"9":{"name":"(anonymous_11)","decl":{"start":{"line":393,"column":2},"end":{"line":393,"column":7}},"loc":{"start":{"line":393,"column":56},"end":{"line":425,"column":3}}},"10":{"name":"(anonymous_12)","decl":{"start":{"line":427,"column":2},"end":{"line":427,"column":7}},"loc":{"start":{"line":430,"column":35},"end":{"line":485,"column":3}}},"11":{"name":"(anonymous_13)","decl":{"start":{"line":478,"column":15},"end":{"line":478,"column":18}},"loc":{"start":{"line":478,"column":21},"end":{"line":478,"column":30}}},"12":{"name":"(anonymous_14)","decl":{"start":{"line":481,"column":15},"end":{"line":481,"column":18}},"loc":{"start":{"line":481,"column":21},"end":{"line":481,"column":30}}},"13":{"name":"(anonymous_15)","decl":{"start":{"line":487,"column":2},"end":{"line":487,"column":7}},"loc":{"start":{"line":490,"column":33},"end":{"line":550,"column":3}}},"14":{"name":"(anonymous_16)","decl":{"start":{"line":531,"column":13},"end":{"line":531,"column":16}},"loc":{"start":{"line":531,"column":19},"end":{"line":531,"column":28}}},"15":{"name":"(anonymous_17)","decl":{"start":{"line":541,"column":8},"end":{"line":541,"column":11}},"loc":{"start":{"line":542,"column":10},"end":{"line":544,"column":35}}},"16":{"name":"(anonymous_18)","decl":{"start":{"line":544,"column":19},"end":{"line":544,"column":22}},"loc":{"start":{"line":544,"column":25},"end":{"line":544,"column":34}}},"17":{"name":"(anonymous_19)","decl":{"start":{"line":552,"column":2},"end":{"line":552,"column":7}},"loc":{"start":{"line":555,"column":29},"end":{"line":592,"column":3}}},"18":{"name":"(anonymous_20)","decl":{"start":{"line":594,"column":10},"end":{"line":594,"column":15}},"loc":{"start":{"line":594,"column":77},"end":{"line":603,"column":3}}},"19":{"name":"(anonymous_21)","decl":{"start":{"line":605,"column":10},"end":{"line":605,"column":38}},"loc":{"start":{"line":607,"column":42},"end":{"line":618,"column":3}}},"20":{"name":"(anonymous_22)","decl":{"start":{"line":620,"column":10},"end":{"line":620,"column":15}},"loc":{"start":{"line":622,"column":26},"end":{"line":632,"column":3}}},"21":{"name":"(anonymous_23)","decl":{"start":{"line":634,"column":10},"end":{"line":634,"column":15}},"loc":{"start":{"line":636,"column":26},"end":{"line":648,"column":3}}},"22":{"name":"(anonymous_24)","decl":{"start":{"line":650,"column":10},"end":{"line":650,"column":15}},"loc":{"start":{"line":655,"column":16},"end":{"line":681,"column":3}}},"23":{"name":"(anonymous_25)","decl":{"start":{"line":683,"column":10},"end":{"line":683,"column":15}},"loc":{"start":{"line":687,"column":16},"end":{"line":743,"column":3}}},"24":{"name":"(anonymous_26)","decl":{"start":{"line":713,"column":42},"end":{"line":713,"column":43}},"loc":{"start":{"line":713,"column":52},"end":{"line":716,"column":12}}},"25":{"name":"(anonymous_27)","decl":{"start":{"line":745,"column":10},"end":{"line":745,"column":32}},"loc":{"start":{"line":753,"column":39},"end":{"line":771,"column":3}}},"26":{"name":"(anonymous_28)","decl":{"start":{"line":755,"column":38},"end":{"line":755,"column":39}},"loc":{"start":{"line":755,"column":48},"end":{"line":759,"column":5}}},"27":{"name":"(anonymous_29)","decl":{"start":{"line":773,"column":10},"end":{"line":773,"column":23}},"loc":{"start":{"line":773,"column":52},"end":{"line":780,"column":3}}},"28":{"name":"(anonymous_30)","decl":{"start":{"line":782,"column":10},"end":{"line":782,"column":19}},"loc":{"start":{"line":782,"column":30},"end":{"line":789,"column":3}}},"29":{"name":"(anonymous_31)","decl":{"start":{"line":791,"column":10},"end":{"line":791,"column":23}},"loc":{"start":{"line":791,"column":34},"end":{"line":804,"column":3}}}},"branchMap":{"0":{"loc":{"start":{"line":39,"column":6},"end":{"line":39,"column":75}},"type":"cond-expr","locations":[{"start":{"line":39,"column":36},"end":{"line":39,"column":54}},{"start":{"line":39,"column":57},"end":{"line":39,"column":75}}]},"1":{"loc":{"start":{"line":41,"column":4},"end":{"line":45,"column":5}},"type":"if","locations":[{"start":{"line":41,"column":4},"end":{"line":45,"column":5}},{"start":{},"end":{}}]},"2":{"loc":{"start":{"line":47,"column":4},"end":{"line":52,"column":5}},"type":"if","locations":[{"start":{"line":47,"column":4},"end":{"line":52,"column":5}},{"start":{},"end":{}}]},"3":{"loc":{"start":{"line":69,"column":12},"end":{"line":71,"column":30}},"type":"cond-expr","locations":[{"start":{"line":70,"column":12},"end":{"line":70,"column":50}},{"start":{"line":71,"column":12},"end":{"line":71,"column":30}}]},"4":{"loc":{"start":{"line":69,"column":12},"end":{"line":69,"column":71}},"type":"binary-expr","locations":[{"start":{"line":69,"column":12},"end":{"line":69,"column":39}},{"start":{"line":69,"column":43},"end":{"line":69,"column":71}}]},"5":{"loc":{"start":{"line":75,"column":4},"end":{"line":75,"column":72}},"type":"if","locations":[{"start":{"line":75,"column":4},"end":{"line":75,"column":72}},{"start":{},"end":{}}]},"6":{"loc":{"start":{"line":78,"column":21},"end":{"line":78,"column":76}},"type":"binary-expr","locations":[{"start":{"line":78,"column":21},"end":{"line":78,"column":40}},{"start":{"line":78,"column":44},"end":{"line":78,"column":76}}]},"7":{"loc":{"start":{"line":88,"column":26},"end":{"line":88,"column":61}},"type":"binary-expr","locations":[{"start":{"line":88,"column":26},"end":{"line":88,"column":53}},{"start":{"line":88,"column":57},"end":{"line":88,"column":61}}]},"8":{"loc":{"start":{"line":94,"column":34},"end":{"line":94,"column":69}},"type":"binary-expr","locations":[{"start":{"line":94,"column":34},"end":{"line":94,"column":41}},{"start":{"line":94,"column":45},"end":{"line":94,"column":69}}]},"9":{"loc":{"start":{"line":96,"column":20},"end":{"line":96,"column":66}},"type":"binary-expr","locations":[{"start":{"line":96,"column":20},"end":{"line":96,"column":32}},{"start":{"line":96,"column":36},"end":{"line":96,"column":66}}]},"10":{"loc":{"start":{"line":115,"column":4},"end":{"line":131,"column":5}},"type":"if","locations":[{"start":{"line":115,"column":4},"end":{"line":131,"column":5}},{"start":{},"end":{}}]},"11":{"loc":{"start":{"line":120,"column":26},"end":{"line":120,"column":61}},"type":"binary-expr","locations":[{"start":{"line":120,"column":26},"end":{"line":120,"column":53}},{"start":{"line":120,"column":57},"end":{"line":120,"column":61}}]},"12":{"loc":{"start":{"line":127,"column":26},"end":{"line":127,"column":61}},"type":"binary-expr","locations":[{"start":{"line":127,"column":26},"end":{"line":127,"column":53}},{"start":{"line":127,"column":57},"end":{"line":127,"column":61}}]},"13":{"loc":{"start":{"line":141,"column":4},"end":{"line":153,"column":5}},"type":"if","locations":[{"start":{"line":141,"column":4},"end":{"line":153,"column":5}},{"start":{},"end":{}}]},"14":{"loc":{"start":{"line":144,"column":24},"end":{"line":144,"column":64}},"type":"binary-expr","locations":[{"start":{"line":144,"column":24},"end":{"line":144,"column":51}},{"start":{"line":144,"column":55},"end":{"line":144,"column":64}}]},"15":{"loc":{"start":{"line":147,"column":14},"end":{"line":147,"column":65}},"type":"cond-expr","locations":[{"start":{"line":147,"column":30},"end":{"line":147,"column":53}},{"start":{"line":147,"column":56},"end":{"line":147,"column":65}}]},"16":{"loc":{"start":{"line":158,"column":4},"end":{"line":163,"column":5}},"type":"if","locations":[{"start":{"line":158,"column":4},"end":{"line":163,"column":5}},{"start":{},"end":{}}]},"17":{"loc":{"start":{"line":170,"column":4},"end":{"line":175,"column":5}},"type":"if","locations":[{"start":{"line":170,"column":4},"end":{"line":175,"column":5}},{"start":{},"end":{}}]},"18":{"loc":{"start":{"line":170,"column":8},"end":{"line":170,"column":59}},"type":"binary-expr","locations":[{"start":{"line":170,"column":8},"end":{"line":170,"column":35}},{"start":{"line":170,"column":39},"end":{"line":170,"column":59}}]},"19":{"loc":{"start":{"line":180,"column":10},"end":{"line":180,"column":70}},"type":"cond-expr","locations":[{"start":{"line":180,"column":33},"end":{"line":180,"column":65}},{"start":{"line":180,"column":68},"end":{"line":180,"column":70}}]},"20":{"loc":{"start":{"line":181,"column":10},"end":{"line":181,"column":63}},"type":"cond-expr","locations":[{"start":{"line":181,"column":28},"end":{"line":181,"column":58}},{"start":{"line":181,"column":61},"end":{"line":181,"column":63}}]},"21":{"loc":{"start":{"line":182,"column":10},"end":{"line":189,"column":12}},"type":"cond-expr","locations":[{"start":{"line":183,"column":10},"end":{"line":188,"column":null}},{"start":{"line":189,"column":10},"end":{"line":189,"column":12}}]},"22":{"loc":{"start":{"line":182,"column":10},"end":{"line":182,"column":32}},"type":"binary-expr","locations":[{"start":{"line":182,"column":10},"end":{"line":182,"column":20}},{"start":{"line":182,"column":24},"end":{"line":182,"column":32}}]},"23":{"loc":{"start":{"line":185,"column":18},"end":{"line":185,"column":65}},"type":"cond-expr","locations":[{"start":{"line":185,"column":31},"end":{"line":185,"column":60}},{"start":{"line":185,"column":63},"end":{"line":185,"column":65}}]},"24":{"loc":{"start":{"line":186,"column":18},"end":{"line":186,"column":61}},"type":"cond-expr","locations":[{"start":{"line":186,"column":29},"end":{"line":186,"column":56}},{"start":{"line":186,"column":59},"end":{"line":186,"column":61}}]},"25":{"loc":{"start":{"line":190,"column":10},"end":{"line":214,"column":12}},"type":"cond-expr","locations":[{"start":{"line":191,"column":10},"end":{"line":213,"column":null}},{"start":{"line":214,"column":10},"end":{"line":214,"column":12}}]},"26":{"loc":{"start":{"line":232,"column":14},"end":{"line":242,"column":16}},"type":"cond-expr","locations":[{"start":{"line":233,"column":14},"end":{"line":241,"column":null}},{"start":{"line":242,"column":14},"end":{"line":242,"column":16}}]},"27":{"loc":{"start":{"line":253,"column":18},"end":{"line":253,"column":53}},"type":"binary-expr","locations":[{"start":{"line":253,"column":18},"end":{"line":253,"column":48}},{"start":{"line":253,"column":52},"end":{"line":253,"column":53}}]},"28":{"loc":{"start":{"line":259,"column":6},"end":{"line":259,"column":77}},"type":"cond-expr","locations":[{"start":{"line":259,"column":36},"end":{"line":259,"column":56}},{"start":{"line":259,"column":59},"end":{"line":259,"column":77}}]},"29":{"loc":{"start":{"line":261,"column":4},"end":{"line":266,"column":5}},"type":"if","locations":[{"start":{"line":261,"column":4},"end":{"line":266,"column":5}},{"start":{},"end":{}}]},"30":{"loc":{"start":{"line":261,"column":8},"end":{"line":261,"column":53}},"type":"binary-expr","locations":[{"start":{"line":261,"column":8},"end":{"line":261,"column":35}},{"start":{"line":261,"column":39},"end":{"line":261,"column":53}}]},"31":{"loc":{"start":{"line":269,"column":6},"end":{"line":269,"column":77}},"type":"binary-expr","locations":[{"start":{"line":269,"column":6},"end":{"line":269,"column":33}},{"start":{"line":269,"column":37},"end":{"line":269,"column":77}}]},"32":{"loc":{"start":{"line":269,"column":38},"end":{"line":269,"column":72}},"type":"binary-expr","locations":[{"start":{"line":269,"column":38},"end":{"line":269,"column":67}},{"start":{"line":269,"column":71},"end":{"line":269,"column":72}}]},"33":{"loc":{"start":{"line":270,"column":4},"end":{"line":275,"column":5}},"type":"if","locations":[{"start":{"line":270,"column":4},"end":{"line":275,"column":5}},{"start":{},"end":{}}]},"34":{"loc":{"start":{"line":270,"column":8},"end":{"line":270,"column":68}},"type":"binary-expr","locations":[{"start":{"line":270,"column":8},"end":{"line":270,"column":35}},{"start":{"line":270,"column":39},"end":{"line":270,"column":68}}]},"35":{"loc":{"start":{"line":278,"column":21},"end":{"line":299,"column":44}},"type":"cond-expr","locations":[{"start":{"line":279,"column":8},"end":{"line":284,"column":18}},{"start":{"line":285,"column":8},"end":{"line":299,"column":44}}]},"36":{"loc":{"start":{"line":285,"column":8},"end":{"line":299,"column":44}},"type":"cond-expr","locations":[{"start":{"line":286,"column":10},"end":{"line":291,"column":20}},{"start":{"line":292,"column":10},"end":{"line":299,"column":44}}]},"37":{"loc":{"start":{"line":285,"column":8},"end":{"line":285,"column":53}},"type":"binary-expr","locations":[{"start":{"line":285,"column":8},"end":{"line":285,"column":22}},{"start":{"line":285,"column":26},"end":{"line":285,"column":53}}]},"38":{"loc":{"start":{"line":292,"column":10},"end":{"line":299,"column":44}},"type":"cond-expr","locations":[{"start":{"line":293,"column":12},"end":{"line":298,"column":22}},{"start":{"line":299,"column":12},"end":{"line":299,"column":44}}]},"39":{"loc":{"start":{"line":303,"column":6},"end":{"line":303,"column":26}},"type":"binary-expr","locations":[{"start":{"line":303,"column":6},"end":{"line":303,"column":16}},{"start":{"line":303,"column":20},"end":{"line":303,"column":26}}]},"40":{"loc":{"start":{"line":310,"column":8},"end":{"line":310,"column":68}},"type":"cond-expr","locations":[{"start":{"line":310,"column":38},"end":{"line":310,"column":56}},{"start":{"line":310,"column":59},"end":{"line":310,"column":68}}]},"41":{"loc":{"start":{"line":311,"column":22},"end":{"line":315,"column":30}},"type":"cond-expr","locations":[{"start":{"line":312,"column":10},"end":{"line":312,"column":19}},{"start":{"line":313,"column":10},"end":{"line":315,"column":30}}]},"42":{"loc":{"start":{"line":313,"column":10},"end":{"line":315,"column":30}},"type":"cond-expr","locations":[{"start":{"line":314,"column":12},"end":{"line":314,"column":26}},{"start":{"line":315,"column":12},"end":{"line":315,"column":30}}]},"43":{"loc":{"start":{"line":316,"column":10},"end":{"line":318,"column":12}},"type":"cond-expr","locations":[{"start":{"line":317,"column":10},"end":{"line":317,"column":59}},{"start":{"line":318,"column":10},"end":{"line":318,"column":12}}]},"44":{"loc":{"start":{"line":316,"column":10},"end":{"line":316,"column":73}},"type":"binary-expr","locations":[{"start":{"line":316,"column":10},"end":{"line":316,"column":29}},{"start":{"line":316,"column":33},"end":{"line":316,"column":73}}]},"45":{"loc":{"start":{"line":316,"column":34},"end":{"line":316,"column":68}},"type":"binary-expr","locations":[{"start":{"line":316,"column":34},"end":{"line":316,"column":63}},{"start":{"line":316,"column":67},"end":{"line":316,"column":68}}]},"46":{"loc":{"start":{"line":323,"column":10},"end":{"line":323,"column":70}},"type":"cond-expr","locations":[{"start":{"line":323,"column":33},"end":{"line":323,"column":65}},{"start":{"line":323,"column":68},"end":{"line":323,"column":70}}]},"47":{"loc":{"start":{"line":324,"column":10},"end":{"line":324,"column":63}},"type":"cond-expr","locations":[{"start":{"line":324,"column":28},"end":{"line":324,"column":58}},{"start":{"line":324,"column":61},"end":{"line":324,"column":63}}]},"48":{"loc":{"start":{"line":338,"column":12},"end":{"line":348,"column":14}},"type":"cond-expr","locations":[{"start":{"line":339,"column":12},"end":{"line":347,"column":null}},{"start":{"line":348,"column":12},"end":{"line":348,"column":14}}]},"49":{"loc":{"start":{"line":357,"column":8},"end":{"line":359,"column":21}},"type":"cond-expr","locations":[{"start":{"line":358,"column":13},"end":{"line":358,"column":40}},{"start":{"line":359,"column":12},"end":{"line":359,"column":21}}]},"50":{"loc":{"start":{"line":357,"column":8},"end":{"line":357,"column":59}},"type":"binary-expr","locations":[{"start":{"line":357,"column":8},"end":{"line":357,"column":35}},{"start":{"line":357,"column":39},"end":{"line":357,"column":59}}]},"51":{"loc":{"start":{"line":358,"column":13},"end":{"line":358,"column":40}},"type":"binary-expr","locations":[{"start":{"line":358,"column":13},"end":{"line":358,"column":27}},{"start":{"line":358,"column":31},"end":{"line":358,"column":40}}]},"52":{"loc":{"start":{"line":361,"column":10},"end":{"line":363,"column":12}},"type":"cond-expr","locations":[{"start":{"line":362,"column":10},"end":{"line":362,"column":59}},{"start":{"line":363,"column":10},"end":{"line":363,"column":12}}]},"53":{"loc":{"start":{"line":361,"column":10},"end":{"line":361,"column":73}},"type":"binary-expr","locations":[{"start":{"line":361,"column":10},"end":{"line":361,"column":29}},{"start":{"line":361,"column":33},"end":{"line":361,"column":73}}]},"54":{"loc":{"start":{"line":361,"column":34},"end":{"line":361,"column":68}},"type":"binary-expr","locations":[{"start":{"line":361,"column":34},"end":{"line":361,"column":63}},{"start":{"line":361,"column":67},"end":{"line":361,"column":68}}]},"55":{"loc":{"start":{"line":368,"column":6},"end":{"line":374,"column":12}},"type":"cond-expr","locations":[{"start":{"line":369,"column":10},"end":{"line":373,"column":12}},{"start":{"line":374,"column":10},"end":{"line":374,"column":12}}]},"56":{"loc":{"start":{"line":380,"column":12},"end":{"line":380,"column":32}},"type":"binary-expr","locations":[{"start":{"line":380,"column":12},"end":{"line":380,"column":22}},{"start":{"line":380,"column":26},"end":{"line":380,"column":32}}]},"57":{"loc":{"start":{"line":387,"column":23},"end":{"line":387,"column":54}},"type":"binary-expr","locations":[{"start":{"line":387,"column":23},"end":{"line":387,"column":49}},{"start":{"line":387,"column":53},"end":{"line":387,"column":54}}]},"58":{"loc":{"start":{"line":411,"column":4},"end":{"line":411,"column":73}},"type":"if","locations":[{"start":{"line":411,"column":4},"end":{"line":411,"column":73}},{"start":{},"end":{}}]},"59":{"loc":{"start":{"line":434,"column":4},"end":{"line":438,"column":5}},"type":"if","locations":[{"start":{"line":434,"column":4},"end":{"line":438,"column":5}},{"start":{},"end":{}}]},"60":{"loc":{"start":{"line":445,"column":10},"end":{"line":445,"column":71}},"type":"cond-expr","locations":[{"start":{"line":445,"column":54},"end":{"line":445,"column":64}},{"start":{"line":445,"column":67},"end":{"line":445,"column":71}}]},"61":{"loc":{"start":{"line":449,"column":4},"end":{"line":467,"column":5}},"type":"if","locations":[{"start":{"line":449,"column":4},"end":{"line":467,"column":5}},{"start":{},"end":{}}]},"62":{"loc":{"start":{"line":454,"column":26},"end":{"line":454,"column":60}},"type":"binary-expr","locations":[{"start":{"line":454,"column":26},"end":{"line":454,"column":52}},{"start":{"line":454,"column":56},"end":{"line":454,"column":60}}]},"63":{"loc":{"start":{"line":458,"column":25},"end":{"line":458,"column":50}},"type":"binary-expr","locations":[{"start":{"line":458,"column":25},"end":{"line":458,"column":42}},{"start":{"line":458,"column":46},"end":{"line":458,"column":50}}]},"64":{"loc":{"start":{"line":461,"column":26},"end":{"line":461,"column":60}},"type":"binary-expr","locations":[{"start":{"line":461,"column":26},"end":{"line":461,"column":52}},{"start":{"line":461,"column":56},"end":{"line":461,"column":60}}]},"65":{"loc":{"start":{"line":464,"column":25},"end":{"line":464,"column":55}},"type":"binary-expr","locations":[{"start":{"line":464,"column":25},"end":{"line":464,"column":42}},{"start":{"line":464,"column":46},"end":{"line":464,"column":55}}]},"66":{"loc":{"start":{"line":470,"column":4},"end":{"line":482,"column":5}},"type":"if","locations":[{"start":{"line":470,"column":4},"end":{"line":482,"column":5}},{"start":{},"end":{}}]},"67":{"loc":{"start":{"line":493,"column":4},"end":{"line":497,"column":5}},"type":"if","locations":[{"start":{"line":493,"column":4},"end":{"line":497,"column":5}},{"start":{},"end":{}}]},"68":{"loc":{"start":{"line":518,"column":16},"end":{"line":518,"column":48}},"type":"binary-expr","locations":[{"start":{"line":518,"column":16},"end":{"line":518,"column":26}},{"start":{"line":518,"column":30},"end":{"line":518,"column":48}}]},"69":{"loc":{"start":{"line":539,"column":4},"end":{"line":547,"column":5}},"type":"if","locations":[{"start":{"line":539,"column":4},"end":{"line":547,"column":5}},{"start":{},"end":{}}]},"70":{"loc":{"start":{"line":559,"column":4},"end":{"line":561,"column":5}},"type":"if","locations":[{"start":{"line":559,"column":4},"end":{"line":561,"column":5}},{"start":{},"end":{}}]},"71":{"loc":{"start":{"line":568,"column":16},"end":{"line":568,"column":48}},"type":"binary-expr","locations":[{"start":{"line":568,"column":16},"end":{"line":568,"column":26}},{"start":{"line":568,"column":30},"end":{"line":568,"column":48}}]},"72":{"loc":{"start":{"line":579,"column":22},"end":{"line":579,"column":61}},"type":"binary-expr","locations":[{"start":{"line":579,"column":22},"end":{"line":579,"column":48}},{"start":{"line":579,"column":52},"end":{"line":579,"column":61}}]},"73":{"loc":{"start":{"line":582,"column":12},"end":{"line":584,"column":46}},"type":"cond-expr","locations":[{"start":{"line":583,"column":10},"end":{"line":583,"column":33}},{"start":{"line":584,"column":10},"end":{"line":584,"column":46}}]},"74":{"loc":{"start":{"line":588,"column":26},"end":{"line":588,"column":44}},"type":"binary-expr","locations":[{"start":{"line":588,"column":26},"end":{"line":588,"column":36}},{"start":{"line":588,"column":40},"end":{"line":588,"column":44}}]},"75":{"loc":{"start":{"line":601,"column":4},"end":{"line":601,"column":73}},"type":"if","locations":[{"start":{"line":601,"column":4},"end":{"line":601,"column":73}},{"start":{},"end":{}}]},"76":{"loc":{"start":{"line":609,"column":4},"end":{"line":616,"column":5}},"type":"if","locations":[{"start":{"line":609,"column":4},"end":{"line":616,"column":5}},{"start":{},"end":{}}]},"77":{"loc":{"start":{"line":612,"column":12},"end":{"line":614,"column":14}},"type":"cond-expr","locations":[{"start":{"line":613,"column":12},"end":{"line":613,"column":54}},{"start":{"line":614,"column":12},"end":{"line":614,"column":14}}]},"78":{"loc":{"start":{"line":629,"column":4},"end":{"line":631,"column":5}},"type":"if","locations":[{"start":{"line":629,"column":4},"end":{"line":631,"column":5}},{"start":{},"end":{}}]},"79":{"loc":{"start":{"line":643,"column":4},"end":{"line":647,"column":5}},"type":"if","locations":[{"start":{"line":643,"column":4},"end":{"line":647,"column":5}},{"start":{},"end":{}}]},"80":{"loc":{"start":{"line":657,"column":19},"end":{"line":657,"column":40}},"type":"binary-expr","locations":[{"start":{"line":657,"column":19},"end":{"line":657,"column":25}},{"start":{"line":657,"column":29},"end":{"line":657,"column":40}}]},"81":{"loc":{"start":{"line":667,"column":12},"end":{"line":667,"column":76}},"type":"cond-expr","locations":[{"start":{"line":667,"column":35},"end":{"line":667,"column":64}},{"start":{"line":667,"column":67},"end":{"line":667,"column":76}}]},"82":{"loc":{"start":{"line":673,"column":4},"end":{"line":680,"column":5}},"type":"if","locations":[{"start":{"line":673,"column":4},"end":{"line":680,"column":5}},{"start":{},"end":{}}]},"83":{"loc":{"start":{"line":674,"column":6},"end":{"line":675,"column":46}},"type":"binary-expr","locations":[{"start":{"line":674,"column":6},"end":{"line":674,"column":35}},{"start":{"line":675,"column":6},"end":{"line":675,"column":46}}]},"84":{"loc":{"start":{"line":689,"column":19},"end":{"line":689,"column":40}},"type":"binary-expr","locations":[{"start":{"line":689,"column":19},"end":{"line":689,"column":25}},{"start":{"line":689,"column":29},"end":{"line":689,"column":40}}]},"85":{"loc":{"start":{"line":702,"column":4},"end":{"line":719,"column":5}},"type":"if","locations":[{"start":{"line":702,"column":4},"end":{"line":719,"column":5}},{"start":{},"end":{}}]},"86":{"loc":{"start":{"line":703,"column":6},"end":{"line":707,"column":7}},"type":"if","locations":[{"start":{"line":703,"column":6},"end":{"line":707,"column":7}},{"start":{},"end":{}}]},"87":{"loc":{"start":{"line":731,"column":4},"end":{"line":735,"column":5}},"type":"if","locations":[{"start":{"line":731,"column":4},"end":{"line":735,"column":5}},{"start":{},"end":{}}]},"88":{"loc":{"start":{"line":758,"column":13},"end":{"line":758,"column":55}},"type":"binary-expr","locations":[{"start":{"line":758,"column":13},"end":{"line":758,"column":34}},{"start":{"line":758,"column":38},"end":{"line":758,"column":55}}]},"89":{"loc":{"start":{"line":761,"column":4},"end":{"line":765,"column":5}},"type":"if","locations":[{"start":{"line":761,"column":4},"end":{"line":765,"column":5}},{"start":{},"end":{}}]},"90":{"loc":{"start":{"line":769,"column":16},"end":{"line":769,"column":77}},"type":"binary-expr","locations":[{"start":{"line":769,"column":16},"end":{"line":769,"column":43}},{"start":{"line":769,"column":47},"end":{"line":769,"column":69}},{"start":{"line":769,"column":73},"end":{"line":769,"column":77}}]},"91":{"loc":{"start":{"line":803,"column":11},"end":{"line":803,"column":55}},"type":"binary-expr","locations":[{"start":{"line":803,"column":11},"end":{"line":803,"column":37}},{"start":{"line":803,"column":41},"end":{"line":803,"column":55}}]},"92":{"loc":{"start":{"line":31,"column":29},"end":{"line":31,"column":null}},"type":"cond-expr","locations":[{"start":{"line":31,"column":42},"end":{"line":31,"column":null}},{"start":{"line":31,"column":42},"end":{"line":31,"column":null}}]},"93":{"loc":{"start":{"line":31,"column":29},"end":{"line":31,"column":42}},"type":"binary-expr","locations":[{"start":{"line":31,"column":29},"end":{"line":31,"column":null}},{"start":{"line":31,"column":29},"end":{"line":31,"column":42}}]},"94":{"loc":{"start":{"line":31,"column":42},"end":{"line":32,"column":null}},"type":"cond-expr","locations":[{"start":{"line":32,"column":64},"end":{"line":32,"column":null}},{"start":{"line":32,"column":64},"end":{"line":32,"column":null}}]},"95":{"loc":{"start":{"line":31,"column":42},"end":{"line":32,"column":64}},"type":"binary-expr","locations":[{"start":{"line":31,"column":42},"end":{"line":32,"column":null}},{"start":{"line":32,"column":40},"end":{"line":32,"column":64}}]},"96":{"loc":{"start":{"line":32,"column":64},"end":{"line":33,"column":null}},"type":"cond-expr","locations":[{"start":{"line":33,"column":56},"end":{"line":33,"column":null}},{"start":{"line":33,"column":56},"end":{"line":33,"column":null}}]},"97":{"loc":{"start":{"line":32,"column":64},"end":{"line":33,"column":56}},"type":"binary-expr","locations":[{"start":{"line":32,"column":64},"end":{"line":33,"column":null}},{"start":{"line":33,"column":36},"end":{"line":33,"column":56}}]}},"s":{"0":0,"1":0,"2":0,"3":0,"4":0,"5":0,"6":0,"7":0,"8":0,"9":0,"10":0,"11":0,"12":0,"13":0,"14":0,"15":0,"16":0,"17":0,"18":0,"19":0,"20":0,"21":0,"22":0,"23":0,"24":0,"25":0,"26":0,"27":0,"28":0,"29":0,"30":0,"31":0,"32":0,"33":0,"34":0,"35":0,"36":0,"37":0,"38":0,"39":0,"40":0,"41":0,"42":0,"43":0,"44":0,"45":0,"46":0,"47":0,"48":0,"49":0,"50":0,"51":0,"52":0,"53":0,"54":0,"55":0,"56":0,"57":0,"58":0,"59":0,"60":0,"61":0,"62":0,"63":0,"64":0,"65":0,"66":0,"67":0,"68":0,"69":0,"70":0,"71":0,"72":0,"73":0,"74":0,"75":0,"76":0,"77":0,"78":0,"79":0,"80":0,"81":0,"82":0,"83":0,"84":0,"85":0,"86":0,"87":0,"88":0,"89":0,"90":0,"91":0,"92":0,"93":0,"94":0,"95":0,"96":0,"97":0,"98":0,"99":0,"100":0,"101":0,"102":0,"103":0,"104":0,"105":0,"106":0,"107":0,"108":0,"109":0,"110":0,"111":0,"112":0,"113":0,"114":0,"115":0,"116":0,"117":0,"118":0,"119":0,"120":0,"121":0,"122":0,"123":0,"124":0,"125":0,"126":0,"127":0,"128":0,"129":0,"130":0,"131":0,"132":0,"133":0,"134":0,"135":0,"136":0,"137":0,"138":0,"139":0,"140":0,"141":0,"142":0,"143":0,"144":0,"145":0,"146":0,"147":0,"148":0,"149":0,"150":0,"151":0,"152":0,"153":0,"154":0,"155":0,"156":0},"f":{"0":0,"1":0,"2":0,"3":0,"4":0,"5":0,"6":0,"7":0,"8":0,"9":0,"10":0,"11":0,"12":0,"13":0,"14":0,"15":0,"16":0,"17":0,"18":0,"19":0,"20":0,"21":0,"22":0,"23":0,"24":0,"25":0,"26":0,"27":0,"28":0,"29":0},"b":{"0":[0,0],"1":[0,0],"2":[0,0],"3":[0,0],"4":[0,0],"5":[0,0],"6":[0,0],"7":[0,0],"8":[0,0],"9":[0,0],"10":[0,0],"11":[0,0],"12":[0,0],"13":[0,0],"14":[0,0],"15":[0,0],"16":[0,0],"17":[0,0],"18":[0,0],"19":[0,0],"20":[0,0],"21":[0,0],"22":[0,0],"23":[0,0],"24":[0,0],"25":[0,0],"26":[0,0],"27":[0,0],"28":[0,0],"29":[0,0],"30":[0,0],"31":[0,0],"32":[0,0],"33":[0,0],"34":[0,0],"35":[0,0],"36":[0,0],"37":[0,0],"38":[0,0],"39":[0,0],"40":[0,0],"41":[0,0],"42":[0,0],"43":[0,0],"44":[0,0],"45":[0,0],"46":[0,0],"47":[0,0],"48":[0,0],"49":[0,0],"50":[0,0],"51":[0,0],"52":[0,0],"53":[0,0],"54":[0,0],"55":[0,0],"56":[0,0],"57":[0,0],"58":[0,0],"59":[0,0],"60":[0,0],"61":[0,0],"62":[0,0],"63":[0,0],"64":[0,0],"65":[0,0],"66":[0,0],"67":[0,0],"68":[0,0],"69":[0,0],"70":[0,0],"71":[0,0],"72":[0,0],"73":[0,0],"74":[0,0],"75":[0,0],"76":[0,0],"77":[0,0],"78":[0,0],"79":[0,0],"80":[0,0],"81":[0,0],"82":[0,0],"83":[0,0],"84":[0,0],"85":[0,0],"86":[0,0],"87":[0,0],"88":[0,0],"89":[0,0],"90":[0,0,0],"91":[0,0],"92":[0,0],"93":[0,0],"94":[0,0],"95":[0,0],"96":[0,0],"97":[0,0]}}
,"C:\\Users\\Gonza\\Desktop\\cymple\\back\\src\\appointments\\reminder-sweeper.service.ts": {"path":"C:\\Users\\Gonza\\Desktop\\cymple\\back\\src\\appointments\\reminder-sweeper.service.ts","statementMap":{"0":{"start":{"line":1,"column":0},"end":{"line":1,"column":52}},"1":{"start":{"line":2,"column":0},"end":{"line":2,"column":40}},"2":{"start":{"line":3,"column":0},"end":{"line":3,"column":66}},"3":{"start":{"line":4,"column":0},"end":{"line":4,"column":64}},"4":{"start":{"line":5,"column":0},"end":{"line":5,"column":82}},"5":{"start":{"line":6,"column":0},"end":{"line":6,"column":78}},"6":{"start":{"line":9,"column":28},"end":{"line":87,"column":null}},"7":{"start":{"line":10,"column":28},"end":{"line":10,"column":60}},"8":{"start":{"line":13,"column":21},"end":{"line":13,"column":29}},"9":{"start":{"line":14,"column":21},"end":{"line":14,"column":40}},"10":{"start":{"line":15,"column":21},"end":{"line":15,"column":36}},"11":{"start":{"line":20,"column":16},"end":{"line":20,"column":26}},"12":{"start":{"line":22,"column":25},"end":{"line":43,"column":6}},"13":{"start":{"line":45,"column":4},"end":{"line":45,"column":42}},"14":{"start":{"line":45,"column":35},"end":{"line":45,"column":42}},"15":{"start":{"line":47,"column":4},"end":{"line":54,"column":5}},"16":{"start":{"line":48,"column":19},"end":{"line":49,"column":null}},"17":{"start":{"line":51,"column":6},"end":{"line":53,"column":7}},"18":{"start":{"line":52,"column":8},"end":{"line":52,"column":17}},"19":{"start":{"line":60,"column":16},"end":{"line":60,"column":26}},"20":{"start":{"line":61,"column":19},"end":{"line":61,"column":64}},"21":{"start":{"line":63,"column":25},"end":{"line":74,"column":6}},"22":{"start":{"line":76,"column":4},"end":{"line":76,"column":42}},"23":{"start":{"line":76,"column":35},"end":{"line":76,"column":42}},"24":{"start":{"line":78,"column":4},"end":{"line":84,"column":5}},"25":{"start":{"line":79,"column":6},"end":{"line":79,"column":63}},"26":{"start":{"line":80,"column":6},"end":{"line":83,"column":9}},"27":{"start":{"line":9,"column":13},"end":{"line":9,"column":28}},"28":{"start":{"line":19,"column":8},"end":{"line":55,"column":null}},"29":{"start":{"line":59,"column":8},"end":{"line":85,"column":null}},"30":{"start":{"line":9,"column":13},"end":{"line":87,"column":null}}},"fnMap":{"0":{"name":"(anonymous_2)","decl":{"start":{"line":12,"column":2},"end":{"line":12,"column":null}},"loc":{"start":{"line":15,"column":56},"end":{"line":16,"column":6}}},"1":{"name":"(anonymous_3)","decl":{"start":{"line":19,"column":8},"end":{"line":19,"column":29}},"loc":{"start":{"line":19,"column":29},"end":{"line":55,"column":3}}},"2":{"name":"(anonymous_4)","decl":{"start":{"line":59,"column":8},"end":{"line":59,"column":29}},"loc":{"start":{"line":59,"column":29},"end":{"line":85,"column":3}}}},"branchMap":{"0":{"loc":{"start":{"line":45,"column":4},"end":{"line":45,"column":42}},"type":"if","locations":[{"start":{"line":45,"column":4},"end":{"line":45,"column":42}},{"start":{},"end":{}}]},"1":{"loc":{"start":{"line":51,"column":6},"end":{"line":53,"column":7}},"type":"if","locations":[{"start":{"line":51,"column":6},"end":{"line":53,"column":7}},{"start":{},"end":{}}]},"2":{"loc":{"start":{"line":76,"column":4},"end":{"line":76,"column":42}},"type":"if","locations":[{"start":{"line":76,"column":4},"end":{"line":76,"column":42}},{"start":{},"end":{}}]},"3":{"loc":{"start":{"line":13,"column":29},"end":{"line":13,"column":null}},"type":"cond-expr","locations":[{"start":{"line":13,"column":42},"end":{"line":13,"column":null}},{"start":{"line":13,"column":42},"end":{"line":13,"column":null}}]},"4":{"loc":{"start":{"line":13,"column":29},"end":{"line":13,"column":42}},"type":"binary-expr","locations":[{"start":{"line":13,"column":29},"end":{"line":13,"column":null}},{"start":{"line":13,"column":29},"end":{"line":13,"column":42}}]},"5":{"loc":{"start":{"line":13,"column":42},"end":{"line":14,"column":null}},"type":"cond-expr","locations":[{"start":{"line":14,"column":64},"end":{"line":14,"column":null}},{"start":{"line":14,"column":64},"end":{"line":14,"column":null}}]},"6":{"loc":{"start":{"line":13,"column":42},"end":{"line":14,"column":64}},"type":"binary-expr","locations":[{"start":{"line":13,"column":42},"end":{"line":14,"column":null}},{"start":{"line":14,"column":40},"end":{"line":14,"column":64}}]},"7":{"loc":{"start":{"line":14,"column":64},"end":{"line":15,"column":null}},"type":"cond-expr","locations":[{"start":{"line":15,"column":56},"end":{"line":15,"column":null}},{"start":{"line":15,"column":56},"end":{"line":15,"column":null}}]},"8":{"loc":{"start":{"line":14,"column":64},"end":{"line":15,"column":56}},"type":"binary-expr","locations":[{"start":{"line":14,"column":64},"end":{"line":15,"column":null}},{"start":{"line":15,"column":36},"end":{"line":15,"column":56}}]}},"s":{"0":0,"1":0,"2":0,"3":0,"4":0,"5":0,"6":0,"7":0,"8":0,"9":0,"10":0,"11":0,"12":0,"13":0,"14":0,"15":0,"16":0,"17":0,"18":0,"19":0,"20":0,"21":0,"22":0,"23":0,"24":0,"25":0,"26":0,"27":0,"28":0,"29":0,"30":0},"f":{"0":0,"1":0,"2":0},"b":{"0":[0,0],"1":[0,0],"2":[0,0],"3":[0,0],"4":[0,0],"5":[0,0],"6":[0,0],"7":[0,0],"8":[0,0]}}
,"C:\\Users\\Gonza\\Desktop\\cymple\\back\\src\\appointments\\dto\\calendar-query.dto.ts": {"path":"C:\\Users\\Gonza\\Desktop\\cymple\\back\\src\\appointments\\dto\\calendar-query.dto.ts","statementMap":{"0":{"start":{"line":1,"column":0},"end":{"line":1,"column":46}},"1":{"start":{"line":2,"column":0},"end":{"line":2,"column":null}},"2":{"start":{"line":9,"column":0},"end":{"line":9,"column":51}},"3":{"start":{"line":17,"column":36},"end":{"line":17,"column":42}},"4":{"start":{"line":11,"column":0},"end":{"line":11,"column":13}},"5":{"start":{"line":13,"column":2},"end":{"line":13,"column":null}},"6":{"start":{"line":17,"column":2},"end":{"line":17,"column":null}},"7":{"start":{"line":31,"column":2},"end":{"line":31,"column":null}},"8":{"start":{"line":21,"column":4},"end":{"line":21,"column":56}},"9":{"start":{"line":21,"column":39},"end":{"line":21,"column":56}},"10":{"start":{"line":22,"column":16},"end":{"line":22,"column":54}},"11":{"start":{"line":23,"column":4},"end":{"line":28,"column":6}},"12":{"start":{"line":24,"column":6},"end":{"line":27,"column":24}},"13":{"start":{"line":26,"column":20},"end":{"line":26,"column":28}},"14":{"start":{"line":35,"column":2},"end":{"line":35,"column":null}},"15":{"start":{"line":39,"column":2},"end":{"line":39,"column":null}},"16":{"start":{"line":52,"column":2},"end":{"line":52,"column":null}},"17":{"start":{"line":43,"column":4},"end":{"line":43,"column":56}},"18":{"start":{"line":43,"column":39},"end":{"line":43,"column":56}},"19":{"start":{"line":44,"column":16},"end":{"line":44,"column":54}},"20":{"start":{"line":45,"column":4},"end":{"line":50,"column":6}},"21":{"start":{"line":46,"column":6},"end":{"line":49,"column":24}},"22":{"start":{"line":48,"column":20},"end":{"line":48,"column":28}}},"fnMap":{"0":{"name":"(anonymous_2)","decl":{"start":{"line":20,"column":13},"end":{"line":20,"column":14}},"loc":{"start":{"line":20,"column":27},"end":{"line":29,"column":3}}},"1":{"name":"(anonymous_3)","decl":{"start":{"line":23,"column":23},"end":{"line":23,"column":24}},"loc":{"start":{"line":24,"column":6},"end":{"line":27,"column":24}}},"2":{"name":"(anonymous_4)","decl":{"start":{"line":26,"column":13},"end":{"line":26,"column":14}},"loc":{"start":{"line":26,"column":20},"end":{"line":26,"column":28}}},"3":{"name":"(anonymous_5)","decl":{"start":{"line":42,"column":13},"end":{"line":42,"column":14}},"loc":{"start":{"line":42,"column":27},"end":{"line":51,"column":3}}},"4":{"name":"(anonymous_6)","decl":{"start":{"line":45,"column":23},"end":{"line":45,"column":24}},"loc":{"start":{"line":46,"column":6},"end":{"line":49,"column":24}}},"5":{"name":"(anonymous_7)","decl":{"start":{"line":48,"column":13},"end":{"line":48,"column":14}},"loc":{"start":{"line":48,"column":20},"end":{"line":48,"column":28}}}},"branchMap":{"0":{"loc":{"start":{"line":21,"column":4},"end":{"line":21,"column":56}},"type":"if","locations":[{"start":{"line":21,"column":4},"end":{"line":21,"column":56}},{"start":{},"end":{}}]},"1":{"loc":{"start":{"line":21,"column":8},"end":{"line":21,"column":37}},"type":"binary-expr","locations":[{"start":{"line":21,"column":8},"end":{"line":21,"column":21}},{"start":{"line":21,"column":25},"end":{"line":21,"column":37}}]},"2":{"loc":{"start":{"line":22,"column":16},"end":{"line":22,"column":54}},"type":"cond-expr","locations":[{"start":{"line":22,"column":39},"end":{"line":22,"column":44}},{"start":{"line":22,"column":47},"end":{"line":22,"column":54}}]},"3":{"loc":{"start":{"line":43,"column":4},"end":{"line":43,"column":56}},"type":"if","locations":[{"start":{"line":43,"column":4},"end":{"line":43,"column":56}},{"start":{},"end":{}}]},"4":{"loc":{"start":{"line":43,"column":8},"end":{"line":43,"column":37}},"type":"binary-expr","locations":[{"start":{"line":43,"column":8},"end":{"line":43,"column":21}},{"start":{"line":43,"column":25},"end":{"line":43,"column":37}}]},"5":{"loc":{"start":{"line":44,"column":16},"end":{"line":44,"column":54}},"type":"cond-expr","locations":[{"start":{"line":44,"column":39},"end":{"line":44,"column":44}},{"start":{"line":44,"column":47},"end":{"line":44,"column":54}}]}},"s":{"0":0,"1":0,"2":0,"3":0,"4":0,"5":0,"6":0,"7":0,"8":0,"9":0,"10":0,"11":0,"12":0,"13":0,"14":0,"15":0,"16":0,"17":0,"18":0,"19":0,"20":0,"21":0,"22":0},"f":{"0":0,"1":0,"2":0,"3":0,"4":0,"5":0},"b":{"0":[0,0],"1":[0,0],"2":[0,0],"3":[0,0],"4":[0,0],"5":[0,0]}}
,"C:\\Users\\Gonza\\Desktop\\cymple\\back\\src\\appointments\\dto\\cancel-appointment.dto.ts": {"path":"C:\\Users\\Gonza\\Desktop\\cymple\\back\\src\\appointments\\dto\\cancel-appointment.dto.ts","statementMap":{"0":{"start":{"line":1,"column":0},"end":{"line":1,"column":66}},"1":{"start":{"line":3,"column":0},"end":{"line":3,"column":13}},"2":{"start":{"line":7,"column":2},"end":{"line":7,"column":null}}},"fnMap":{},"branchMap":{},"s":{"0":0,"1":0,"2":0},"f":{},"b":{}}
,"C:\\Users\\Gonza\\Desktop\\cymple\\back\\src\\appointments\\dto\\change-status.dto.ts": {"path":"C:\\Users\\Gonza\\Desktop\\cymple\\back\\src\\appointments\\dto\\change-status.dto.ts","statementMap":{"0":{"start":{"line":1,"column":0},"end":{"line":1,"column":66}},"1":{"start":{"line":2,"column":0},"end":{"line":2,"column":53}},"2":{"start":{"line":4,"column":0},"end":{"line":4,"column":13}},"3":{"start":{"line":6,"column":2},"end":{"line":6,"column":null}},"4":{"start":{"line":10,"column":2},"end":{"line":10,"column":null}}},"fnMap":{},"branchMap":{"0":{"loc":{"start":{"line":6,"column":11},"end":{"line":6,"column":29}},"type":"cond-expr","locations":[{"start":{"line":6,"column":28},"end":{"line":6,"column":29}},{"start":{"line":6,"column":28},"end":{"line":6,"column":29}}]},"1":{"loc":{"start":{"line":6,"column":11},"end":{"line":6,"column":28}},"type":"binary-expr","locations":[{"start":{"line":6,"column":11},"end":{"line":6,"column":29}},{"start":{"line":6,"column":11},"end":{"line":6,"column":28}}]},"2":{"loc":{"start":{"line":10,"column":18},"end":{"line":10,"column":32}},"type":"cond-expr","locations":[{"start":{"line":10,"column":31},"end":{"line":10,"column":32}},{"start":{"line":10,"column":31},"end":{"line":10,"column":32}}]},"3":{"loc":{"start":{"line":10,"column":18},"end":{"line":10,"column":31}},"type":"binary-expr","locations":[{"start":{"line":10,"column":18},"end":{"line":10,"column":32}},{"start":{"line":10,"column":18},"end":{"line":10,"column":31}}]}},"s":{"0":0,"1":0,"2":0,"3":0,"4":0},"f":{},"b":{"0":[0,0],"1":[0,0],"2":[0,0],"3":[0,0]}}
,"C:\\Users\\Gonza\\Desktop\\cymple\\back\\src\\appointments\\dto\\create-appointment.dto.ts": {"path":"C:\\Users\\Gonza\\Desktop\\cymple\\back\\src\\appointments\\dto\\create-appointment.dto.ts","statementMap":{"0":{"start":{"line":1,"column":0},"end":{"line":1,"column":46}},"1":{"start":{"line":2,"column":0},"end":{"line":2,"column":null}},"2":{"start":{"line":11,"column":0},"end":{"line":11,"column":68}},"3":{"start":{"line":13,"column":0},"end":{"line":13,"column":13}},"4":{"start":{"line":15,"column":2},"end":{"line":15,"column":null}},"5":{"start":{"line":20,"column":2},"end":{"line":20,"column":null}},"6":{"start":{"line":23,"column":2},"end":{"line":23,"column":null}},"7":{"start":{"line":30,"column":2},"end":{"line":30,"column":null}},"8":{"start":{"line":26,"column":28},"end":{"line":26,"column":41}},"9":{"start":{"line":36,"column":2},"end":{"line":36,"column":null}},"10":{"start":{"line":33,"column":28},"end":{"line":33,"column":41}},"11":{"start":{"line":40,"column":2},"end":{"line":40,"column":null}},"12":{"start":{"line":44,"column":2},"end":{"line":44,"column":null}},"13":{"start":{"line":48,"column":2},"end":{"line":48,"column":null}}},"fnMap":{"0":{"name":"(anonymous_2)","decl":{"start":{"line":26,"column":13},"end":{"line":26,"column":14}},"loc":{"start":{"line":26,"column":28},"end":{"line":26,"column":41}}},"1":{"name":"(anonymous_3)","decl":{"start":{"line":33,"column":13},"end":{"line":33,"column":14}},"loc":{"start":{"line":33,"column":28},"end":{"line":33,"column":41}}}},"branchMap":{"0":{"loc":{"start":{"line":44,"column":13},"end":{"line":44,"column":33}},"type":"cond-expr","locations":[{"start":{"line":44,"column":32},"end":{"line":44,"column":33}},{"start":{"line":44,"column":32},"end":{"line":44,"column":33}}]},"1":{"loc":{"start":{"line":44,"column":13},"end":{"line":44,"column":32}},"type":"binary-expr","locations":[{"start":{"line":44,"column":13},"end":{"line":44,"column":33}},{"start":{"line":44,"column":13},"end":{"line":44,"column":32}}]},"2":{"loc":{"start":{"line":48,"column":18},"end":{"line":48,"column":32}},"type":"cond-expr","locations":[{"start":{"line":48,"column":31},"end":{"line":48,"column":32}},{"start":{"line":48,"column":31},"end":{"line":48,"column":32}}]},"3":{"loc":{"start":{"line":48,"column":18},"end":{"line":48,"column":31}},"type":"binary-expr","locations":[{"start":{"line":48,"column":18},"end":{"line":48,"column":32}},{"start":{"line":48,"column":18},"end":{"line":48,"column":31}}]}},"s":{"0":0,"1":0,"2":0,"3":0,"4":0,"5":0,"6":0,"7":0,"8":0,"9":0,"10":0,"11":0,"12":0,"13":0},"f":{"0":0,"1":0},"b":{"0":[0,0],"1":[0,0],"2":[0,0],"3":[
[...]
"end":{"line":922,"column":13}},{"start":{},"end":{}}]},"85":{"loc":{"start":{"line":924,"column":10},"end":{"line":926,"column":11}},"type":"if","locations":[{"start":{"line":924,"column":10},"end":{"line":926,"column":11}},{"start":{},"end":{}}]},"86":{"loc":{"start":{"line":938,"column":6},"end":{"line":981,"column":7}},"type":"if","locations":[{"start":{"line":938,"column":6},"end":{"line":981,"column":7}},{"start":{},"end":{}}]},"87":{"loc":{"start":{"line":939,"column":8},"end":{"line":980,"column":9}},"type":"if","locations":[{"start":{"line":939,"column":8},"end":{"line":980,"column":9}},{"start":{"line":978,"column":15},"end":{"line":980,"column":9}}]},"88":{"loc":{"start":{"line":940,"column":10},"end":{"line":941,"column":46}},"type":"binary-expr","locations":[{"start":{"line":940,"column":10},"end":{"line":940,"column":41}},{"start":{"line":941,"column":10},"end":{"line":941,"column":46}}]},"89":{"loc":{"start":{"line":955,"column":10},"end":{"line":959,"column":11}},"type":"if","locations":[{"start":{"line":955,"column":10},"end":{"line":959,"column":11}},{"start":{},"end":{}}]},"90":{"loc":{"start":{"line":960,"column":10},"end":{"line":977,"column":11}},"type":"if","locations":[{"start":{"line":960,"column":10},"end":{"line":977,"column":11}},{"start":{},"end":{}}]},"91":{"loc":{"start":{"line":972,"column":12},"end":{"line":976,"column":13}},"type":"if","locations":[{"start":{"line":972,"column":12},"end":{"line":976,"column":13}},{"start":{},"end":{}}]},"92":{"loc":{"start":{"line":983,"column":6},"end":{"line":985,"column":7}},"type":"if","locations":[{"start":{"line":983,"column":6},"end":{"line":985,"column":7}},{"start":{},"end":{}}]},"93":{"loc":{"start":{"line":995,"column":27},"end":{"line":997,"column":17}},"type":"cond-expr","locations":[{"start":{"line":996,"column":8},"end":{"line":996,"column":49}},{"start":{"line":997,"column":8},"end":{"line":997,"column":17}}]},"94":{"loc":{"start":{"line":1003,"column":14},"end":{"line":1003,"column":60}},"type":"cond-expr","locations":[{"start":{"line":1003,"column":31},"end":{"line":1003,"column":55}},{"start":{"line":1003,"column":58},"end":{"line":1003,"column":60}}]},"95":{"loc":{"start":{"line":1009,"column":4},"end":{"line":1011,"column":5}},"type":"if","locations":[{"start":{"line":1009,"column":4},"end":{"line":1011,"column":5}},{"start":{},"end":{}}]},"96":{"loc":{"start":{"line":1022,"column":13},"end":{"line":1022,"column":59}},"type":"binary-expr","locations":[{"start":{"line":1022,"column":13},"end":{"line":1022,"column":20}},{"start":{"line":1022,"column":24},"end":{"line":1022,"column":59}}]},"97":{"loc":{"start":{"line":1025,"column":4},"end":{"line":1045,"column":5}},"type":"if","locations":[{"start":{"line":1025,"column":4},"end":{"line":1045,"column":5}},{"start":{},"end":{}}]},"98":{"loc":{"start":{"line":1025,"column":8},"end":{"line":1025,"column":34}},"type":"binary-expr","locations":[{"start":{"line":1025,"column":8},"end":{"line":1025,"column":16}},{"start":{"line":1025,"column":20},"end":{"line":1025,"column":34}}]},"99":{"loc":{"start":{"line":1036,"column":6},"end":{"line":1042,"column":7}},"type":"if","locations":[{"start":{"line":1036,"column":6},"end":{"line":1042,"column":7}},{"start":{},"end":{}}]},"100":{"loc":{"start":{"line":1036,"column":10},"end":{"line":1036,"column":36}},"type":"binary-expr","locations":[{"start":{"line":1036,"column":10},"end":{"line":1036,"column":18}},{"start":{"line":1036,"column":22},"end":{"line":1036,"column":36}}]},"101":{"loc":{"start":{"line":1064,"column":27},"end":{"line":1064,"column":65}},"type":"binary-expr","locations":[{"start":{"line":1064,"column":27},"end":{"line":1064,"column":47}},{"start":{"line":1064,"column":51},"end":{"line":1064,"column":65}}]},"102":{"loc":{"start":{"line":1065,"column":36},"end":{"line":1065,"column":69}},"type":"binary-expr","locations":[{"start":{"line":1065,"column":36},"end":{"line":1065,"column":61}},{"start":{"line":1065,"column":65},"end":{"line":1065,"column":69}}]},"103":{"loc":{"start":{"line":1072,"column":4},"end":{"line":1126,"column":5}},"type":"if","locations":[{"start":{"line":1072,"column":4},"end":{"line":1126,"column":5}},{"start":{},"end":{}}]},"104":{"loc":{"start":{"line":1075,"column":6},"end":{"line":1079,"column":7}},"type":"if","locations":[{"start":{"line":1075,"column":6},"end":{"line":1079,"column":7}},{"start":{"line":1077,"column":13},"end":{"line":1079,"column":7}}]},"105":{"loc":{"start":{"line":1077,"column":13},"end":{"line":1079,"column":7}},"type":"if","locations":[{"start":{"line":1077,"column":13},"end":{"line":1079,"column":7}},{"start":{},"end":{}}]},"106":{"loc":{"start":{"line":1081,"column":8},"end":{"line":1090,"column":22}},"type":"binary-expr","locations":[{"start":{"line":1081,"column":8},"end":{"line":1081,"column":28}},{"start":{"line":1082,"column":9},"end":{"line":1090,"column":21}}]},"107":{"loc":{"start":{"line":1082,"column":9},"end":{"line":1090,"column":21}},"type":"cond-expr","locations":[{"start":{"line":1083,"column":12},"end":{"line":1089,"column":17}},{"start":{"line":1090,"column":12},"end":{"line":1090,"column":21}}]},"108":{"loc":{"start":{"line":1091,"column":6},"end":{"line":1104,"column":7}},"type":"if","locations":[{"start":{"line":1091,"column":6},"end":{"line":1104,"column":7}},{"start":{},"end":{}}]},"109":{"loc":{"start":{"line":1105,"column":6},"end":{"line":1124,"column":7}},"type":"if","locations":[{"start":{"line":1105,"column":6},"end":{"line":1124,"column":7}},{"start":{},"end":{}}]},"110":{"loc":{"start":{"line":1105,"column":10},"end":{"line":1105,"column":54}},"type":"binary-expr","locations":[{"start":{"line":1105,"column":10},"end":{"line":1105,"column":30}},{"start":{"line":1105,"column":34},"end":{"line":1105,"column":54}}]},"111":{"loc":{"start":{"line":1107,"column":10},"end":{"line":1109,"column":75}},"type":"cond-expr","locations":[{"start":{"line":1108,"column":14},"end":{"line":1108,"column":28}},{"start":{"line":1109,"column":15},"end":{"line":1109,"column":74}}]},"112":{"loc":{"start":{"line":1109,"column":15},"end":{"line":1109,"column":74}},"type":"binary-expr","locations":[{"start":{"line":1109,"column":15},"end":{"line":1109,"column":35}},{"start":{"line":1109,"column":39},"end":{"line":1109,"column":74}}]},"113":{"loc":{"start":{"line":1121,"column":23},"end":{"line":1121,"column":47}},"type":"binary-expr","locations":[{"start":{"line":1121,"column":23},"end":{"line":1121,"column":39}},{"start":{"line":1121,"column":43},"end":{"line":1121,"column":47}}]},"114":{"loc":{"start":{"line":1150,"column":8},"end":{"line":1152,"column":73}},"type":"cond-expr","locations":[{"start":{"line":1151,"column":12},"end":{"line":1151,"column":26}},{"start":{"line":1152,"column":13},"end":{"line":1152,"column":72}}]},"115":{"loc":{"start":{"line":1152,"column":13},"end":{"line":1152,"column":72}},"type":"binary-expr","locations":[{"start":{"line":1152,"column":13},"end":{"line":1152,"column":33}},{"start":{"line":1152,"column":37},"end":{"line":1152,"column":72}}]},"116":{"loc":{"start":{"line":1163,"column":19},"end":{"line":1163,"column":43}},"type":"binary-expr","locations":[{"start":{"line":1163,"column":19},"end":{"line":1163,"column":35}},{"start":{"line":1163,"column":39},"end":{"line":1163,"column":43}}]},"117":{"loc":{"start":{"line":123,"column":29},"end":{"line":123,"column":null}},"type":"cond-expr","locations":[{"start":{"line":123,"column":42},"end":{"line":123,"column":null}},{"start":{"line":123,"column":42},"end":{"line":123,"column":null}}]},"118":{"loc":{"start":{"line":123,"column":29},"end":{"line":123,"column":42}},"type":"binary-expr","locations":[{"start":{"line":123,"column":29},"end":{"line":123,"column":null}},{"start":{"line":123,"column":29},"end":{"line":123,"column":42}}]},"119":{"loc":{"start":{"line":123,"column":42},"end":{"line":124,"column":null}},"type":"cond-expr","locations":[{"start":{"line":124,"column":51},"end":{"line":124,"column":null}},{"start":{"line":124,"column":51},"end":{"line":124,"column":null}}]},"120":{"loc":{"start":{"line":123,"column":42},"end":{"line":124,"column":51}},"type":"binary-expr","locations":[{"start":{"line":123,"column":42},"end":{"line":124,"column":null}},{"start":{"line":124,"column":32},"end":{"line":124,"column":51}}]},"121":{"loc":{"start":{"line":124,"column":51},"end":{"line":125,"column":null}},"type":"cond-expr","locations":[{"start":{"line":125,"column":56},"end":{"line":125,"column":null}},{"start":{"line":125,"column":56},"end":{"line":125,"column":null}}]},"122":{"loc":{"start":{"line":124,"column":51},"end":{"line":125,"column":56}},"type":"binary-expr","locations":[{"start":{"line":124,"column":51},"end":{"line":125,"column":null}},{"start":{"line":125,"column":36},"end":{"line":125,"column":56}}]},"123":{"loc":{"start":{"line":125,"column":56},"end":{"line":126,"column":null}},"type":"cond-expr","locations":[{"start":{"line":126,"column":62},"end":{"line":126,"column":null}},{"start":{"line":126,"column":62},"end":{"line":126,"column":null}}]},"124":{"loc":{"start":{"line":125,"column":56},"end":{"line":126,"column":62}},"type":"binary-expr","locations":[{"start":{"line":125,"column":56},"end":{"line":126,"column":null}},{"start":{"line":126,"column":39},"end":{"line":126,"column":62}}]},"125":{"loc":{"start":{"line":126,"column":62},"end":{"line":127,"column":null}},"type":"cond-expr","locations":[{"start":{"line":127,"column":54},"end":{"line":127,"column":null}},{"start":{"line":127,"column":54},"end":{"line":127,"column":null}}]},"126":{"loc":{"start":{"line":126,"column":62},"end":{"line":127,"column":54}},"type":"binary-expr","locations":[{"start":{"line":126,"column":62},"end":{"line":127,"column":null}},{"start":{"line":127,"column":35},"end":{"line":127,"column":54}}]},"127":{"loc":{"start":{"line":127,"column":54},"end":{"line":128,"column":null}},"type":"cond-expr","locations":[{"start":{"line":128,"column":53},"end":{"line":128,"column":null}},{"start":{"line":128,"column":53},"end":{"line":128,"column":null}}]},"128":{"loc":{"start":{"line":127,"column":54},"end":{"line":128,"column":53}},"type":"binary-expr","locations":[{"start":{"line":127,"column":54},"end":{"line":128,"column":null}},{"start":{"line":128,"column":38},"end":{"line":128,"column":53}}]}},"s":{"0":0,"1":0,"2":0,"3":0,"4":0,"5":0,"6":0,"7":0,"8":0,"9":0,"10":0,"11":0,"12":0,"13":0,"14":0,"15":0,"16":0,"17":0,"18":0,"19":0,"20":0,"21":0,"22":0,"23":0,"24":0,"25":0,"26":0,"27":0,"28":0,"29":0,"30":0,"31":0,"32":0,"33":0,"34":0,"35":0,"36":0,"37":0,"38":0,"39":0,"40":0,"41":0,"42":0,"43":0,"44":0,"45":0,"46":0,"47":0,"48":0,"49":0,"50":0,"51":0,"52":0,"53":0,"54":0,"55":0,"56":0,"57":0,"58":0,"59":0,"60":0,"61":0,"62":0,"63":0,"64":0,"65":0,"66":0,"67":0,"68":0,"69":0,"70":0,"71":0,"72":0,"73":0,"74":0,"75":0,"76":0,"77":0,"78":0,"79":0,"80":0,"81":0,"82":0,"83":0,"84":0,"85":0,"86":0,"87":0,"88":0,"89":0,"90":0,"91":0,"92":0,"93":0,"94":0,"95":0,"96":0,"97":0,"98":0,"99":0,"100":0,"101":0,"102":0,"103":0,"104":0,"105":0,"106":0,"107":0,"108":0,"109":0,"110":0,"111":0,"112":0,"113":0,"114":0,"115":0,"116":0,"117":0,"118":0,"119":0,"120":0,"121":0,"122":0,"123":0,"124":0,"125":0,"126":0,"127":0,"128":0,"129":0,"130":0,"131":0,"132":0,"133":0,"134":0,"135":0,"136":0,"137":0,"138":0,"139":0,"140":0,"141":0,"142":0,"143":0,"144":0,"145":0,"146":0,"147":0,"148":0,"149":0,"150":0,"151":0,"152":0,"153":0,"154":0,"155":0,"156":0,"157":0,"158":0,"159":0,"160":0,"161":0,"162":0,"163":0,"164":0,"165":0,"166":0,"167":0,"168":0,"169":0,"170":0,"171":0,"172":0,"173":0,"174":0,"175":0,"176":0,"177":0,"178":0,"179":0,"180":0,"181":0,"182":0,"183":0,"184":0,"185":0,"186":0,"187":0,"188":0,"189":0,"190":0,"191":0,"192":0,"193":0,"194":0,"195":0,"196":0,"197":0,"198":0,"199":0,"200":0,"201":0,"202":0,"203":0,"204":0,"205":0,"206":0,"207":0,"208":0,"209":0,"210":0,"211":0,"212":0,"213":0,"214":0,"215":0,"216":0,"217":0,"218":0,"219":0,"220":0,"221":0,"222":0,"223":0,"224":0,"225":0,"226":0,"227":0,"228":0,"229":0,"230":0,"231":0,"232":0,"233":0,"234":0,"235":0,"236":0,"237":0,"238":0,"239":0,"240":0,"241":0,"242":0,"243":0,"244":0,"245":0,"246":0,"247":0,"248":0,"249":0,"250":0,"251":0,"252":0,"253":0,"254":0,"255":0,"256":0,"257":0,"258":0,"259":0,"260":0,"261":0,"262":0,"263":0,"264":0,"265":0,"266":0,"267":0,"268":0,"269":0,"270":0,"271":0,"272":0,"273":0,"274":0,"275":0,"276":0,"277":0,"278":0,"279":0,"280":0,"281":0,"282":0,"283":0,"284":0,"285":0,"286":0,"287":0,"288":0,"289":0,"290":0,"291":0,"292":0,"293":0,"294":0,"295":0,"296":0,"297":0,"298":0,"299":0,"300":0,"301":0,"302":0,"303":0,"304":0,"305":0,"306":0,"307":0,"308":0,"309":0,"310":0,"311":0,"312":0,"313":0,"314":0,"315":0,"316":0,"317":0,"318":0,"319":0,"320":0,"321":0,"322":0},"f":{"0":0,"1":0,"2":0,"3":0,"4":0,"5":0,"6":0,"7":0,"8":0,"9":0,"10":0,"11":0,"12":0,"13":0,"14":0,"15":0,"16":0,"17":0,"18":0,"19":0,"20":0,"21":0,"22":0,"23":0,"24":0,"25":0,"26":0,"27":0,"28":0,"29":0,"30":0,"31":0,"32":0,"33":0},"b":{"0":[0,0],"1":[0,0],"2":[0,0],"3":[0,0],"4":[0,0],"5":[0,0],"6":[0,0],"7":[0],"8":[0,0],"9":[0,0],"10":[0,0],"11":[0,0],"12":[0,0],"13":[0,0],"14":[0,0],"15":[0,0],"16":[0,0],"17":[0,0,0],"18":[0,0],"19":[0,0],"20":[0,0],"21":[0,0],"22":[0,0],"23":[0,0],"24":[0,0],"25":[0,0],"26":[0,0],"27":[0,0],"28":[0,0],"29":[0,0],"30":[0,0],"31":[0,0],"32":[0,0],"33":[0,0],"34":[0,0],"35":[0,0],"36":[0,0],"37":[0,0],"38":[0,0],"39":[0,0],"40":[0,0],"41":[0,0],"42":[0,0],"43":[0,0],"44":[0,0],"45":[0,0],"46":[0,0],"47":[0,0],"48":[0,0],"49":[0,0],"50":[0,0],"51":[0,0],"52":[0,0],"53":[0,0],"54":[0,0],"55":[0,0],"56":[0,0],"57":[0,0],"58":[0,0],"59":[0,0],"60":[0,0],"61":[0,0],"62":[0,0],"63":[0,0],"64":[0,0],"65":[0,0],"66":[0,0],"67":[0,0],"68":[0,0],"69":[0,0],"70":[0,0],"71":[0,0],"72":[0,0],"73":[0,0],"74":[0,0],"75":[0,0],"76":[0,0],"77":[0,0],"78":[0,0],"79":[0,0],"80":[0,0,0],"81":[0,0],"82":[0,0],"83":[0,0,0],"84":[0,0],"85":[0,0],"86":[0,0],"87":[0,0],"88":[0,0],"89":[0,0],"90":[0,0],"91":[0,0],"92":[0,0],"93":[0,0],"94":[0,0],"95":[0,0],"96":[0,0],"97":[0,0],"98":[0,0],"99":[0,0],"100":[0,0],"101":[0,0],"102":[0,0],"103":[0,0],"104":[0,0],"105":[0,0],"106":[0,0],"107":[0,0],"108":[0,0],"109":[0,0],"110":[0,0],"111":[0,0],"112":[0,0],"113":[0,0],"114":[0,0],"115":[0,0],"116":[0,0],"117":[0,0],"118":[0,0],"119":[0,0],"120":[0,0],"121":[0,0],"122":[0,0],"123":[0,0],"124":[0,0],"125":[0,0],"126":[0,0],"127":[0,0],"128":[0,0]}}
,"C:\\Users\\Gonza\\Desktop\\cymple\\back\\src\\whatsapp\\whatsapp.controller.ts": {"path":"C:\\Users\\Gonza\\Desktop\\cymple\\back\\src\\whatsapp\\whatsapp.controller.ts","statementMap":{"0":{"start":{"line":1,"column":0},"end":{"line":1,"column":71}},"1":{"start":{"line":2,"column":0},"end":{"line":2,"column":49}},"2":{"start":{"line":4,"column":0},"end":{"line":4,"column":61}},"3":{"start":{"line":5,"column":0},"end":{"line":5,"column":60}},"4":{"start":{"line":6,"column":0},"end":{"line":6,"column":69}},"5":{"start":{"line":7,"column":0},"end":{"line":7,"column":74}},"6":{"start":{"line":12,"column":7},"end":{"line":45,"column":null}},"7":{"start":{"line":13,"column":31},"end":{"line":13,"column":43}},"8":{"start":{"line":17,"column":16},"end":{"line":17,"column":39}},"9":{"start":{"line":18,"column":4},"end":{"line":20,"column":5}},"10":{"start":{"line":19,"column":6},"end":{"line":19,"column":58}},"11":{"start":{"line":21,"column":4},"end":{"line":21,"column":53}},"12":{"start":{"line":26,"column":16},"end":{"line":26,"column":39}},"13":{"start":{"line":27,"column":4},"end":{"line":29,"column":5}},"14":{"start":{"line":28,"column":6},"end":{"line":28,"column":62}},"15":{"start":{"line":30,"column":4},"end":{"line":30,"column":57}},"16":{"start":{"line":35,"column":16},"end":{"line":35,"column":39}},"17":{"start":{"line":36,"column":4},"end":{"line":40,"column":5}},"18":{"start":{"line":37,"column":6},"end":{"line":39,"column":36}},"19":{"start":{"line":39,"column":21},"end":{"line":39,"column":33}},"20":{"start":{"line":41,"column":4},"end":{"line":43,"column":34}},"21":{"start":{"line":43,"column":19},"end":{"line":43,"column":31}},"22":{"start":{"line":12,"column":13},"end":{"line":12,"column":31}},"23":{"start":{"line":16,"column":2},"end":{"line":22,"column":null}},"24":{"start":{"line":25,"column":2},"end":{"line":31,"column":null}},"25":{"start":{"line":34,"column":2},"end":{"line":44,"column":null}},"26":{"start":{"line":12,"column":13},"end":{"line":45,"column":null}}},"fnMap":{"0":{"name":"(anonymous_4)","decl":{"start":{"line":13,"column":2},"end":{"line":13,"column":31}},"loc":{"start":{"line":13,"column":68},"end":{"line":13,"column":72}}},"1":{"name":"(anonymous_5)","decl":{"start":{"line":16,"column":2},"end":{"line":16,"column":7}},"loc":{"start":{"line":16,"column":27},"end":{"line":22,"column":3}}},"2":{"name":"(anonymous_6)","decl":{"start":{"line":25,"column":2},"end":{"line":25,"column":8}},"loc":{"start":{"line":25,"column":28},"end":{"line":31,"column":3}}},"3":{"name":"(anonymous_7)","decl":{"start":{"line":34,"column":2},"end":{"line":34,"column":8}},"loc":{"start":{"line":34,"column":28},"end":{"line":44,"column":3}}},"4":{"name":"(anonymous_8)","decl":{"start":{"line":39,"column":14},"end":{"line":39,"column":17}},"loc":{"start":{"line":39,"column":21},"end":{"line":39,"column":33}}},"5":{"name":"(anonymous_9)","decl":{"start":{"line":43,"column":12},"end":{"line":43,"column":15}},"loc":{"start":{"line":43,"column":19},"end":{"line":43,"column":31}}}},"branchMap":{"0":{"loc":{"start":{"line":18,"column":4},"end":{"line":20,"column":5}},"type":"if","locations":[{"start":{"line":18,"column":4},"end":{"line":20,"column":5}},{"start":{},"end":{}}]},"1":{"loc":{"start":{"line":27,"column":4},"end":{"line":29,"column":5}},"type":"if","locations":[{"start":{"line":27,"column":4},"end":{"line":29,"column":5}},{"start":{},"end":{}}]},"2":{"loc":{"start":{"line":36,"column":4},"end":{"line":40,"column":5}},"type":"if","locations":[{"start":{"line":36,"column":4},"end":{"line":40,"column":5}},{"start":{},"end":{}}]},"3":{"loc":{"start":{"line":13,"column":43},"end":{"line":13,"column":71}},"type":"cond-expr","locations":[{"start":{"line":13,"column":68},"end":{"line":13,"column":71}},{"start":{"line":13,"column":68},"end":{"line":13,"column":71}}]},"4":{"loc":{"start":{"line":13,"column":43},"end":{"line":13,"column":68}},"type":"binary-expr","locations":[{"start":{"line":13,"column":43},"end":{"line":13,"column":71}},{"start":{"line":13,"column":43},"end":{"line":13,"column":68}}]}},"s":{"0":0,"1":0,"2":0,"3":0,"4":0,"5":0,"6":0,"7":0,"8":0,"9":0,"10":0,"11":0,"12":0,"13":0,"14":0,"15":0,"16":0,"17":0,"18":0,"19":0,"20":0,"21":0,"22":0,"23":0,"24":0,"25":0,"26":0},"f":{"0":0,"1":0,"2":0,"3":0,"4":0,"5":0},"b":{"0":[0,0],"1":[0,0],"2":[0,0],"3":[0,0],"4":[0,0]}}
,"C:\\Users\\Gonza\\Desktop\\cymple\\back\\src\\whatsapp\\whatsapp.module.ts": {"path":"C:\\Users\\Gonza\\Desktop\\cymple\\back\\src\\whatsapp\\whatsapp.module.ts","statementMap":{"0":{"start":{"line":1,"column":0},"end":{"line":1,"column":40}},"1":{"start":{"line":2,"column":0},"end":{"line":2,"column":62}},"2":{"start":{"line":3,"column":0},"end":{"line":3,"column":76}},"3":{"start":{"line":4,"column":0},"end":{"line":4,"column":87}},"4":{"start":{"line":5,"column":0},"end":{"line":5,"column":63}},"5":{"start":{"line":6,"column":0},"end":{"line":6,"column":62}},"6":{"start":{"line":7,"column":0},"end":{"line":7,"column":74}},"7":{"start":{"line":8,"column":0},"end":{"line":8,"column":72}},"8":{"start":{"line":9,"column":0},"end":{"line":9,"column":62}},"9":{"start":{"line":10,"column":0},"end":{"line":10,"column":59}},"10":{"start":{"line":28,"column":7},"end":{"line":28,"column":null}},"11":{"start":{"line":28,"column":13},"end":{"line":28,"column":27}},"12":{"start":{"line":28,"column":13},"end":{"line":28,"column":null}}},"fnMap":{},"branchMap":{},"s":{"0":0,"1":0,"2":0,"3":0,"4":0,"5":0,"6":0,"7":0,"8":0,"9":0,"10":0,"11":0,"12":0},"f":{},"b":{}}
}
