TN:
SF:src\app.controller.ts
FN:6,(anonymous_2)
FN:9,(anonymous_3)
FNF:2
FNH:0
FNDA:0,(anonymous_2)
FNDA:0,(anonymous_3)
DA:1,0
DA:2,0
DA:5,0
DA:6,0
DA:9,0
DA:10,0
LF:6
LH:0
BRDA:6,0,0,0
BRDA:6,0,1,0
BRDA:6,1,0,0
BRDA:6,1,1,0
BRF:4
BRH:0
end_of_record
TN:
SF:src\app.module.ts
FNF:0
FNH:0
DA:1,0
DA:2,0
DA:3,0
DA:4,0
DA:5,0
DA:6,0
DA:7,0
DA:8,0
DA:9,0
DA:10,0
DA:11,0
DA:12,0
DA:13,0
DA:14,0
DA:15,0
DA:16,0
DA:17,0
DA:18,0
DA:19,0
DA:20,0
DA:21,0
DA:22,0
DA:23,0
DA:24,0
DA:25,0
DA:26,0
DA:27,0
DA:28,0
DA:88,0
LF:29
LH:0
BRF:0
BRH:0
end_of_record
TN:
SF:src\app.service.ts
FN:5,(anonymous_1)
FNF:1
FNH:0
FNDA:0,(anonymous_1)
DA:1,0
DA:4,0
DA:6,0
LF:3
LH:0
BRF:0
BRH:0
end_of_record
TN:
SF:src\main.ts
FN:11,escapeRegExp
FN:15,bootstrap
FN:32,(anonymous_2)
FN:49,(anonymous_3)
FNF:4
FNH:0
FNDA:0,escapeRegExp
FNDA:0,bootstrap
FNDA:0,(anonymous_2)
FNDA:0,(anonymous_3)
DA:1,0
DA:2,0
DA:3,0
DA:4,0
DA:9,0
DA:12,0
DA:16,0
DA:17,0
DA:18,0
DA:19,0
DA:21,0
DA:22,0
DA:28,0
DA:30,0
DA:31,0
DA:32,0
DA:33,0
DA:34,0
DA:36,0
DA:42,0
DA:44,0
DA:48,0
DA:50,0
DA:51,0
DA:52,0
DA:55,0
DA:56,0
DA:57,0
DA:60,0
DA:61,0
DA:62,0
DA:65,0
DA:66,0
DA:67,0
DA:68,0
DA:72,0
DA:73,0
DA:80,0
DA:81,0
DA:82,0
DA:85,0
DA:86,0
DA:87,0
DA:91,0
DA:92,0
DA:97,0
DA:109,0
DA:110,0
DA:117,0
DA:119,0
LF:50
LH:0
BRDA:18,0,0,0
BRDA:18,0,1,0
BRDA:19,1,0,0
BRDA:19,1,1,0
BRDA:21,2,0,0
BRDA:21,2,1,0
BRDA:22,3,0,0
BRDA:22,3,1,0
BRDA:30,4,0,0
BRDA:30,4,1,0
BRDA:36,5,0,0
BRDA:36,5,1,0
BRDA:37,6,0,0
BRDA:37,6,1,0
BRDA:37,6,2,0
BRDA:37,6,3,0
BRDA:37,6,4,0
BRDA:50,7,0,0
BRDA:50,7,1,0
BRDA:55,8,0,0
BRDA:55,8,1,0
BRDA:60,9,0,0
BRDA:60,9,1,0
BRDA:60,10,0,0
BRDA:60,10,1,0
BRDA:65,11,0,0
BRDA:65,11,1,0
BRDA:65,12,0,0
BRDA:65,12,1,0
BRDA:68,13,0,0
BRDA:68,13,1,0
BRDA:69,14,0,0
BRDA:69,14,1,0
BRDA:80,15,0,0
BRDA:80,15,1,0
BRDA:80,16,0,0
BRDA:80,16,1,0
BRDA:87,17,0,0
BRDA:87,17,1,0
BRDA:88,18,0,0
BRDA:88,18,1,0
BRDA:117,19,0,0
BRDA:117,19,1,0
BRF:43
BRH:0
end_of_record
TN:
SF:src\appointments\appointments.controller.ts
FN:28,(anonymous_4)
FN:34,(anonymous_5)
FN:50,(anonymous_6)
FN:55,(anonymous_7)
FN:60,(anonymous_8)
FN:68,(anonymous_9)
FN:88,(anonymous_10)
FN:108,(anonymous_11)
FNF:8
FNH:0
FNDA:0,(anonymous_4)
FNDA:0,(anonymous_5)
FNDA:0,(anonymous_6)
FNDA:0,(anonymous_7)
FNDA:0,(anonymous_8)
FNDA:0,(anonymous_9)
FNDA:0,(anonymous_10)
FNDA:0,(anonymous_11)
DA:1,0
DA:13,0
DA:14,0
DA:15,0
DA:16,0
DA:17,0
DA:18,0
DA:19,0
DA:20,0
DA:21,0
DA:22,0
DA:23,0
DA:27,0
DA:29,0
DA:30,0
DA:34,0
DA:35,0
DA:36,0
DA:37,0
DA:46,0
DA:50,0
DA:51,0
DA:55,0
DA:56,0
DA:60,0
DA:61,0
DA:68,0
DA:73,0
DA:74,0
DA:79,0
DA:84,0
DA:88,0
DA:93,0
DA:94,0
DA:99,0
DA:104,0
DA:108,0
DA:113,0
DA:114,0
DA:119,0
DA:124,0
LF:41
LH:0
BRDA:121,0,0,0
BRDA:121,0,1,0
BRDA:34,1,0,0
BRDA:34,1,1,0
BRDA:34,2,0,0
BRDA:34,2,1,0
BRDA:50,3,0,0
BRDA:50,3,1,0
BRDA:50,4,0,0
BRDA:50,4,1,0
BRDA:55,5,0,0
BRDA:55,5,1,0
BRDA:55,6,0,0
BRDA:55,6,1,0
BRDA:71,7,0,0
BRDA:71,7,1,0
BRDA:71,8,0,0
BRDA:71,8,1,0
BRDA:91,9,0,0
BRDA:91,9,1,0
BRDA:91,10,0,0
BRDA:91,10,1,0
BRDA:111,11,0,0
BRDA:111,11,1,0
BRDA:111,12,0,0
BRDA:111,12,1,0
BRDA:29,13,0,0
BRDA:29,13,1,0
BRDA:29,14,0,0
BRDA:29,14,1,0
BRDA:29,15,0,0
BRDA:29,15,1,0
BRDA:29,16,0,0
BRDA:29,16,1,0
BRF:34
BRH:0
end_of_record
TN:
SF:src\appointments\appointments.module.ts
FNF:0
FNH:0
DA:1,0
DA:2,0
DA:3,0
DA:4,0
DA:5,0
DA:6,0
DA:14,0
LF:7
LH:0
BRF:0
BRH:0
end_of_record
TN:
SF:src\appointments\appointments.service.ts
FN:30,(anonymous_2)
FN:36,(anonymous_3)
FN:83,(anonymous_4)
FN:160,(anonymous_5)
FN:168,(anonymous_6)
FN:257,(anonymous_7)
FN:353,(anonymous_8)
FN:376,(anonymous_9)
FN:383,(anonymous_10)
FN:393,(anonymous_11)
FN:427,(anonymous_12)
FN:478,(anonymous_13)
FN:481,(anonymous_14)
FN:487,(anonymous_15)
FN:531,(anonymous_16)
FN:541,(anonymous_17)
FN:544,(anonymous_18)
FN:552,(anonymous_19)
FN:594,(anonymous_20)
FN:605,(anonymous_21)
FN:620,(anonymous_22)
FN:634,(anonymous_23)
FN:650,(anonymous_24)
FN:683,(anonymous_25)
FN:713,(anonymous_26)
FN:745,(anonymous_27)
FN:755,(anonymous_28)
FN:773,(anonymous_29)
FN:782,(anonymous_30)
FN:791,(anonymous_31)
FNF:30
FNH:0
FNDA:0,(anonymous_2)
FNDA:0,(anonymous_3)
FNDA:0,(anonymous_4)
FNDA:0,(anonymous_5)
FNDA:0,(anonymous_6)
FNDA:0,(anonymous_7)
FNDA:0,(anonymous_8)
FNDA:0,(anonymous_9)
FNDA:0,(anonymous_10)
FNDA:0,(anonymous_11)
FNDA:0,(anonymous_12)
FNDA:0,(anonymous_13)
FNDA:0,(anonymous_14)
FNDA:0,(anonymous_15)
FNDA:0,(anonymous_16)
FNDA:0,(anonymous_17)
FNDA:0,(anonymous_18)
FNDA:0,(anonymous_19)
FNDA:0,(anonymous_20)
FNDA:0,(anonymous_21)
FNDA:0,(anonymous_22)
FNDA:0,(anonymous_23)
FNDA:0,(anonymous_24)
FNDA:0,(anonymous_25)
FNDA:0,(anonymous_26)
FNDA:0,(anonymous_27)
FNDA:0,(anonymous_28)
FNDA:0,(anonymous_29)
FNDA:0,(anonymous_30)
FNDA:0,(anonymous_31)
DA:1,0
DA:7,0
DA:13,0
DA:14,0
DA:22,0
DA:23,0
DA:24,0
DA:27,0
DA:28,0
DA:31,0
DA:32,0
DA:33,0
DA:39,0
DA:41,0
DA:42,0
DA:47,0
DA:48,0
DA:54,0
DA:65,0
DA:75,0
DA:77,0
DA:78,0
DA:79,0
DA:83,0
DA:84,0
DA:85,0
DA:115,0
DA:116,0
DA:133,0
DA:135,0
DA:141,0
DA:142,0
DA:157,0
DA:158,0
DA:159,0
DA:160,0
DA:165,0
DA:169,0
DA:170,0
DA:171,0
DA:177,0
DA:178,0
DA:217,0
DA:248,0
DA:259,0
DA:261,0
DA:262,0
DA:269,0
DA:270,0
DA:271,0
DA:276,0
DA:278,0
DA:301,0
DA:302,0
DA:308,0
DA:327,0
DA:353,0
DA:354,0
DA:368,0
DA:375,0
DA:376,0
DA:379,0
DA:383,0
DA:394,0
DA:411,0
DA:413,0
DA:421,0
DA:432,0
DA:434,0
DA:435,0
DA:440,0
DA:449,0
DA:450,0
DA:470,0
DA:471,0
DA:478,0
DA:479,0
DA:481,0
DA:484,0
DA:492,0
DA:493,0
DA:494,0
DA:499,0
DA:504,0
DA:505,0
DA:506,0
DA:513,0
DA:529,0
DA:531,0
DA:535,0
DA:539,0
DA:540,0
DA:542,0
DA:544,0
DA:549,0
DA:557,0
DA:559,0
DA:560,0
DA:563,0
DA:573,0
DA:577,0
DA:591,0
DA:595,0
DA:601,0
DA:602,0
DA:609,0
DA:610,0
DA:617,0
DA:624,0
DA:629,0
DA:630,0
DA:638,0
DA:639,0
DA:643,0
DA:644,0
DA:657,0
DA:658,0
DA:664,0
DA:673,0
DA:677,0
DA:689,0
DA:691,0
DA:692,0
DA:694,0
DA:702,0
DA:703,0
DA:704,0
DA:708,0
DA:713,0
DA:721,0
DA:731,0
DA:732,0
DA:737,0
DA:755,0
DA:756,0
DA:757,0
DA:758,0
DA:761,0
DA:762,0
DA:767,0
DA:768,0
DA:774,0
DA:775,0
DA:776,0
DA:777,0
DA:778,0
DA:779,0
DA:783,0
DA:792,0
DA:802,0
DA:803,0
LF:151
LH:0
BRDA:39,0,0,0
BRDA:39,0,1,0
BRDA:41,1,0,0
BRDA:41,1,1,0
BRDA:47,2,0,0
BRDA:47,2,1,0
BRDA:69,3,0,0
BRDA:69,3,1,0
BRDA:69,4,0,0
BRDA:69,4,1,0
BRDA:75,5,0,0
BRDA:75,5,1,0
BRDA:78,6,0,0
BRDA:78,6,1,0
BRDA:88,7,0,0
BRDA:88,7,1,0
BRDA:94,8,0,0
BRDA:94,8,1,0
BRDA:96,9,0,0
BRDA:96,9,1,0
BRDA:115,10,0,0
BRDA:115,10,1,0
BRDA:120,11,0,0
BRDA:120,11,1,0
BRDA:127,12,0,0
BRDA:127,12,1,0
BRDA:141,13,0,0
BRDA:141,13,1,0
BRDA:144,14,0,0
BRDA:144,14,1,0
BRDA:147,15,0,0
BRDA:147,15,1,0
BRDA:158,16,0,0
BRDA:158,16,1,0
BRDA:170,17,0,0
BRDA:170,17,1,0
BRDA:170,18,0,0
BRDA:170,18,1,0
BRDA:180,19,0,0
BRDA:180,19,1,0
BRDA:181,20,0,0
BRDA:181,20,1,0
BRDA:182,21,0,0
BRDA:182,21,1,0
BRDA:182,22,0,0
BRDA:182,22,1,0
BRDA:185,23,0,0
BRDA:185,23,1,0
BRDA:186,24,0,0
BRDA:186,24,1,0
BRDA:190,25,0,0
BRDA:190,25,1,0
BRDA:232,26,0,0
BRDA:232,26,1,0
BRDA:253,27,0,0
BRDA:253,27,1,0
BRDA:259,28,0,0
BRDA:259,28,1,0
BRDA:261,29,0,0
BRDA:261,29,1,0
BRDA:261,30,0,0
BRDA:261,30,1,0
BRDA:269,31,0,0
BRDA:269,31,1,0
BRDA:269,32,0,0
BRDA:269,32,1,0
BRDA:270,33,0,0
BRDA:270,33,1,0
BRDA:270,34,0,0
BRDA:270,34,1,0
BRDA:278,35,0,0
BRDA:278,35,1,0
BRDA:285,36,0,0
BRDA:285,36,1,0
BRDA:285,37,0,0
BRDA:285,37,1,0
BRDA:292,38,0,0
BRDA:292,38,1,0
BRDA:303,39,0,0
BRDA:303,39,1,0
BRDA:310,40,0,0
BRDA:310,40,1,0
BRDA:311,41,0,0
BRDA:311,41,1,0
BRDA:313,42,0,0
BRDA:313,42,1,0
BRDA:316,43,0,0
BRDA:316,43,1,0
BRDA:316,44,0,0
BRDA:316,44,1,0
BRDA:316,45,0,0
BRDA:316,45,1,0
BRDA:323,46,0,0
BRDA:323,46,1,0
BRDA:324,47,0,0
BRDA:324,47,1,0
BRDA:338,48,0,0
BRDA:338,48,1,0
BRDA:357,49,0,0
BRDA:357,49,1,0
BRDA:357,50,0,0
BRDA:357,50,1,0
BRDA:358,51,0,0
BRDA:358,51,1,0
BRDA:361,52,0,0
BRDA:361,52,1,0
BRDA:361,53,0,0
BRDA:361,53,1,0
BRDA:361,54,0,0
BRDA:361,54,1,0
BRDA:368,55,0,0
BRDA:368,55,1,0
BRDA:380,56,0,0
BRDA:380,56,1,0
BRDA:387,57,0,0
BRDA:387,57,1,0
BRDA:411,58,0,0
BRDA:411,58,1,0
BRDA:434,59,0,0
BRDA:434,59,1,0
BRDA:445,60,0,0
BRDA:445,60,1,0
BRDA:449,61,0,0
BRDA:449,61,1,0
BRDA:454,62,0,0
BRDA:454,62,1,0
BRDA:458,63,0,0
BRDA:458,63,1,0
BRDA:461,64,0,0
BRDA:461,64,1,0
BRDA:464,65,0,0
BRDA:464,65,1,0
BRDA:470,66,0,0
BRDA:470,66,1,0
BRDA:493,67,0,0
BRDA:493,67,1,0
BRDA:518,68,0,0
BRDA:518,68,1,0
BRDA:539,69,0,0
BRDA:539,69,1,0
BRDA:559,70,0,0
BRDA:559,70,1,0
BRDA:568,71,0,0
BRDA:568,71,1,0
BRDA:579,72,0,0
BRDA:579,72,1,0
BRDA:582,73,0,0
BRDA:582,73,1,0
BRDA:588,74,0,0
BRDA:588,74,1,0
BRDA:601,75,0,0
BRDA:601,75,1,0
BRDA:609,76,0,0
BRDA:609,76,1,0
BRDA:612,77,0,0
BRDA:612,77,1,0
BRDA:629,78,0,0
BRDA:629,78,1,0
BRDA:643,79,0,0
BRDA:643,79,1,0
BRDA:657,80,0,0
BRDA:657,80,1,0
BRDA:667,81,0,0
BRDA:667,81,1,0
BRDA:673,82,0,0
BRDA:673,82,1,0
BRDA:674,83,0,0
BRDA:674,83,1,0
BRDA:689,84,0,0
BRDA:689,84,1,0
BRDA:702,85,0,0
BRDA:702,85,1,0
BRDA:703,86,0,0
BRDA:703,86,1,0
BRDA:731,87,0,0
BRDA:731,87,1,0
BRDA:758,88,0,0
BRDA:758,88,1,0
BRDA:761,89,0,0
BRDA:761,89,1,0
BRDA:769,90,0,0
BRDA:769,90,1,0
BRDA:769,90,2,0
BRDA:803,91,0,0
BRDA:803,91,1,0
BRDA:31,92,0,0
BRDA:31,92,1,0
BRDA:31,93,0,0
BRDA:31,93,1,0
BRDA:31,94,0,0
BRDA:31,94,1,0
BRDA:31,95,0,0
BRDA:31,95,1,0
BRDA:32,96,0,0
BRDA:32,96,1,0
BRDA:32,97,0,0
BRDA:32,97,1,0
BRF:197
BRH:0
end_of_record
TN:
SF:src\appointments\reminder-sweeper.service.ts
FN:12,(anonymous_2)
FN:19,(anonymous_3)
FN:59,(anonymous_4)
FNF:3
FNH:0
FNDA:0,(anonymous_2)
FNDA:0,(anonymous_3)
FNDA:0,(anonymous_4)
DA:1,0
DA:2,0
DA:3,0
DA:4,0
DA:5,0
DA:6,0
DA:9,0
DA:10,0
DA:13,0
DA:14,0
DA:15,0
DA:19,0
DA:20,0
DA:22,0
DA:45,0
DA:47,0
DA:48,0
DA:51,0
DA:52,0
DA:59,0
DA:60,0
DA:61,0
DA:63,0
DA:76,0
DA:78,0
DA:79,0
DA:80,0
LF:27
LH:0
BRDA:45,0,0,0
BRDA:45,0,1,0
BRDA:51,1,0,0
BRDA:51,1,1,0
BRDA:76,2,0,0
BRDA:76,2,1,0
BRDA:13,3,0,0
BRDA:13,3,1,0
BRDA:13,4,0,0
BRDA:13,4,1,0
BRDA:13,5,0,0
BRDA:13,5,1,0
BRDA:13,6,0,0
BRDA:13,6,1,0
BRDA:14,7,0,0
BRDA:14,7,1,0
BRDA:14,8,0,0
BRDA:14,8,1,0
BRF:18
BRH:0
end_of_record
TN:
SF:src\appointments\dto\calendar-query.dto.ts
FN:20,(anonymous_2)
FN:23,(anonymous_3)
FN:26,(anonymous_4)
FN:42,(anonymous_5)
FN:45,(anonymous_6)
FN:48,(anonymous_7)
FNF:6
FNH:0
FNDA:0,(anonymous_2)
FNDA:0,(anonymous_3)
FNDA:0,(anonymous_4)
FNDA:0,(anonymous_5)
FNDA:0,(anonymous_6)
FNDA:0,(anonymous_7)
DA:1,0
DA:2,0
DA:9,0
DA:11,0
DA:13,0
DA:17,0
DA:21,0
DA:22,0
DA:23,0
DA:24,0
DA:26,0
DA:31,0
DA:35,0
DA:39,0
DA:43,0
DA:44,0
DA:45,0
DA:46,0
DA:48,0
DA:52,0
LF:20
LH:0
BRDA:21,0,0,0
BRDA:21,0,1,0
BRDA:21,1,0,0
BRDA:21,1,1,0
BRDA:22,2,0,0
BRDA:22,2,1,0
BRDA:43,3,0,0
BRDA:43,3,1,0
BRDA:43,4,0,0
BRDA:43,4,1,0
BRDA:44,5,0,0
BRDA:44,5,1,0
BRF:12
BRH:0
end_of_record
TN:
SF:src\appointments\dto\cancel-appointment.dto.ts
FNF:0
FNH:0
DA:1,0
DA:3,0
DA:7,0
LF:3
LH:0
BRF:0
BRH:0
end_of_record
TN:
SF:src\appointments\dto\change-status.dto.ts
FNF:0
FNH:0
DA:1,0
DA:2,0
DA:4,0
DA:6,0
DA:10,0
LF:5
LH:0
BRDA:6,0,0,0
BRDA:6,0,1,0
BRDA:6,1,0,0
BRDA:6,1,1,0
BRDA:10,2,0,0
BRDA:10,2,1,0
BRDA:10,3,0,0
BRDA:10,3,1,0
BRF:8
BRH:0
end_of_record
TN:
SF:src\appointments\dto\create-appointment.dto.ts
FN:26,(anonymous_2)
FN:33,(anonymous_3)
FNF:2
FNH:0
FNDA:0,(anonymous_2)
FNDA:0,(anonymous_3)
DA:1,0
DA:2,0
DA:11,0
DA:13,0
DA:15,0
DA:20,0
DA:23,0
DA:26,0
DA:30,0
DA:33,0
DA:36,0
DA:40,0
DA:44,0
DA:48,0
LF:14
LH:0
BRDA:44,0,0,0
BRDA:44,0,1,0
BRDA:44,1,0,0
BRDA:44,1,1,0
BRDA:48,2,0,0
BRDA:48,2,1,0
BRDA:48,3,0,0
BRDA:48,3,1,0
BRF:8
BRH:0
end_of_record
TN:
SF:src\appointments\dto\list-appointments.dto.ts
FN:8,(anonymous_2)
FN:11,(anonymous_3)
FN:14,(anonymous_4)
FNF:3
FNH:0
FNDA:0,(anonymous_2)
FNDA:0,(anonymous_3)
FNDA:0,(anonymous_4)
DA:1,0
DA:2,0
DA:3,0
DA:4,0
DA:6,0
DA:9,0
DA:10,0
DA:11,0
DA:12,0
DA:14,0
DA:19,0
DA:23,0
DA:27,0
DA:31,0
DA:35,0
DA:40,0
LF:16
LH:0
BRDA:9,0,0,0
BRDA:9,0,1,0
BRDA:10,1,0,0
BRDA:10,1,1,0
BRF:4
BRH:0
end_of_record
TN:
SF:src\appointments\dto\reschedule-appointment.dto.ts
FNF:0
FNH:0
DA:1,0
DA:3,0
DA:5,0
DA:9,0
LF:4
LH:0
BRF:0
BRH:0
end_of_record
TN:
SF:src\auth\auth.controller.ts
FN:14,(anonymous_4)
FN:21,(anonymous_5)
FN:50,(anonymous_6)
FNF:3
FNH:0
FNDA:0,(anonymous_4)
FNDA:0,(anonymous_5)
FNDA:0,(anonymous_6)
DA:1,0
DA:2,0
DA:3,0
DA:5,0
DA:6,0
DA:7,0
DA:8,0
DA:10,0
DA:13,0
DA:15,0
DA:16,0
DA:21,0
DA:22,0
DA:27,0
DA:28,0
DA:29,0
DA:34,0
DA:36,0
DA:44,0
DA:50,0
DA:51,0
LF:21
LH:0
BRDA:40,0,0,0
BRDA:40,0,1,0
BRDA:53,1,0,0
BRDA:53,1,1,0
BRDA:21,2,0,0
BRDA:21,2,1,0
BRDA:21,3,0,0
BRDA:21,3,1,0
BRDA:15,4,0,0
BRDA:15,4,1,0
BRDA:15,5,0,0
BRDA:15,5,1,0
BRDA:15,6,0,0
BRDA:15,6,1,0
BRDA:15,7,0,0
BRDA:15,7,1,0
BRF:16
BRH:0
end_of_record
TN:
SF:src\auth\auth.module.ts
FN:14,(anonymous_1)
FNF:1
FNH:0
FNDA:0,(anonymous_1)
DA:1,0
DA:2,0
DA:3,0
DA:4,0
DA:5,0
DA:6,0
DA:7,0
DA:14,0
DA:26,0
LF:9
LH:0
BRF:0
BRH:0
end_of_record
TN:
SF:src\auth\auth.service.ts
FN:14,(anonymous_11)
FN:21,(anonymous_12)
FN:135,(anonymous_13)
FN:173,(anonymous_14)
FNF:4
FNH:0
FNDA:0,(anonymous_11)
FNDA:0,(anonymous_12)
FNDA:0,(anonymous_13)
FNDA:0,(anonymous_14)
DA:1,0
DA:2,0
DA:3,0
DA:4,0
DA:5,0
DA:7,0
DA:9,0
DA:13,0
DA:15,0
DA:16,0
DA:17,0
DA:18,0
DA:23,0
DA:24,0
DA:27,0
DA:29,0
DA:32,0
DA:44,0
DA:45,0
DA:46,0
DA:48,0
DA:49,0
DA:50,0
DA:52,0
DA:53,0
DA:56,0
DA:63,0
DA:64,0
DA:77,0
DA:93,0
DA:94,0
DA:97,0
DA:101,0
DA:102,0
DA:104,0
DA:105,0
DA:108,0
DA:109,0
DA:113,0
DA:121,0
DA:122,0
DA:136,0
DA:137,0
DA:148,0
DA:151,0
DA:170,0
DA:174,0
LF:47
LH:0
BRDA:44,0,0,0
BRDA:44,0,1,0
BRDA:45,1,0,0
BRDA:45,1,1,0
BRDA:49,2,0,0
BRDA:49,2,1,0
BRDA:52,3,0,0
BRDA:52,3,1,0
BRDA:93,4,0,0
BRDA:93,4,1,0
BRDA:101,5,0,0
BRDA:101,5,1,0
BRDA:104,6,0,0
BRDA:104,6,1,0
BRDA:109,7,0,0
BRDA:109,7,1,0
BRDA:110,8,0,0
BRDA:110,8,1,0
BRDA:117,9,0,0
BRDA:117,9,1,0
BRDA:118,10,0,0
BRDA:118,10,1,0
BRDA:130,11,0,0
BRDA:130,11,1,0
BRDA:136,12,0,0
BRDA:136,12,1,0
BRDA:15,13,0,0
BRDA:15,13,1,0
BRDA:15,14,0,0
BRDA:15,14,1,0
BRDA:15,15,0,0
BRDA:15,15,1,0
BRDA:15,16,0,0
BRDA:15,16,1,0
BRDA:16,17,0,0
BRDA:16,17,1,0
BRDA:16,18,0,0
BRDA:16,18,1,0
BRDA:17,19,0,0
BRDA:17,19,1,0
BRDA:17,20,0,0
BRDA:17,20,1,0
BRF:42
BRH:0
end_of_record
TN:
SF:src\auth\jwt.strategy.ts
FN:9,(anonymous_2)
FN:17,(anonymous_3)
FNF:2
FNH:0
FNDA:0,(anonymous_2)
FNDA:0,(anonymous_3)
DA:1,0
DA:2,0
DA:3,0
DA:4,0
DA:8,0
DA:10,0
DA:18,0
LF:7
LH:0
BRDA:9,0,0,0
BRDA:9,0,1,0
BRDA:9,1,0,0
BRDA:9,1,1,0
BRF:4
BRH:0
end_of_record
TN:
SF:src\auth\dto\login.dto.ts
FNF:0
FNH:0
DA:1,0
DA:3,0
DA:5,0
DA:9,0
LF:4
LH:0
BRF:0
BRH:0
end_of_record
TN:
SF:src\availability\availability.controller.ts
FN:22,(anonymous_4)
FN:24,(anonymous_5)
FN:35,(anonymous_6)
FN:45,(anonymous_7)
FN:55,(anonymous_8)
FN:67,(anonymous_9)
FN:79,(anonymous_10)
FNF:7
FNH:0
FNDA:0,(anonymous_4)
FNDA:0,(anonymous_5)
FNDA:0,(anonymous_6)
FNDA:0,(anonymous_7)
FNDA:0,(anonymous_8)
FNDA:0,(anonymous_9)
FNDA:0,(anonymous_10)
DA:1,0
DA:11,0
DA:12,0
DA:13,0
DA:14,0
DA:15,0
DA:16,0
DA:17,0
DA:21,0
DA:22,0
DA:28,0
DA:35,0
DA:39,0
DA:45,0
DA:49,0
DA:55,0
DA:60,0
DA:67,0
DA:72,0
DA:79,0
DA:84,0
LF:21
LH:0
BRDA:57,0,0,0
BRDA:57,0,1,0
BRDA:57,1,0,0
BRDA:57,1,1,0
BRDA:69,2,0,0
BRDA:69,2,1,0
BRDA:69,3,0,0
BRDA:69,3,1,0
BRDA:81,4,0,0
BRDA:81,4,1,0
BRDA:81,5,0,0
BRDA:81,5,1,0
BRDA:22,6,0,0
BRDA:22,6,1,0
BRDA:22,7,0,0
BRDA:22,7,1,0
BRF:16
BRH:0
end_of_record
TN:
SF:src\availability\availability.module.ts
FNF:0
FNH:0
DA:1,0
DA:2,0
DA:3,0
DA:10,0
LF:4
LH:0
BRF:0
BRH:0
end_of_record
TN:
SF:src\availability\availability.service.ts
FN:15,(anonymous_2)
FN:17,(anonymous_3)
FN:46,(anonymous_4)
FN:47,(anonymous_5)
FN:49,(anonymous_6)
FN:78,(anonymous_7)
FN:92,(anonymous_8)
FN:104,(anonymous_9)
FN:108,(anonymous_10)
FN:110,(anonymous_11)
FN:135,(anonymous_12)
FN:150,(anonymous_13)
FN:163,(anonymous_14)
FN:178,(anonymous_15)
FN:203,(anonymous_16)
FN:257,(anonymous_17)
FN:284,(anonymous_18)
FN:298,(anonymous_19)
FNF:18
FNH:0
FNDA:0,(anonymous_2)
FNDA:0,(anonymous_3)
FNDA:0,(anonymous_4)
FNDA:0,(anonymous_5)
FNDA:0,(anonymous_6)
FNDA:0,(anonymous_7)
FNDA:0,(anonymous_8)
FNDA:0,(anonymous_9)
FNDA:0,(anonymous_10)
FNDA:0,(anonymous_11)
FNDA:0,(anonymous_12)
FNDA:0,(anonymous_13)
FNDA:0,(anonymous_14)
FNDA:0,(anonymous_15)
FNDA:0,(anonymous_16)
FNDA:0,(anonymous_17)
FNDA:0,(anonymous_18)
FNDA:0,(anonymous_19)
DA:1,0
DA:6,0
DA:7,0
DA:10,0
DA:14,0
DA:15,0
DA:21,0
DA:22,0
DA:25,0
DA:26,0
DA:31,0
DA:39,0
DA:40,0
DA:43,0
DA:47,0
DA:48,0
DA:49,0
DA:50,0
DA:55,0
DA:72,0
DA:76,0
DA:77,0
DA:78,0
DA:89,0
DA:93,0
DA:108,0
DA:109,0
DA:110,0
DA:111,0
DA:116,0
DA:117,0
DA:129,0
DA:133,0
DA:134,0
DA:135,0
DA:144,0
DA:148,0
DA:149,0
DA:150,0
DA:160,0
DA:164,0
DA:179,0
DA:180,0
DA:188,0
DA:197,0
DA:198,0
DA:200,0
DA:201,0
DA:202,0
DA:203,0
DA:208,0
DA:209,0
DA:210,0
DA:219,0
DA:220,0
DA:224,0
DA:225,0
DA:226,0
DA:238,0
DA:245,0
DA:247,0
DA:248,0
DA:249,0
DA:251,0
DA:255,0
DA:256,0
DA:258,0
DA:261,0
DA:262,0
DA:263,0
DA:265,0
DA:269,0
DA:277,0
DA:281,0
DA:285,0
DA:295,0
DA:299,0
LF:77
LH:0
BRDA:21,0,0,0
BRDA:21,0,1,0
BRDA:25,1,0,0
BRDA:25,1,1,0
BRDA:39,2,0,0
BRDA:39,2,1,0
BRDA:49,3,0,0
BRDA:49,3,1,0
BRDA:65,4,0,0
BRDA:65,4,1,0
BRDA:68,5,0,0
BRDA:68,5,1,0
BRDA:76,6,0,0
BRDA:76,6,1,0
BRDA:82,7,0,0
BRDA:82,7,1,0
BRDA:110,8,0,0
BRDA:110,8,1,0
BRDA:122,9,0,0
BRDA:122,9,1,0
BRDA:125,10,0,0
BRDA:125,10,1,0
BRDA:133,11,0,0
BRDA:133,11,1,0
BRDA:139,12,0,0
BRDA:139,12,1,0
BRDA:148,13,0,0
BRDA:148,13,1,0
BRDA:148,14,0,0
BRDA:148,14,1,0
BRDA:200,15,0,0
BRDA:200,15,1,0
BRDA:208,16,0,0
BRDA:208,16,1,0
BRDA:219,17,0,0
BRDA:219,17,1,0
BRDA:258,18,0,0
BRDA:258,18,1,0
BRDA:263,19,0,0
BRDA:263,19,1,0
BRDA:263,19,2,0
BRDA:265,20,0,0
BRDA:265,20,1,0
BRDA:295,21,0,0
BRDA:295,21,1,0
BRDA:15,22,0,0
BRDA:15,22,1,0
BRDA:15,23,0,0
BRDA:15,23,1,0
BRF:49
BRH:0
end_of_record
TN:
SF:src\availability\dto\availability-range.dto.ts
FNF:0
FNH:0
DA:1,0
DA:3,0
DA:5,0
DA:8,0
DA:13,0
LF:5
LH:0
BRF:0
BRH:0
end_of_record
TN:
SF:src\availability\dto\slots-query.dto.ts
FNF:0
FNH:0
DA:1,0
DA:3,0
DA:8,0
DA:12,0
LF:4
LH:0
BRF:0
BRH:0
end_of_record
TN:
SF:src\availability\dto\upsert-specific-date-availability.dto.ts
FN:33,(anonymous_2)
FN:39,(anonymous_3)
FN:46,(anonymous_4)
FNF:3
FNH:0
FNDA:0,(anonymous_2)
FNDA:0,(anonymous_3)
FNDA:0,(anonymous_4)
DA:1,0
DA:2,0
DA:12,0
DA:14,0
DA:16,0
DA:20,0
DA:23,0
DA:25,0
DA:29,0
DA:33,0
DA:34,0
DA:39,0
DA:40,0
DA:43,0
DA:46,0
DA:47,0
LF:16
LH:0
BRF:0
BRH:0
end_of_record
TN:
SF:src\availability\dto\upsert-weekly-availability.dto.ts
FN:24,(anonymous_2)
FN:31,(anonymous_3)
FNF:2
FNH:0
FNDA:0,(anonymous_2)
FNDA:0,(anonymous_3)
DA:1,0
DA:2,0
DA:10,0
DA:11,0
DA:13,0
DA:15,0
DA:19,0
DA:24,0
DA:25,0
DA:28,0
DA:31,0
DA:32,0
LF:12
LH:0
BRDA:15,0,0,0
BRDA:15,0,1,0
BRDA:15,1,0,0
BRDA:15,1,1,0
BRF:4
BRH:0
end_of_record
TN:
SF:src\clinical-records\clinical-notes-query.service.ts
FN:10,(anonymous_2)
FN:12,(anonymous_3)
FN:51,(anonymous_4)
FN:67,(anonymous_5)
FN:111,(anonymous_6)
FN:125,(anonymous_7)
FN:141,(anonymous_8)
FN:154,(anonymous_9)
FN:163,(anonymous_10)
FNF:9
FNH:0
FNDA:0,(anonymous_2)
FNDA:0,(anonymous_3)
FNDA:0,(anonymous_4)
FNDA:0,(anonymous_5)
FNDA:0,(anonymous_6)
FNDA:0,(anonymous_7)
FNDA:0,(anonymous_8)
FNDA:0,(anonymous_9)
FNDA:0,(anonymous_10)
DA:1,0
DA:3,0
DA:9,0
DA:10,0
DA:17,0
DA:18,0
DA:19,0
DA:26,0
DA:42,0
DA:52,0
DA:53,0
DA:68,0
DA:69,0
DA:85,0
DA:102,0
DA:112,0
DA:120,0
DA:121,0
DA:129,0
DA:136,0
DA:137,0
DA:142,0
DA:143,0
DA:145,0
DA:146,0
DA:151,0
DA:157,0
DA:158,0
DA:160,0
DA:164,0
DA:165,0
DA:167,0
LF:32
LH:0
BRDA:23,0,0,0
BRDA:23,0,1,0
BRDA:47,1,0,0
BRDA:47,1,1,0
BRDA:72,2,0,0
BRDA:72,2,1,0
BRDA:73,3,0,0
BRDA:73,3,1,0
BRDA:74,4,0,0
BRDA:74,4,1,0
BRDA:75,5,0,0
BRDA:75,5,1,0
BRDA:75,6,0,0
BRDA:75,6,1,0
BRDA:78,7,0,0
BRDA:78,7,1,0
BRDA:79,8,0,0
BRDA:79,8,1,0
BRDA:107,9,0,0
BRDA:107,9,1,0
BRDA:120,10,0,0
BRDA:120,10,1,0
BRDA:136,11,0,0
BRDA:136,11,1,0
BRDA:142,12,0,0
BRDA:142,12,1,0
BRDA:145,13,0,0
BRDA:145,13,1,0
BRDA:157,14,0,0
BRDA:157,14,1,0
BRDA:164,15,0,0
BRDA:164,15,1,0
BRDA:10,16,0,0
BRDA:10,16,1,0
BRDA:10,17,0,0
BRDA:10,17,1,0
BRF:36
BRH:0
end_of_record
TN:
SF:src\clinical-records\clinical-records.controller.ts
FN:28,(anonymous_4)
FN:33,(anonymous_5)
FN:46,(anonymous_6)
FN:59,(anonymous_7)
FN:67,(anonymous_8)
FN:75,(anonymous_9)
FN:88,(anonymous_10)
FN:101,(anonymous_11)
FNF:8
FNH:0
FNDA:0,(anonymous_4)
FNDA:0,(anonymous_5)
FNDA:0,(anonymous_6)
FNDA:0,(anonymous_7)
FNDA:0,(anonymous_8)
FNDA:0,(anonymous_9)
FNDA:0,(anonymous_10)
FNDA:0,(anonymous_11)
DA:1,0
DA:15,0
DA:16,0
DA:17,0
DA:18,0
DA:19,0
DA:20,0
DA:21,0
DA:22,0
DA:23,0
DA:27,0
DA:29,0
DA:33,0
DA:38,0
DA:46,0
DA:51,0
DA:59,0
DA:60,0
DA:67,0
DA:68,0
DA:75,0
DA:80,0
DA:88,0
DA:93,0
DA:101,0
DA:102,0
LF:26
LH:0
BRDA:36,0,0,0
BRDA:36,0,1,0
BRDA:36,1,0,0
BRDA:36,1,1,0
BRDA:49,2,0,0
BRDA:49,2,1,0
BRDA:49,3,0,0
BRDA:49,3,1,0
BRDA:67,4,0,0
BRDA:67,4,1,0
BRDA:67,5,0,0
BRDA:67,5,1,0
BRDA:78,6,0,0
BRDA:78,6,1,0
BRDA:78,7,0,0
BRDA:78,7,1,0
BRDA:91,8,0,0
BRDA:91,8,1,0
BRDA:91,9,0,0
BRDA:91,9,1,0
BRDA:29,10,0,0
BRDA:29,10,1,0
BRDA:29,11,0,0
BRDA:29,11,1,0
BRF:24
BRH:0
end_of_record
TN:
SF:src\clinical-records\clinical-records.module.ts
FNF:0
FNH:0
DA:1,0
DA:2,0
DA:3,0
DA:4,0
DA:11,0
LF:5
LH:0
BRF:0
BRH:0
end_of_record
TN:
SF:src\clinical-records\clinical-records.service.ts
FN:19,(anonymous_2)
FN:24,(anonymous_3)
FN:50,(anonymous_4)
FN:58,(anonymous_5)
FN:95,(anonymous_6)
FN:99,(anonymous_7)
FN:103,(anonymous_8)
FN:145,(anonymous_9)
FN:168,(anonymous_10)
FN:183,(anonymous_11)
FN:202,(anonymous_12)
FN:215,(anonymous_13)
FN:222,(anonymous_14)
FN:231,(anonymous_15)
FN:244,(anonymous_16)
FN:248,(anonymous_17)
FN:259,(anonymous_18)
FN:263,(anonymous_19)
FNF:18
FNH:0
FNDA:0,(anonymous_2)
FNDA:0,(anonymous_3)
FNDA:0,(anonymous_4)
FNDA:0,(anonymous_5)
FNDA:0,(anonymous_6)
FNDA:0,(anonymous_7)
FNDA:0,(anonymous_8)
FNDA:0,(anonymous_9)
FNDA:0,(anonymous_10)
FNDA:0,(anonymous_11)
FNDA:0,(anonymous_12)
FNDA:0,(anonymous_13)
FNDA:0,(anonymous_14)
FNDA:0,(anonymous_15)
FNDA:0,(anonymous_16)
FNDA:0,(anonymous_17)
FNDA:0,(anonymous_18)
FNDA:0,(anonymous_19)
DA:1,0
DA:7,0
DA:8,0
DA:15,0
DA:18,0
DA:20,0
DA:21,0
DA:29,0
DA:30,0
DA:34,0
DA:55,0
DA:63,0
DA:64,0
DA:68,0
DA:96,0
DA:100,0
DA:108,0
DA:115,0
DA:116,0
DA:118,0
DA:122,0
DA:125,0
DA:146,0
DA:153,0
DA:154,0
DA:156,0
DA:160,0
DA:162,0
DA:169,0
DA:177,0
DA:178,0
DA:180,0
DA:184,0
DA:196,0
DA:197,0
DA:199,0
DA:203,0
DA:204,0
DA:206,0
DA:207,0
DA:212,0
DA:216,0
DA:217,0
DA:219,0
DA:225,0
DA:226,0
DA:228,0
DA:235,0
DA:236,0
DA:237,0
DA:241,0
DA:245,0
DA:252,0
DA:253,0
DA:255,0
DA:256,0
DA:260,0
DA:261,0
DA:262,0
DA:263,0
DA:265,0
DA:266,0
DA:267,0
DA:268,0
DA:269,0
DA:271,0
LF:66
LH:0
BRDA:32,0,0,0
BRDA:32,0,1,0
BRDA:38,1,0,0
BRDA:38,1,1,0
BRDA:41,2,0,0
BRDA:41,2,1,0
BRDA:78,3,0,0
BRDA:78,3,1,0
BRDA:115,4,0,0
BRDA:115,4,1,0
BRDA:118,5,0,0
BRDA:118,5,1,0
BRDA:119,6,0,0
BRDA:119,6,1,0
BRDA:128,7,0,0
BRDA:128,7,1,0
BRDA:129,8,0,0
BRDA:129,8,1,0
BRDA:129,9,0,0
BRDA:129,9,1,0
BRDA:130,10,0,0
BRDA:130,10,1,0
BRDA:130,11,0,0
BRDA:130,11,1,0
BRDA:133,12,0,0
BRDA:133,12,1,0
BRDA:153,13,0,0
BRDA:153,13,1,0
BRDA:156,14,0,0
BRDA:156,14,1,0
BRDA:157,15,0,0
BRDA:157,15,1,0
BRDA:177,16,0,0
BRDA:177,16,1,0
BRDA:196,17,0,0
BRDA:196,17,1,0
BRDA:203,18,0,0
BRDA:203,18,1,0
BRDA:206,19,0,0
BRDA:206,19,1,0
BRDA:216,20,0,0
BRDA:216,20,1,0
BRDA:225,21,0,0
BRDA:225,21,1,0
BRDA:235,22,0,0
BRDA:235,22,1,0
BRDA:236,23,0,0
BRDA:236,23,1,0
BRDA:252,24,0,0
BRDA:252,24,1,0
BRDA:260,25,0,0
BRDA:260,25,1,0
BRDA:261,26,0,0
BRDA:261,26,1,0
BRDA:262,27,0,0
BRDA:262,27,1,0
BRDA:265,28,0,0
BRDA:265,28,1,0
BRDA:267,29,0,0
BRDA:267,29,1,0
BRDA:20,30,0,0
BRDA:20,30,1,0
BRDA:20,31,0,0
BRDA:20,31,1,0
BRDA:20,32,0,0
BRDA:20,32,1,0
BRDA:20,33,0,0
BRDA:20,33,1,0
BRF:68
BRH:0
end_of_record
TN:
SF:src\clinical-records\dto\create-general-note.dto.ts
FNF:0
FNH:0
DA:1,0
DA:3,0
DA:5,0
DA:10,0
DA:15,0
LF:5
LH:0
BRDA:5,0,0,0
BRDA:5,0,1,0
BRDA:5,1,0,0
BRDA:5,1,1,0
BRF:4
BRH:0
end_of_record
TN:
SF:src\clinical-records\dto\list-clinical-records.dto.ts
FN:7,(anonymous_2)
FN:12,(anonymous_3)
FNF:2
FNH:0
FNDA:0,(anonymous_2)
FNDA:0,(anonymous_3)
DA:1,0
DA:2,0
DA:3,0
DA:5,0
DA:7,0
DA:9,0
DA:12,0
DA:15,0
DA:19,0
LF:9
LH:0
BRDA:19,0,0,0
BRDA:19,0,1,0
BRDA:19,1,0,0
BRDA:19,1,1,0
BRF:4
BRH:0
end_of_record
TN:
SF:src\clinical-records\dto\list-notes.dto.ts
FN:14,(anonymous_2)
FN:19,(anonymous_3)
FNF:2
FNH:0
FNDA:0,(anonymous_2)
FNDA:0,(anonymous_3)
DA:1,0
DA:2,0
DA:10,0
DA:12,0
DA:14,0
DA:16,0
DA:19,0
DA:22,0
DA:26,0
DA:30,0
DA:34,0
DA:38,0
DA:42,0
LF:13
LH:0
BRDA:34,0,0,0
BRDA:34,0,1,0
BRDA:34,1,0,0
BRDA:34,1,1,0
BRF:4
BRH:0
end_of_record
TN:
SF:src\clinical-records\dto\update-clinical-record.dto.ts
FNF:0
FNH:0
DA:1,0
DA:3,0
DA:6,0
DA:11,0
DA:16,0
LF:5
LH:0
BRDA:6,0,0,0
BRDA:6,0,1,0
BRDA:6,1,0,0
BRDA:6,1,1,0
BRF:4
BRH:0
end_of_record
TN:
SF:src\clinical-records\dto\upsert-appointment-reason.dto.ts
FNF:0
FNH:0
DA:1,0
DA:3,0
DA:5,0
DA:10,0
LF:4
LH:0
BRDA:5,0,0,0
BRDA:5,0,1,0
BRDA:5,1,0,0
BRDA:5,1,1,0
BRF:4
BRH:0
end_of_record
TN:
SF:src\common\audit\audit-logger.service.ts
FN:6,(anonymous_1)
FN:15,(anonymous_2)
FNF:2
FNH:0
FNDA:0,(anonymous_1)
FNDA:0,(anonymous_2)
DA:1,0
DA:5,0
LF:2
LH:0
BRF:0
BRH:0
end_of_record
TN:
SF:src\common\audit\audit.module.ts
FNF:0
FNH:0
DA:1,0
DA:2,0
DA:9,0
LF:3
LH:0
BRF:0
BRH:0
end_of_record
TN:
SF:src\common\auth\center-admin.guard.ts
FN:12,(anonymous_1)
FNF:1
FNH:0
FNDA:0,(anonymous_1)
DA:1,0
DA:7,0
DA:11,0
DA:13,0
DA:14,0
DA:16,0
DA:17,0
DA:22,0
LF:8
LH:0
BRDA:16,0,0,0
BRDA:16,0,1,0
BRF:2
BRH:0
end_of_record
TN:
SF:src\common\auth\jwt-auth.guard.ts
FNF:0
FNH:0
DA:1,0
DA:2,0
DA:5,0
LF:3
LH:0
BRF:0
BRH:0
end_of_record
TN:
SF:src\common\dto\pagination-query.dto.ts
FN:6,(anonymous_2)
FN:12,(anonymous_3)
FNF:2
FNH:0
FNDA:0,(anonymous_2)
FNDA:0,(anonymous_3)
DA:1,0
DA:2,0
DA:4,0
DA:6,0
DA:9,0
DA:12,0
DA:16,0
LF:7
LH:0
BRF:0
BRH:0
end_of_record
TN:
SF:src\common\prisma\prisma.module.ts
FNF:0
FNH:0
DA:1,0
DA:2,0
DA:9,0
LF:3
LH:0
BRF:0
BRH:0
end_of_record
TN:
SF:src\common\prisma\prisma.service.ts
FN:6,(anonymous_1)
FN:10,(anonymous_2)
FN:11,(anonymous_3)
FNF:3
FNH:0
FNDA:0,(anonymous_1)
FNDA:0,(anonymous_2)
FNDA:0,(anonymous_3)
DA:1,1
DA:2,1
DA:5,1
DA:7,0
DA:11,0
DA:12,0
LF:6
LH:3
BRF:0
BRH:0
end_of_record
TN:
SF:src\common\tenant\access-context.ts
FN:8,buildAccessContext
FNF:1
FNH:0
FNDA:0,buildAccessContext
DA:1,0
DA:8,0
DA:9,0
DA:11,0
DA:12,0
DA:19,0
DA:20,0
DA:27,0
LF:8
LH:0
BRDA:9,0,0,0
BRDA:9,0,1,0
BRDA:11,1,0,0
BRDA:11,1,1,0
BRDA:19,2,0,0
BRDA:19,2,1,0
BRF:6
BRH:0
end_of_record
TN:
SF:src\common\tenant\current-organization-id.decorator.ts
FN:4,(anonymous_0)
FNF:1
FNH:0
FNDA:0,(anonymous_0)
DA:1,0
DA:3,0
DA:5,0
DA:6,0
LF:4
LH:0
BRF:0
BRH:0
end_of_record
TN:
SF:src\common\tenant\current-professional-id.decorator.ts
FN:4,(anonymous_0)
FNF:1
FNH:0
FNDA:0,(anonymous_0)
DA:1,0
DA:3,0
DA:5,0
DA:6,0
LF:4
LH:0
BRF:0
BRH:0
end_of_record
TN:
SF:src\common\tenant\tenant-resolver.service.ts
FN:28,(anonymous_2)
FN:33,(anonymous_3)
FN:91,(anonymous_4)
FN:103,(anonymous_5)
FN:107,(anonymous_6)
FN:111,(anonymous_7)
FN:165,(anonymous_8)
FN:189,(anonymous_9)
FN:199,(anonymous_10)
FN:207,(anonymous_11)
FN:217,(anonymous_12)
FN:227,(anonymous_13)
FNF:12
FNH:0
FNDA:0,(anonymous_2)
FNDA:0,(anonymous_3)
FNDA:0,(anonymous_4)
FNDA:0,(anonymous_5)
FNDA:0,(anonymous_6)
FNDA:0,(anonymous_7)
FNDA:0,(anonymous_8)
FNDA:0,(anonymous_9)
FNDA:0,(anonymous_10)
FNDA:0,(anonymous_11)
FNDA:0,(anonymous_12)
FNDA:0,(anonymous_13)
DA:1,0
DA:6,0
DA:7,0
DA:8,0
DA:10,0
DA:11,0
DA:12,0
DA:13,0
DA:14,0
DA:15,0
DA:27,0
DA:29,0
DA:30,0
DA:34,0
DA:37,0
DA:42,0
DA:43,0
DA:53,0
DA:63,0
DA:64,0
DA:67,0
DA:68,0
DA:77,0
DA:92,0
DA:95,0
DA:96,0
DA:104,0
DA:108,0
DA:112,0
DA:116,0
DA:119,0
DA:120,0
DA:121,0
DA:123,0
DA:124,0
DA:125,0
DA:127,0
DA:128,0
DA:131,0
DA:132,0
DA:135,0
DA:139,0
DA:143,0
DA:145,0
DA:146,0
DA:148,0
DA:149,0
DA:152,0
DA:158,0
DA:161,0
DA:162,0
DA:169,0
DA:170,0
DA:171,0
DA:173,0
DA:179,0
DA:183,0
DA:184,0
DA:186,0
DA:190,0
DA:193,0
DA:194,0
DA:195,0
DA:196,0
DA:200,0
DA:203,0
DA:204,0
DA:208,0
DA:209,0
DA:210,0
DA:211,0
DA:213,0
DA:218,0
DA:219,0
DA:221,0
DA:222,0
DA:224,0
DA:228,0
DA:229,0
DA:230,0
DA:231,0
DA:233,0
LF:82
LH:0
BRDA:42,0,0,0
BRDA:42,0,1,0
BRDA:63,1,0,0
BRDA:63,1,1,0
BRDA:67,2,0,0
BRDA:67,2,1,0
BRDA:70,3,0,0
BRDA:70,3,1,0
BRDA:96,4,0,0
BRDA:96,4,1,0
BRDA:96,4,2,0
BRDA:116,5,0,0
BRDA:116,5,1,0
BRDA:127,6,0,0
BRDA:127,6,1,0
BRDA:127,7,0,0
BRDA:127,7,1,0
BRDA:127,7,2,0
BRDA:131,8,0,0
BRDA:131,8,1,0
BRDA:131,9,0,0
BRDA:131,9,1,0
BRDA:131,9,2,0
BRDA:135,10,0,0
BRDA:135,10,1,0
BRDA:143,11,0,0
BRDA:143,11,1,0
BRDA:145,12,0,0
BRDA:145,12,1,0
BRDA:146,13,0,0
BRDA:146,13,1,0
BRDA:148,14,0,0
BRDA:148,14,1,0
BRDA:148,15,0,0
BRDA:148,15,1,0
BRDA:152,16,0,0
BRDA:152,16,1,0
BRDA:153,17,0,0
BRDA:153,17,1,0
BRDA:153,17,2,0
BRDA:153,17,3,0
BRDA:161,18,0,0
BRDA:161,18,1,0
BRDA:169,19,0,0
BRDA:169,19,1,0
BRDA:169,20,0,0
BRDA:169,20,1,0
BRDA:170,21,0,0
BRDA:170,21,1,0
BRDA:171,22,0,0
BRDA:171,22,1,0
BRDA:180,23,0,0
BRDA:180,23,1,0
BRDA:183,24,0,0
BRDA:183,24,1,0
BRDA:183,25,0,0
BRDA:183,25,1,0
BRDA:194,26,0,0
BRDA:194,26,1,0
BRDA:194,26,2,0
BRDA:195,27,0,0
BRDA:195,27,1,0
BRDA:196,28,0,0
BRDA:196,28,1,0
BRDA:203,29,0,0
BRDA:203,29,1,0
BRDA:204,30,0,0
BRDA:204,30,1,0
BRDA:209,31,0,0
BRDA:209,31,1,0
BRDA:218,32,0,0
BRDA:218,32,1,0
BRDA:219,33,0,0
BRDA:219,33,1,0
BRDA:221,34,0,0
BRDA:221,34,1,0
BRDA:222,35,0,0
BRDA:222,35,1,0
BRDA:228,36,0,0
BRDA:228,36,1,0
BRDA:230,37,0,0
BRDA:230,37,1,0
BRDA:29,38,0,0
BRDA:29,38,1,0
BRDA:29,39,0,0
BRDA:29,39,1,0
BRDA:29,40,0,0
BRDA:29,40,1,0
BRDA:29,41,0,0
BRDA:29,41,1,0
BRF:90
BRH:0
end_of_record
TN:
SF:src\common\tenant\tenant.guard.ts
FN:13,(anonymous_2)
FN:15,(anonymous_3)
FNF:2
FNH:0
FNDA:0,(anonymous_2)
FNDA:0,(anonymous_3)
DA:1,0
DA:7,0
DA:9,0
DA:12,0
DA:13,0
DA:16,0
DA:17,0
DA:19,0
DA:20,0
DA:23,0
DA:25,0
DA:27,0
DA:28,0
DA:30,0
DA:31,0
DA:35,0
DA:36,0
DA:37,0
DA:38,0
DA:39,0
DA:43,0
DA:48,0
DA:50,0
DA:51,0
DA:53,0
DA:54,0
DA:55,0
DA:56,0
DA:61,0
DA:62,0
DA:63,0
DA:64,0
DA:65,0
DA:71,0
DA:72,0
DA:74,0
DA:75,0
DA:79,0
DA:80,0
DA:81,0
DA:82,0
DA:83,0
DA:87,0
LF:43
LH:0
BRDA:19,0,0,0
BRDA:19,0,1,0
BRDA:25,1,0,0
BRDA:25,1,1,0
BRDA:25,1,2,0
BRDA:25,1,3,0
BRDA:27,2,0,0
BRDA:27,2,1,0
BRDA:27,3,0,0
BRDA:27,3,1,0
BRDA:30,4,0,0
BRDA:30,4,1,0
BRDA:30,5,0,0
BRDA:30,5,1,0
BRDA:43,6,0,0
BRDA:43,6,1,0
BRDA:44,7,0,0
BRDA:44,7,1,0
BRDA:44,7,2,0
BRDA:50,8,0,0
BRDA:50,8,1,0
BRDA:50,9,0,0
BRDA:50,9,1,0
BRDA:53,10,0,0
BRDA:53,10,1,0
BRDA:54,11,0,0
BRDA:54,11,1,0
BRDA:55,12,0,0
BRDA:55,12,1,0
BRDA:55,13,0,0
BRDA:55,13,1,0
BRDA:71,14,0,0
BRDA:71,14,1,0
BRDA:74,15,0,0
BRDA:74,15,1,0
BRDA:74,16,0,0
BRDA:74,16,1,0
BRDA:13,17,0,0
BRDA:13,17,1,0
BRDA:13,18,0,0
BRDA:13,18,1,0
BRF:41
BRH:0
end_of_record
TN:
SF:src\common\tenant\tenant.module.ts
FNF:0
FNH:0
DA:1,0
DA:2,0
DA:3,0
DA:10,0
LF:4
LH:0
BRF:0
BRH:0
end_of_record
TN:
SF:src\common\utils\calendar-range.util.ts
FN:6,startOfIsoWeek
FN:11,endOfIsoWeek
FN:21,calendarDateKeyInTimeZone
FN:29,resolveCalendarRangeInTimeZone
FNF:4
FNH:0
FNDA:0,startOfIsoWeek
FNDA:0,endOfIsoWeek
FNDA:0,calendarDateKeyInTimeZone
FNDA:0,resolveCalendarRangeInTimeZone
DA:1,0
DA:3,0
DA:7,0
DA:8,0
DA:12,0
DA:21,0
DA:25,0
DA:26,0
DA:29,0
DA:34,0
DA:35,0
DA:37,0
DA:38,0
DA:39,0
DA:40,0
DA:43,0
DA:44,0
DA:45,0
DA:46,0
DA:49,0
DA:50,0
DA:51,0
LF:22
LH:0
BRDA:25,0,0,0
BRDA:25,0,1,0
BRDA:34,1,0,0
BRDA:34,1,1,0
BRDA:37,2,0,0
BRDA:37,2,1,0
BRDA:43,3,0,0
BRDA:43,3,1,0
BRF:8
BRH:0
end_of_record
TN:
SF:src\common\utils\date.utils.ts
FN:3,parseHourMinute
FN:16,setTimeOnDate
FN:23,minutesBetween
FN:33,formatDateOnly
FN:50,formatDateOnlyShort
FN:57,addMinutes
FN:61,startOfMonth
FN:67,endOfMonth
FNF:8
FNH:0
FNDA:0,parseHourMinute
FNDA:0,setTimeOnDate
FNDA:0,minutesBetween
FNDA:0,formatDateOnly
FNDA:0,formatDateOnlyShort
FNDA:0,addMinutes
FNDA:0,startOfMonth
FNDA:0,endOfMonth
DA:1,0
DA:3,0
DA:7,0
DA:8,0
DA:9,0
DA:10,0
DA:11,0
DA:13,0
DA:16,0
DA:17,0
DA:18,0
DA:19,0
DA:20,0
DA:23,0
DA:24,0
DA:33,0
DA:37,0
DA:50,0
DA:51,0
DA:52,0
DA:53,0
DA:54,0
DA:57,0
DA:58,0
DA:61,0
DA:62,0
DA:67,0
DA:68,0
LF:28
LH:0
BRDA:10,0,0,0
BRDA:10,0,1,0
BRDA:10,1,0,0
BRDA:10,1,1,0
BRF:4
BRH:0
end_of_record
TN:
SF:src\common\utils\phone.utils.ts
FN:6,maskPhone
FN:12,normalizePhoneDigits
FN:33,normalizeArWhatsappNumber
FN:91,phonesMatch
FNF:4
FNH:0
FNDA:0,maskPhone
FNDA:0,normalizePhoneDigits
FNDA:0,normalizeArWhatsappNumber
FNDA:0,phonesMatch
DA:1,0
DA:3,0
DA:6,0
DA:7,0
DA:8,0
DA:12,0
DA:13,0
DA:33,0
DA:34,0
DA:35,0
DA:38,0
DA:39,0
DA:40,0
DA:41,0
DA:45,0
DA:46,0
DA:51,0
DA:52,0
DA:57,0
DA:58,0
DA:65,0
DA:66,0
DA:70,0
DA:73,0
DA:74,0
DA:79,0
DA:91,0
DA:92,0
DA:93,0
DA:95,0
DA:98,0
DA:101,0
DA:102,0
DA:103,0
DA:104,0
DA:107,0
DA:110,0
DA:113,0
LF:38
LH:0
BRDA:7,0,0,0
BRDA:7,0,1,0
BRDA:7,1,0,0
BRDA:7,1,1,0
BRDA:35,2,0,0
BRDA:35,2,1,0
BRDA:38,3,0,0
BRDA:38,3,1,0
BRDA:40,4,0,0
BRDA:40,4,1,0
BRDA:45,5,0,0
BRDA:45,5,1,0
BRDA:51,6,0,0
BRDA:51,6,1,0
BRDA:51,7,0,0
BRDA:51,7,1,0
BRDA:57,8,0,0
BRDA:57,8,1,0
BRDA:57,9,0,0
BRDA:57,9,1,0
BRDA:65,10,0,0
BRDA:65,10,1,0
BRDA:73,11,0,0
BRDA:73,11,1,0
BRDA:95,12,0,0
BRDA:95,12,1,0
BRDA:95,13,0,0
BRDA:95,13,1,0
BRDA:98,14,0,0
BRDA:98,14,1,0
BRDA:103,15,0,0
BRDA:103,15,1,0
BRDA:103,16,0,0
BRDA:103,16,1,0
BRDA:103,16,2,0
BRF:35
BRH:0
end_of_record
TN:
SF:src\dashboard\dashboard.controller.ts
FN:11,(anonymous_4)
FN:14,(anonymous_5)
FNF:2
FNH:0
FNDA:0,(anonymous_4)
FNDA:0,(anonymous_5)
DA:1,0
DA:3,0
DA:4,0
DA:5,0
DA:6,0
DA:10,0
DA:11,0
DA:14,0
DA:15,0
LF:9
LH:0
BRDA:11,0,0,0
BRDA:11,0,1,0
BRDA:11,1,0,0
BRDA:11,1,1,0
BRF:4
BRH:0
end_of_record
TN:
SF:src\dashboard\dashboard.module.ts
FNF:0
FNH:0
DA:1,0
DA:2,0
DA:3,0
DA:9,0
LF:4
LH:0
BRF:0
BRH:0
end_of_record
TN:
SF:src\dashboard\dashboard.service.ts
FN:13,(anonymous_2)
FN:15,(anonymous_3)
FN:22,(anonymous_4)
FN:84,(anonymous_5)
FN:162,(anonymous_6)
FN:165,(anonymous_7)
FN:172,(anonymous_8)
FN:177,(anonymous_9)
FN:210,(anonymous_10)
FN:288,(anonymous_11)
FN:364,(anonymous_12)
FN:368,(anonymous_13)
FN:374,(anonymous_14)
FNF:13
FNH:0
FNDA:0,(anonymous_2)
FNDA:0,(anonymous_3)
FNDA:0,(anonymous_4)
FNDA:0,(anonymous_5)
FNDA:0,(anonymous_6)
FNDA:0,(anonymous_7)
FNDA:0,(anonymous_8)
FNDA:0,(anonymous_9)
FNDA:0,(anonymous_10)
FNDA:0,(anonymous_11)
FNDA:0,(anonymous_12)
FNDA:0,(anonymous_13)
FNDA:0,(anonymous_14)
DA:1,0
DA:2,0
DA:3,0
DA:4,0
DA:6,0
DA:12,0
DA:13,0
DA:16,0
DA:17,0
DA:19,0
DA:23,0
DA:27,0
DA:28,0
DA:29,0
DA:30,0
DA:35,0
DA:40,0
DA:53,0
DA:82,0
DA:83,0
DA:84,0
DA:89,0
DA:115,0
DA:158,0
DA:159,0
DA:160,0
DA:161,0
DA:162,0
DA:163,0
DA:164,0
DA:165,0
DA:168,0
DA:172,0
DA:177,0
DA:185,0
DA:189,0
DA:211,0
DA:215,0
DA:217,0
DA:218,0
DA:220,0
DA:225,0
DA:230,0
DA:244,0
DA:286,0
DA:287,0
DA:288,0
DA:297,0
DA:355,0
DA:356,0
DA:358,0
DA:362,0
DA:363,0
DA:364,0
DA:365,0
DA:367,0
DA:368,0
DA:371,0
DA:374,0
DA:379,0
DA:392,0
LF:61
LH:0
BRDA:16,0,0,0
BRDA:16,0,1,0
BRDA:158,1,0,0
BRDA:158,1,1,0
BRDA:159,2,0,0
BRDA:159,2,1,0
BRDA:185,3,0,0
BRDA:185,3,1,0
BRDA:355,4,0,0
BRDA:355,4,1,0
BRDA:356,5,0,0
BRDA:356,5,1,0
BRDA:358,6,0,0
BRDA:358,6,1,0
BRDA:379,7,0,0
BRDA:379,7,1,0
BRDA:13,8,0,0
BRDA:13,8,1,0
BRDA:13,9,0,0
BRDA:13,9,1,0
BRF:20
BRH:0
end_of_record
TN:
SF:src\finance\finance.controller.ts
FN:28,(anonymous_4)
FN:31,(anonymous_5)
FN:36,(anonymous_6)
FN:41,(anonymous_7)
FN:46,(anonymous_8)
FN:55,(anonymous_9)
FN:60,(anonymous_10)
FN:65,(anonymous_11)
FN:74,(anonymous_12)
FNF:9
FNH:0
FNDA:0,(anonymous_4)
FNDA:0,(anonymous_5)
FNDA:0,(anonymous_6)
FNDA:0,(anonymous_7)
FNDA:0,(anonymous_8)
FNDA:0,(anonymous_9)
FNDA:0,(anonymous_10)
FNDA:0,(anonymous_11)
FNDA:0,(anonymous_12)
DA:1,0
DA:14,0
DA:15,0
DA:16,0
DA:17,0
DA:18,0
DA:19,0
DA:20,0
DA:21,0
DA:22,0
DA:23,0
DA:27,0
DA:28,0
DA:31,0
DA:32,0
DA:36,0
DA:37,0
DA:41,0
DA:42,0
DA:46,0
DA:51,0
DA:55,0
DA:56,0
DA:60,0
DA:61,0
DA:65,0
DA:70,0
DA:74,0
DA:75,0
LF:29
LH:0
BRDA:31,0,0,0
BRDA:31,0,1,0
BRDA:31,1,0,0
BRDA:31,1,1,0
BRDA:36,2,0,0
BRDA:36,2,1,0
BRDA:36,3,0,0
BRDA:36,3,1,0
BRDA:41,4,0,0
BRDA:41,4,1,0
BRDA:41,5,0,0
BRDA:41,5,1,0
BRDA:49,6,0,0
BRDA:49,6,1,0
BRDA:49,7,0,0
BRDA:49,7,1,0
BRDA:55,8,0,0
BRDA:55,8,1,0
BRDA:55,9,0,0
BRDA:55,9,1,0
BRDA:60,10,0,0
BRDA:60,10,1,0
BRDA:60,11,0,0
BRDA:60,11,1,0
BRDA:68,12,0,0
BRDA:68,12,1,0
BRDA:68,13,0,0
BRDA:68,13,1,0
BRDA:28,14,0,0
BRDA:28,14,1,0
BRDA:28,15,0,0
BRDA:28,15,1,0
BRF:32
BRH:0
end_of_record
TN:
SF:src\finance\finance.module.ts
FNF:0
FNH:0
DA:1,0
DA:2,0
DA:3,0
DA:9,0
LF:4
LH:0
BRF:0
BRH:0
end_of_record
TN:
SF:src\finance\finance.service.ts
FN:20,(anonymous_2)
FN:22,(anonymous_3)
FN:96,(anonymous_4)
FN:116,(anonymous_5)
FN:141,(anonymous_6)
FN:168,(anonymous_7)
FN:188,(anonymous_8)
FN:212,(anonymous_9)
FN:239,(anonymous_10)
FN:258,(anonymous_11)
FN:296,(anonymous_12)
FN:332,(anonymous_13)
FNF:12
FNH:0
FNDA:0,(anonymous_2)
FNDA:0,(anonymous_3)
FNDA:0,(anonymous_4)
FNDA:0,(anonymous_5)
FNDA:0,(anonymous_6)
FNDA:0,(anonymous_7)
FNDA:0,(anonymous_8)
FNDA:0,(anonymous_9)
FNDA:0,(anonymous_10)
FNDA:0,(anonymous_11)
FNDA:0,(anonymous_12)
FNDA:0,(anonymous_13)
DA:1,0
DA:6,0
DA:7,0
DA:11,0
DA:15,0
DA:19,0
DA:20,0
DA:23,0
DA:24,0
DA:25,0
DA:27,0
DA:28,0
DA:30,0
DA:40,0
DA:78,0
DA:79,0
DA:81,0
DA:83,0
DA:97,0
DA:98,0
DA:100,0
DA:117,0
DA:122,0
DA:143,0
DA:152,0
DA:155,0
DA:157,0
DA:169,0
DA:170,0
DA:172,0
DA:189,0
DA:194,0
DA:214,0
DA:223,0
DA:226,0
DA:228,0
DA:241,0
DA:250,0
DA:253,0
DA:254,0
DA:255,0
DA:262,0
DA:263,0
DA:266,0
DA:267,0
DA:271,0
DA:280,0
DA:281,0
DA:284,0
DA:285,0
DA:288,0
DA:304,0
DA:305,0
DA:308,0
DA:309,0
DA:310,0
DA:311,0
DA:315,0
DA:318,0
DA:319,0
DA:324,0
DA:329,0
DA:336,0
DA:340,0
DA:341,0
LF:65
LH:0
BRDA:23,0,0,0
BRDA:23,0,1,0
BRDA:30,1,0,0
BRDA:30,1,1,0
BRDA:30,2,0,0
BRDA:30,2,1,0
BRDA:35,3,0,0
BRDA:35,3,1,0
BRDA:78,4,0,0
BRDA:78,4,1,0
BRDA:79,5,0,0
BRDA:79,5,1,0
BRDA:81,6,0,0
BRDA:81,6,1,0
BRDA:106,7,0,0
BRDA:106,7,1,0
BRDA:131,8,0,0
BRDA:131,8,1,0
BRDA:143,9,0,0
BRDA:143,9,1,0
BRDA:155,10,0,0
BRDA:155,10,1,0
BRDA:161,11,0,0
BRDA:161,11,1,0
BRDA:162,12,0,0
BRDA:162,12,1,0
BRDA:178,13,0,0
BRDA:178,13,1,0
BRDA:202,14,0,0
BRDA:202,14,1,0
BRDA:214,15,0,0
BRDA:214,15,1,0
BRDA:226,16,0,0
BRDA:226,16,1,0
BRDA:233,17,0,0
BRDA:233,17,1,0
BRDA:234,18,0,0
BRDA:234,18,1,0
BRDA:241,19,0,0
BRDA:241,19,1,0
BRDA:253,20,0,0
BRDA:253,20,1,0
BRDA:262,21,0,0
BRDA:262,21,1,0
BRDA:266,22,0,0
BRDA:266,22,1,0
BRDA:280,23,0,0
BRDA:280,23,1,0
BRDA:284,24,0,0
BRDA:284,24,1,0
BRDA:304,25,0,0
BRDA:304,25,1,0
BRDA:308,26,0,0
BRDA:308,26,1,0
BRDA:309,27,0,0
BRDA:309,27,1,0
BRDA:310,28,0,0
BRDA:310,28,1,0
BRDA:318,29,0,0
BRDA:318,29,1,0
BRDA:340,30,0,0
BRDA:340,30,1,0
BRDA:20,31,0,0
BRDA:20,31,1,0
BRDA:20,32,0,0
BRDA:20,32,1,0
BRF:66
BRH:0
end_of_record
TN:
SF:src\finance\dto\create-expense.dto.ts
FN:26,(anonymous_2)
FNF:1
FNH:0
FNDA:0,(anonymous_2)
DA:1,0
DA:2,0
DA:11,0
DA:13,0
DA:16,0
DA:20,0
DA:24,0
DA:26,0
DA:29,0
DA:32,0
LF:10
LH:0
BRDA:16,0,0,0
BRDA:16,0,1,0
BRDA:16,1,0,0
BRDA:16,1,1,0
BRF:4
BRH:0
end_of_record
TN:
SF:src\finance\dto\create-revenue.dto.ts
FN:11,(anonymous_2)
FN:25,(anonymous_3)
FNF:2
FNH:0
FNDA:0,(anonymous_2)
FNDA:0,(anonymous_3)
DA:1,0
DA:2,0
DA:11,0
DA:12,0
DA:13,0
DA:16,0
DA:19,0
DA:23,0
DA:25,0
DA:28,0
DA:31,0
DA:35,0
DA:39,0
LF:13
LH:0
BRDA:11,0,0,0
BRDA:11,0,1,0
BRF:2
BRH:0
end_of_record
TN:
SF:src\finance\dto\list-finance.dto.ts
FNF:0
FNH:0
DA:1,0
DA:2,0
DA:3,0
DA:5,0
DA:8,0
DA:12,0
LF:6
LH:0
BRDA:8,0,0,0
BRDA:8,0,1,0
BRDA:8,1,0,0
BRDA:8,1,1,0
BRF:4
BRH:0
end_of_record
TN:
SF:src\finance\dto\summary-query.dto.ts
FNF:0
FNH:0
DA:1,0
DA:2,0
DA:4,0
DA:7,0
DA:11,0
DA:15,0
LF:6
LH:0
BRDA:11,0,0,0
BRDA:11,0,1,0
BRDA:11,1,0,0
BRDA:11,1,1,0
BRF:4
BRH:0
end_of_record
TN:
SF:src\finance\dto\update-expense.dto.ts
FN:18,(anonymous_2)
FNF:1
FNH:0
FNDA:0,(anonymous_2)
DA:1,0
DA:2,0
DA:11,0
DA:15,0
DA:18,0
DA:21,0
DA:25,0
LF:7
LH:0
BRF:0
BRH:0
end_of_record
TN:
SF:src\finance\dto\update-revenue.dto.ts
FN:12,(anonymous_2)
FNF:1
FNH:0
FNDA:0,(anonymous_2)
DA:1,0
DA:8,0
DA:10,0
DA:12,0
DA:15,0
DA:19,0
DA:23,0
LF:7
LH:0
BRF:0
BRH:0
end_of_record
TN:
SF:src\intake-form\intake-form.controller.ts
FN:22,(anonymous_4)
FN:25,(anonymous_5)
FN:31,(anonymous_6)
FN:44,(anonymous_7)
FN:50,(anonymous_8)
FNF:5
FNH:0
FNDA:0,(anonymous_4)
FNDA:0,(anonymous_5)
FNDA:0,(anonymous_6)
FNDA:0,(anonymous_7)
FNDA:0,(anonymous_8)
DA:1,0
DA:10,0
DA:11,0
DA:12,0
DA:13,0
DA:14,0
DA:15,0
DA:16,0
DA:21,0
DA:22,0
DA:25,0
DA:26,0
DA:31,0
DA:35,0
DA:43,0
DA:45,0
DA:46,0
DA:50,0
DA:54,0
DA:58,0
DA:61,0
DA:64,0
DA:65,0
DA:75,0
DA:76,0
DA:80,0
DA:81,0
DA:84,0
DA:95,0
LF:29
LH:0
BRDA:33,0,0,0
BRDA:33,0,1,0
BRDA:33,1,0,0
BRDA:33,1,1,0
BRDA:22,2,0,0
BRDA:22,2,1,0
BRDA:22,3,0,0
BRDA:22,3,1,0
BRDA:58,4,0,0
BRDA:58,4,1,0
BRDA:61,5,0,0
BRDA:61,5,1,0
BRDA:64,6,0,0
BRDA:64,6,1,0
BRDA:64,7,0,0
BRDA:64,7,1,0
BRDA:75,8,0,0
BRDA:75,8,1,0
BRDA:80,9,0,0
BRDA:80,9,1,0
BRDA:97,10,0,0
BRDA:97,10,1,0
BRDA:98,11,0,0
BRDA:98,11,1,0
BRDA:45,12,0,0
BRDA:45,12,1,0
BRDA:45,13,0,0
BRDA:45,13,1,0
BRDA:45,14,0,0
BRDA:45,14,1,0
BRDA:45,15,0,0
BRDA:45,15,1,0
BRF:32
BRH:0
end_of_record
TN:
SF:src\intake-form\intake-form.module.ts
FNF:0
FNH:0
DA:1,0
DA:2,0
DA:3,0
DA:7,0
DA:15,0
LF:5
LH:0
BRF:0
BRH:0
end_of_record
TN:
SF:src\intake-form\intake-form.service.ts
FN:62,(anonymous_2)
FN:65,(anonymous_3)
FN:84,(anonymous_4)
FNF:3
FNH:0
FNDA:0,(anonymous_2)
FNDA:0,(anonymous_3)
FNDA:0,(anonymous_4)
DA:1,0
DA:8,0
DA:59,0
DA:60,0
DA:62,0
DA:66,0
DA:71,0
DA:72,0
DA:75,0
DA:88,0
DA:95,0
DA:96,0
DA:99,0
DA:100,0
DA:106,0
DA:107,0
DA:108,0
DA:109,0
DA:110,0
DA:111,0
DA:115,0
DA:158,0
DA:159,0
DA:160,0
DA:170,0
DA:173,0
DA:179,0
DA:190,0
DA:203,0
DA:208,0
LF:30
LH:0
BRDA:71,0,0,0
BRDA:71,0,1,0
BRDA:77,1,0,0
BRDA:77,1,1,0
BRDA:95,2,0,0
BRDA:95,2,1,0
BRDA:99,3,0,0
BRDA:99,3,1,0
BRDA:110,4,0,0
BRDA:110,4,1,0
BRDA:110,5,0,0
BRDA:110,5,1,0
BRDA:110,5,2,0
BRDA:123,6,0,0
BRDA:123,6,1,0
BRDA:124,7,0,0
BRDA:124,7,1,0
BRDA:125,8,0,0
BRDA:125,8,1,0
BRDA:126,9,0,0
BRDA:126,9,1,0
BRDA:129,10,0,0
BRDA:129,10,1,0
BRDA:130,11,0,0
BRDA:130,11,1,0
BRDA:131,12,0,0
BRDA:131,12,1,0
BRDA:132,13,0,0
BRDA:132,13,1,0
BRDA:133,14,0,0
BRDA:133,14,1,0
BRDA:134,15,0,0
BRDA:134,15,1,0
BRDA:137,16,0,0
BRDA:137,16,1,0
BRDA:138,17,0,0
BRDA:138,17,1,0
BRDA:139,18,0,0
BRDA:139,18,1,0
BRDA:140,19,0,0
BRDA:140,19,1,0
BRDA:141,20,0,0
BRDA:141,20,1,0
BRDA:142,21,0,0
BRDA:142,21,1,0
BRDA:145,22,0,0
BRDA:145,22,1,0
BRDA:146,23,0,0
BRDA:146,23,1,0
BRDA:147,24,0,0
BRDA:147,24,1,0
BRDA:148,25,0,0
BRDA:148,25,1,0
BRDA:149,26,0,0
BRDA:149,26,1,0
BRDA:152,27,0,0
BRDA:152,27,1,0
BRDA:153,28,0,0
BRDA:153,28,1,0
BRDA:159,29,0,0
BRDA:159,29,1,0
BRDA:163,30,0,0
BRDA:163,30,1,0
BRDA:194,31,0,0
BRDA:194,31,1,0
BRDA:62,32,0,0
BRDA:62,32,1,0
BRDA:62,33,0,0
BRDA:62,33,1,0
BRF:69
BRH:0
end_of_record
TN:
SF:src\intake-form\dto\submit-intake.dto.ts
FN:133,(anonymous_2)
FN:137,(anonymous_3)
FN:141,(anonymous_4)
FN:145,(anonymous_5)
FN:149,(anonymous_6)
FNF:5
FNH:0
FNDA:0,(anonymous_2)
FNDA:0,(anonymous_3)
FNDA:0,(anonymous_4)
FNDA:0,(anonymous_5)
FNDA:0,(anonymous_6)
DA:1,0
DA:10,0
DA:12,0
DA:15,0
DA:19,0
DA:23,0
DA:27,0
DA:30,0
DA:33,0
DA:37,0
DA:41,0
DA:45,0
DA:49,0
DA:53,0
DA:56,0
DA:59,0
DA:63,0
DA:67,0
DA:71,0
DA:75,0
DA:78,0
DA:81,0
DA:85,0
DA:88,0
DA:91,0
DA:95,0
DA:99,0
DA:103,0
DA:107,0
DA:111,0
DA:114,0
DA:116,0
DA:119,0
DA:122,0
DA:126,0
DA:130,0
DA:133,0
DA:134,0
DA:137,0
DA:138,0
DA:141,0
DA:142,0
DA:145,0
DA:146,0
DA:149,0
DA:150,0
LF:46
LH:0
BRF:0
BRH:0
end_of_record
TN:
SF:src\message-templates\message-templates.controller.ts
FN:26,(anonymous_4)
FN:29,(anonymous_5)
FN:37,(anonymous_6)
FN:50,(anonymous_7)
FN:58,(anonymous_8)
FNF:5
FNH:0
FNDA:0,(anonymous_4)
FNDA:0,(anonymous_5)
FNDA:0,(anonymous_6)
FNDA:0,(anonymous_7)
FNDA:0,(anonymous_8)
DA:1,0
DA:13,0
DA:14,0
DA:15,0
DA:16,0
DA:21,0
DA:25,0
DA:26,0
DA:29,0
DA:30,0
DA:31,0
DA:32,0
DA:33,0
DA:37,0
DA:42,0
DA:43,0
DA:44,0
DA:45,0
DA:46,0
DA:50,0
DA:51,0
DA:52,0
DA:53,0
DA:54,0
DA:55,0
DA:59,0
DA:60,0
LF:27
LH:0
BRDA:31,0,0,0
BRDA:31,0,1,0
BRDA:32,1,0,0
BRDA:32,1,1,0
BRDA:44,2,0,0
BRDA:44,2,1,0
BRDA:45,3,0,0
BRDA:45,3,1,0
BRDA:53,4,0,0
BRDA:53,4,1,0
BRDA:54,5,0,0
BRDA:54,5,1,0
BRDA:59,6,0,0
BRDA:59,6,1,0
BRDA:40,7,0,0
BRDA:40,7,1,0
BRDA:40,8,0,0
BRDA:40,8,1,0
BRDA:26,9,0,0
BRDA:26,9,1,0
BRDA:26,10,0,0
BRDA:26,10,1,0
BRF:22
BRH:0
end_of_record
TN:
SF:src\message-templates\message-templates.module.ts
FNF:0
FNH:0
DA:1,0
DA:2,0
DA:3,0
DA:4,0
DA:12,0
LF:5
LH:0
BRF:0
BRH:0
end_of_record
TN:
SF:src\message-templates\message-templates.service.ts
FN:192,collectBodies
FN:206,randomIndex
FN:212,(anonymous_4)
FN:214,(anonymous_5)
FN:221,(anonymous_6)
FN:223,(anonymous_7)
FN:237,(anonymous_8)
FN:289,(anonymous_9)
FN:310,(anonymous_10)
FNF:9
FNH:0
FNDA:0,collectBodies
FNDA:0,randomIndex
FNDA:0,(anonymous_4)
FNDA:0,(anonymous_5)
FNDA:0,(anonymous_6)
FNDA:0,(anonymous_7)
FNDA:0,(anonymous_8)
FNDA:0,(anonymous_9)
FNDA:0,(anonymous_10)
DA:1,0
DA:2,0
DA:3,0
DA:6,0
DA:24,0
DA:197,0
DA:198,0
DA:199,0
DA:200,0
DA:207,0
DA:211,0
DA:212,0
DA:218,0
DA:219,0
DA:221,0
DA:223,0
DA:224,0
DA:225,0
DA:226,0
DA:243,0
DA:247,0
DA:265,0
DA:269,0
DA:270,0
DA:272,0
DA:278,0
DA:279,0
DA:294,0
DA:297,0
DA:299,0
DA:300,0
DA:315,0
DA:318,0
DA:319,0
DA:322,0
DA:325,0
DA:327,0
DA:337,0
DA:341,0
DA:344,0
DA:346,0
LF:41
LH:0
BRDA:198,0,0,0
BRDA:198,0,1,0
BRDA:199,1,0,0
BRDA:199,1,1,0
BRDA:218,2,0,0
BRDA:218,2,1,0
BRDA:228,3,0,0
BRDA:228,3,1,0
BRDA:229,4,0,0
BRDA:229,4,1,0
BRDA:230,5,0,0
BRDA:230,5,1,0
BRDA:231,6,0,0
BRDA:231,6,1,0
BRDA:243,7,0,0
BRDA:243,7,1,0
BRDA:247,8,0,0
BRDA:247,8,1,0
BRDA:252,9,0,0
BRDA:252,9,1,0
BRDA:253,10,0,0
BRDA:253,10,1,0
BRDA:254,11,0,0
BRDA:254,11,1,0
BRDA:260,12,0,0
BRDA:260,12,1,0
BRDA:261,13,0,0
BRDA:261,13,1,0
BRDA:262,14,0,0
BRDA:262,14,1,0
BRDA:267,15,0,0
BRDA:267,15,1,0
BRDA:269,16,0,0
BRDA:269,16,1,0
BRDA:270,17,0,0
BRDA:270,17,1,0
BRDA:282,18,0,0
BRDA:282,18,1,0
BRDA:283,19,0,0
BRDA:283,19,1,0
BRDA:294,20,0,0
BRDA:294,20,1,0
BRDA:318,21,0,0
BRDA:318,21,1,0
BRDA:322,22,0,0
BRDA:322,22,1,0
BRDA:330,23,0,0
BRDA:330,23,1,0
BRDA:331,24,0,0
BRDA:331,24,1,0
BRDA:332,25,0,0
BRDA:332,25,1,0
BRDA:341,26,0,0
BRDA:341,26,1,0
BRDA:349,27,0,0
BRDA:349,27,1,0
BRDA:350,28,0,0
BRDA:350,28,1,0
BRDA:351,29,0,0
BRDA:351,29,1,0
BRDA:212,30,0,0
BRDA:212,30,1,0
BRDA:212,31,0,0
BRDA:212,31,1,0
BRF:64
BRH:0
end_of_record
TN:
SF:src\message-templates\dto\upsert-template.dto.ts
FNF:0
FNH:0
DA:1,0
DA:10,0
DA:15,0
DA:20,0
DA:25,0
DA:29,0
LF:6
LH:0
BRF:0
BRH:0
end_of_record
TN:
SF:src\messages\messages.controller.ts
FN:13,(anonymous_4)
FN:16,(anonymous_5)
FN:24,(anonymous_6)
FN:29,(anonymous_7)
FNF:4
FNH:0
FNDA:0,(anonymous_4)
FNDA:0,(anonymous_5)
FNDA:0,(anonymous_6)
FNDA:0,(anonymous_7)
DA:1,0
DA:3,0
DA:4,0
DA:5,0
DA:6,0
DA:7,0
DA:8,0
DA:12,0
DA:13,0
DA:16,0
DA:17,0
DA:24,0
DA:25,0
DA:29,0
DA:30,0
LF:15
LH:0
BRDA:16,0,0,0
BRDA:16,0,1,0
BRDA:16,1,0,0
BRDA:16,1,1,0
BRDA:24,2,0,0
BRDA:24,2,1,0
BRDA:24,3,0,0
BRDA:24,3,1,0
BRDA:13,4,0,0
BRDA:13,4,1,0
BRDA:13,5,0,0
BRDA:13,5,1,0
BRF:12
BRH:0
end_of_record
TN:
SF:src\messages\messages.module.ts
FNF:0
FNH:0
DA:1,0
DA:2,0
DA:3,0
DA:4,0
DA:12,0
LF:5
LH:0
BRF:0
BRH:0
end_of_record
TN:
SF:src\messages\messages.service.ts
FN:31,(anonymous_2)
FN:33,(anonymous_3)
FN:62,(anonymous_4)
FN:132,(anonymous_5)
FN:154,(anonymous_6)
FN:169,(anonymous_7)
FN:193,(anonymous_8)
FNF:7
FNH:0
FNDA:0,(anonymous_2)
FNDA:0,(anonymous_3)
FNDA:0,(anonymous_4)
FNDA:0,(anonymous_5)
FNDA:0,(anonymous_6)
FNDA:0,(anonymous_7)
FNDA:0,(anonymous_8)
DA:1,0
DA:3,0
DA:8,0
DA:30,0
DA:31,0
DA:34,0
DA:35,0
DA:42,0
DA:53,0
DA:63,0
DA:65,0
DA:66,0
DA:67,0
DA:69,0
DA:70,0
DA:71,0
DA:75,0
DA:85,0
DA:108,0
DA:132,0
DA:133,0
DA:134,0
DA:136,0
DA:137,0
DA:138,0
DA:139,0
DA:143,0
DA:154,0
DA:155,0
DA:156,0
DA:157,0
DA:160,0
DA:170,0
DA:171,0
DA:174,0
DA:178,0
DA:184,0
DA:185,0
DA:186,0
DA:187,0
DA:190,0
DA:203,0
DA:207,0
DA:208,0
DA:209,0
DA:212,0
DA:213,0
DA:214,0
DA:215,0
DA:217,0
LF:50
LH:0
BRDA:58,0,0,0
BRDA:58,0,1,0
BRDA:66,1,0,0
BRDA:66,1,1,0
BRDA:67,2,0,0
BRDA:67,2,1,0
BRDA:70,3,0,0
BRDA:70,3,1,0
BRDA:70,4,0,0
BRDA:70,4,1,0
BRDA:75,5,0,0
BRDA:75,5,1,0
BRDA:77,6,0,0
BRDA:77,6,1,0
BRDA:87,7,0,0
BRDA:87,7,1,0
BRDA:137,8,0,0
BRDA:137,8,1,0
BRDA:138,9,0,0
BRDA:138,9,1,0
BRDA:138,10,0,0
BRDA:138,10,1,0
BRDA:155,11,0,0
BRDA:155,11,1,0
BRDA:156,12,0,0
BRDA:156,12,1,0
BRDA:165,13,0,0
BRDA:165,13,1,0
BRDA:174,14,0,0
BRDA:174,14,1,0
BRDA:188,15,0,0
BRDA:188,15,1,0
BRDA:188,16,0,0
BRDA:188,16,1,0
BRDA:188,17,0,0
BRDA:188,17,1,0
BRDA:203,18,0,0
BRDA:203,18,1,0
BRDA:207,19,0,0
BRDA:207,19,1,0
BRDA:208,20,0,0
BRDA:208,20,1,0
BRDA:213,21,0,0
BRDA:213,21,1,0
BRDA:214,22,0,0
BRDA:214,22,1,0
BRDA:215,23,0,0
BRDA:215,23,1,0
BRDA:215,24,0,0
BRDA:215,24,1,0
BRDA:31,25,0,0
BRDA:31,25,1,0
BRDA:31,26,0,0
BRDA:31,26,1,0
BRF:54
BRH:0
end_of_record
TN:
SF:src\messages\dto\grouped-messages.dto.ts
FNF:0
FNH:0
DA:1,0
DA:2,0
DA:4,0
DA:7,0
DA:11,0
DA:15,0
LF:6
LH:0
BRF:0
BRH:0
end_of_record
TN:
SF:src\messages\dto\list-messages.dto.ts
FN:18,(anonymous_2)
FN:21,(anonymous_3)
FNF:2
FNH:0
FNDA:0,(anonymous_2)
FNDA:0,(anonymous_3)
DA:1,0
DA:2,0
DA:3,0
DA:10,0
DA:12,0
DA:15,0
DA:19,0
DA:20,0
DA:21,0
DA:25,0
DA:29,0
DA:33,0
DA:37,0
LF:13
LH:0
BRDA:19,0,0,0
BRDA:19,0,1,0
BRDA:19,1,0,0
BRDA:19,1,1,0
BRDA:19,1,2,0
BRDA:20,2,0,0
BRDA:20,2,1,0
BRF:7
BRH:0
end_of_record
TN:
SF:src\notifications\notifications.controller.ts
FN:13,(anonymous_4)
FN:16,(anonymous_5)
FN:24,(anonymous_6)
FN:32,(anonymous_7)
FNF:4
FNH:0
FNDA:0,(anonymous_4)
FNDA:0,(anonymous_5)
FNDA:0,(anonymous_6)
FNDA:0,(anonymous_7)
DA:1,0
DA:3,0
DA:4,0
DA:5,0
DA:6,0
DA:12,0
DA:13,0
DA:16,0
DA:17,0
DA:18,0
DA:19,0
DA:20,0
DA:24,0
DA:25,0
DA:26,0
DA:27,0
DA:28,0
DA:32,0
DA:33,0
DA:34,0
DA:35,0
DA:36,0
LF:22
LH:0
BRDA:19,0,0,0
BRDA:19,0,1,0
BRDA:27,1,0,0
BRDA:27,1,1,0
BRDA:35,2,0,0
BRDA:35,2,1,0
BRDA:13,3,0,0
BRDA:13,3,1,0
BRDA:13,4,0,0
BRDA:13,4,1,0
BRF:10
BRH:0
end_of_record
TN:
SF:src\notifications\notifications.module.ts
FNF:0
FNH:0
DA:1,0
DA:2,0
DA:3,0
DA:10,0
LF:4
LH:0
BRF:0
BRH:0
end_of_record
TN:
SF:src\notifications\notifications.service.ts
FN:19,(anonymous_2)
FN:21,(anonymous_3)
FN:61,(anonymous_4)
FN:64,(anonymous_5)
FN:70,(anonymous_6)
FN:80,(anonymous_7)
FN:85,(anonymous_8)
FN:100,(anonymous_9)
FN:108,(anonymous_10)
FNF:9
FNH:0
FNDA:0,(anonymous_2)
FNDA:0,(anonymous_3)
FNDA:0,(anonymous_4)
FNDA:0,(anonymous_5)
FNDA:0,(anonymous_6)
FNDA:0,(anonymous_7)
FNDA:0,(anonymous_8)
FNDA:0,(anonymous_9)
FNDA:0,(anonymous_10)
DA:1,0
DA:3,0
DA:4,0
DA:14,0
DA:15,0
DA:17,0
DA:19,0
DA:32,0
DA:47,0
DA:53,0
DA:62,0
DA:65,0
DA:71,0
DA:80,0
DA:86,0
DA:87,0
DA:97,0
DA:101,0
DA:102,0
DA:109,0
DA:110,0
LF:21
LH:0
BRDA:42,0,0,0
BRDA:42,0,1,0
BRDA:65,1,0,0
BRDA:65,1,1,0
BRDA:85,2,0,0
BRDA:86,3,0,0
BRDA:86,3,1,0
BRDA:100,4,0,0
BRDA:101,5,0,0
BRDA:101,5,1,0
BRDA:108,6,0,0
BRDA:109,7,0,0
BRDA:109,7,1,0
BRDA:19,8,0,0
BRDA:19,8,1,0
BRDA:19,9,0,0
BRDA:19,9,1,0
BRF:17
BRH:0
end_of_record
TN:
SF:src\organization\organization.controller.ts
FN:30,(anonymous_4)
FN:36,(anonymous_5)
FN:41,(anonymous_6)
FN:46,(anonymous_7)
FN:59,(anonymous_8)
FN:67,(anonymous_9)
FN:80,(anonymous_10)
FN:93,(anonymous_11)
FN:98,(anonymous_12)
FN:111,(anonymous_13)
FN:119,(anonymous_14)
FN:127,(anonymous_15)
FN:136,(anonymous_16)
FN:155,(anonymous_17)
FN:164,(anonymous_18)
FNF:15
FNH:0
FNDA:0,(anonymous_4)
FNDA:0,(anonymous_5)
FNDA:0,(anonymous_6)
FNDA:0,(anonymous_7)
FNDA:0,(anonymous_8)
FNDA:0,(anonymous_9)
FNDA:0,(anonymous_10)
FNDA:0,(anonymous_11)
FNDA:0,(anonymous_12)
FNDA:0,(anonymous_13)
FNDA:0,(anonymous_14)
FNDA:0,(anonymous_15)
FNDA:0,(anonymous_16)
FNDA:0,(anonymous_17)
FNDA:0,(anonymous_18)
DA:1,0
DA:15,0
DA:16,0
DA:17,0
DA:18,0
DA:19,0
DA:20,0
DA:21,0
DA:22,0
DA:23,0
DA:24,0
DA:25,0
DA:29,0
DA:31,0
DA:32,0
DA:36,0
DA:37,0
DA:41,0
DA:42,0
DA:46,0
DA:51,0
DA:59,0
DA:63,0
DA:67,0
DA:72,0
DA:80,0
DA:84,0
DA:93,0
DA:94,0
DA:98,0
DA:102,0
DA:111,0
DA:115,0
DA:119,0
DA:123,0
DA:127,0
DA:131,0
DA:132,0
DA:136,0
DA:141,0
DA:142,0
DA:146,0
DA:151,0
DA:155,0
DA:159,0
DA:160,0
DA:164,0
DA:169,0
DA:170,0
LF:49
LH:0
BRDA:141,0,0,0
BRDA:141,0,1,0
BRDA:61,1,0,0
BRDA:61,1,1,0
BRDA:61,2,0,0
BRDA:61,2,1,0
BRDA:70,3,0,0
BRDA:70,3,1,0
BRDA:70,4,0,0
BRDA:70,4,1,0
BRDA:100,5,0,0
BRDA:100,5,1,0
BRDA:100,6,0,0
BRDA:100,6,1,0
BRDA:113,7,0,0
BRDA:113,7,1,0
BRDA:113,8,0,0
BRDA:113,8,1,0
BRDA:139,9,0,0
BRDA:139,9,1,0
BRDA:139,10,0,0
BRDA:139,10,1,0
BRDA:31,11,0,0
BRDA:31,11,1,0
BRDA:31,12,0,0
BRDA:31,12,1,0
BRDA:31,13,0,0
BRDA:31,13,1,0
BRDA:31,14,0,0
BRDA:31,14,1,0
BRF:30
BRH:0
end_of_record
TN:
SF:src\organization\organization.module.ts
FNF:0
FNH:0
DA:1,0
DA:2,0
DA:3,0
DA:4,0
DA:12,0
LF:5
LH:0
BRF:0
BRH:0
end_of_record
TN:
SF:src\organization\organization.service.ts
FN:15,(anonymous_11)
FN:17,(anonymous_12)
FN:34,(anonymous_13)
FN:79,(anonymous_14)
FN:96,(anonymous_15)
FN:99,(anonymous_16)
FN:102,(anonymous_17)
FN:109,(anonymous_18)
FN:158,(anonymous_19)
FN:251,(anonymous_20)
FN:266,(anonymous_21)
FN:331,(anonymous_22)
FN:338,(anonymous_23)
FN:391,(anonymous_24)
FN:404,(anonymous_25)
FN:415,(anonymous_26)
FNF:16
FNH:0
FNDA:0,(anonymous_11)
FNDA:0,(anonymous_12)
FNDA:0,(anonymous_13)
FNDA:0,(anonymous_14)
FNDA:0,(anonymous_15)
FNDA:0,(anonymous_16)
FNDA:0,(anonymous_17)
FNDA:0,(anonymous_18)
FNDA:0,(anonymous_19)
FNDA:0,(anonymous_20)
FNDA:0,(anonymous_21)
FNDA:0,(anonymous_22)
FNDA:0,(anonymous_23)
FNDA:0,(anonymous_24)
FNDA:0,(anonymous_25)
FNDA:0,(anonymous_26)
DA:1,0
DA:6,0
DA:7,0
DA:8,0
DA:14,0
DA:15,0
DA:18,0
DA:39,0
DA:41,0
DA:42,0
DA:45,0
DA:46,0
DA:47,0
DA:48,0
DA:51,0
DA:79,0
DA:80,0
DA:82,0
DA:95,0
DA:96,0
DA:98,0
DA:99,0
DA:102,0
DA:113,0
DA:118,0
DA:119,0
DA:121,0
DA:122,0
DA:152,0
DA:154,0
DA:163,0
DA:165,0
DA:166,0
DA:247,0
DA:252,0
DA:254,0
DA:259,0
DA:267,0
DA:268,0
DA:269,0
DA:284,0
DA:309,0
DA:320,0
DA:332,0
DA:343,0
DA:344,0
DA:345,0
DA:347,0
DA:348,0
DA:350,0
DA:351,0
DA:356,0
DA:357,0
DA:359,0
DA:360,0
DA:362,0
DA:363,0
DA:365,0
DA:366,0
DA:368,0
DA:369,0
DA:374,0
DA:375,0
DA:379,0
DA:380,0
DA:384,0
DA:395,0
DA:398,0
DA:399,0
DA:401,0
DA:405,0
DA:412,0
DA:416,0
DA:420,0
DA:421,0
DA:422,0
DA:424,0
DA:426,0
LF:78
LH:0
BRDA:41,0,0,0
BRDA:41,0,1,0
BRDA:45,1,0,0
BRDA:45,1,1,0
BRDA:47,2,0,0
BRDA:47,2,1,0
BRDA:80,3,0,0
BRDA:80,3,1,0
BRDA:104,4,0,0
BRDA:104,4,1,0
BRDA:105,5,0,0
BRDA:105,5,1,0
BRDA:129,6,0,0
BRDA:129,6,1,0
BRDA:130,7,0,0
BRDA:130,7,1,0
BRDA:131,8,0,0
BRDA:131,8,1,0
BRDA:132,9,0,0
BRDA:132,9,1,0
BRDA:133,10,0,0
BRDA:133,10,1,0
BRDA:169,11,0,0
BRDA:169,11,1,0
BRDA:172,12,0,0
BRDA:172,12,1,0
BRDA:173,13,0,0
BRDA:173,13,1,0
BRDA:175,14,0,0
BRDA:175,14,1,0
BRDA:176,15,0,0
BRDA:176,15,1,0
BRDA:178,16,0,0
BRDA:178,16,1,0
BRDA:179,17,0,0
BRDA:179,17,1,0
BRDA:182,18,0,0
BRDA:182,18,1,0
BRDA:185,19,0,0
BRDA:185,19,1,0
BRDA:188,20,0,0
BRDA:188,20,1,0
BRDA:189,21,0,0
BRDA:189,21,1,0
BRDA:192,22,0,0
BRDA:192,22,1,0
BRDA:193,23,0,0
BRDA:193,23,1,0
BRDA:195,24,0,0
BRDA:195,24,1,0
BRDA:198,25,0,0
BRDA:198,25,1,0
BRDA:203,26,0,0
BRDA:203,26,1,0
BRDA:206,27,0,0
BRDA:206,27,1,0
BRDA:207,28,0,0
BRDA:207,28,1,0
BRDA:209,29,0,0
BRDA:209,29,1,0
BRDA:212,30,0,0
BRDA:212,30,1,0
BRDA:215,31,0,0
BRDA:215,31,1,0
BRDA:218,32,0,0
BRDA:218,32,1,0
BRDA:219,33,0,0
BRDA:219,33,1,0
BRDA:314,34,0,0
BRDA:314,34,1,0
BRDA:344,35,0,0
BRDA:344,35,1,0
BRDA:347,36,0,0
BRDA:347,36,1,0
BRDA:348,37,0,0
BRDA:348,37,1,0
BRDA:350,38,0,0
BRDA:350,38,1,0
BRDA:352,39,0,0
BRDA:352,39,1,0
BRDA:356,40,0,0
BRDA:356,40,1,0
BRDA:359,41,0,0
BRDA:359,41,1,0
BRDA:362,42,0,0
BRDA:362,42,1,0
BRDA:365,43,0,0
BRDA:365,43,1,0
BRDA:368,44,0,0
BRDA:368,44,1,0
BRDA:369,45,0,0
BRDA:369,45,1,0
BRDA:374,46,0,0
BRDA:374,46,1,0
BRDA:374,47,0,0
BRDA:374,47,1,0
BRDA:379,48,0,0
BRDA:379,48,1,0
BRDA:398,49,0,0
BRDA:398,49,1,0
BRDA:416,50,0,0
BRDA:416,50,1,0
BRDA:417,51,0,0
BRDA:417,51,1,0
BRDA:421,52,0,0
BRDA:421,52,1,0
BRDA:15,53,0,0
BRDA:15,53,1,0
BRDA:15,54,0,0
BRDA:15,54,1,0
BRF:110
BRH:0
end_of_record
TN:
SF:src\organization\dto\create-member-professional.dto.ts
FNF:0
FNH:0
DA:1,0
DA:11,0
DA:13,0
DA:16,0
DA:20,0
DA:24,0
DA:28,0
DA:32,0
DA:37,0
DA:42,0
DA:46,0
LF:11
LH:0
BRF:0
BRH:0
end_of_record
TN:
SF:src\organization\dto\update-member-professional.dto.ts
FNF:0
FNH:0
DA:1,0
DA:12,0
DA:15,0
DA:19,0
DA:23,0
DA:27,0
DA:32,0
DA:37,0
DA:42,0
DA:46,0
DA:50,0
DA:56,0
DA:61,0
DA:66,0
DA:70,0
DA:74,0
DA:79,0
DA:84,0
DA:88,0
LF:19
LH:0
BRF:0
BRH:0
end_of_record
TN:
SF:src\organization\dto\update-public-booking-settings.dto.ts
FNF:0
FNH:0
DA:1,0
DA:11,0
DA:14,0
DA:22,0
DA:27,0
DA:32,0
DA:36,0
DA:41,0
DA:46,0
DA:50,0
LF:10
LH:0
BRF:0
BRH:0
end_of_record
TN:
SF:src\patients\patients.controller.ts
FN:25,(anonymous_4)
FN:28,(anonymous_5)
FN:33,(anonymous_6)
FN:38,(anonymous_7)
FN:43,(anonymous_8)
FN:48,(anonymous_9)
FN:57,(anonymous_10)
FN:62,(anonymous_11)
FNF:8
FNH:0
FNDA:0,(anonymous_4)
FNDA:0,(anonymous_5)
FNDA:0,(anonymous_6)
FNDA:0,(anonymous_7)
FNDA:0,(anonymous_8)
FNDA:0,(anonymous_9)
FNDA:0,(anonymous_10)
FNDA:0,(anonymous_11)
DA:1,0
DA:14,0
DA:15,0
DA:16,0
DA:17,0
DA:18,0
DA:19,0
DA:20,0
DA:24,0
DA:25,0
DA:28,0
DA:29,0
DA:33,0
DA:34,0
DA:38,0
DA:39,0
DA:43,0
DA:44,0
DA:48,0
DA:53,0
DA:57,0
DA:58,0
DA:62,0
DA:63,0
LF:24
LH:0
BRDA:28,0,0,0
BRDA:28,0,1,0
BRDA:28,1,0,0
BRDA:28,1,1,0
BRDA:33,2,0,0
BRDA:33,2,1,0
BRDA:33,3,0,0
BRDA:33,3,1,0
BRDA:38,4,0,0
BRDA:38,4,1,0
BRDA:38,5,0,0
BRDA:38,5,1,0
BRDA:51,6,0,0
BRDA:51,6,1,0
BRDA:51,7,0,0
BRDA:51,7,1,0
BRDA:25,8,0,0
BRDA:25,8,1,0
BRDA:25,9,0,0
BRDA:25,9,1,0
BRF:20
BRH:0
end_of_record
TN:
SF:src\patients\patients.module.ts
FNF:0
FNH:0
DA:1,0
DA:2,0
DA:3,0
DA:4,0
DA:12,0
LF:5
LH:0
BRF:0
BRH:0
end_of_record
TN:
SF:src\patients\patients.service.ts
FN:17,(anonymous_2)
FN:22,(anonymous_3)
FN:73,(anonymous_4)
FN:109,(anonymous_5)
FN:114,(anonymous_6)
FN:129,(anonymous_7)
FN:139,(anonymous_8)
FN:164,(anonymous_9)
FN:188,(anonymous_10)
FN:214,(anonymous_11)
FN:265,(anonymous_12)
FN:289,(anonymous_13)
FN:308,(anonymous_14)
FN:398,(anonymous_15)
FNF:14
FNH:0
FNDA:0,(anonymous_2)
FNDA:0,(anonymous_3)
FNDA:0,(anonymous_4)
FNDA:0,(anonymous_5)
FNDA:0,(anonymous_6)
FNDA:0,(anonymous_7)
FNDA:0,(anonymous_8)
FNDA:0,(anonymous_9)
FNDA:0,(anonymous_10)
FNDA:0,(anonymous_11)
FNDA:0,(anonymous_12)
FNDA:0,(anonymous_13)
FNDA:0,(anonymous_14)
FNDA:0,(anonymous_15)
DA:1,0
DA:7,0
DA:8,0
DA:10,0
DA:16,0
DA:18,0
DA:19,0
DA:23,0
DA:25,0
DA:29,0
DA:30,0
DA:34,0
DA:35,0
DA:42,0
DA:43,0
DA:47,0
DA:48,0
DA:54,0
DA:55,0
DA:69,0
DA:74,0
DA:75,0
DA:77,0
DA:89,0
DA:91,0
DA:107,0
DA:108,0
DA:109,0
DA:113,0
DA:114,0
DA:130,0
DA:134,0
DA:135,0
DA:136,0
DA:140,0
DA:142,0
DA:143,0
DA:144,0
DA:145,0
DA:146,0
DA:147,0
DA:148,0
DA:149,0
DA:150,0
DA:152,0
DA:154,0
DA:155,0
DA:160,0
DA:165,0
DA:167,0
DA:168,0
DA:176,0
DA:177,0
DA:182,0
DA:189,0
DA:191,0
DA:198,0
DA:213,0
DA:215,0
DA:216,0
DA:217,0
DA:219,0
DA:224,0
DA:231,0
DA:249,0
DA:256,0
DA:269,0
DA:271,0
DA:272,0
DA:275,0
DA:276,0
DA:286,0
DA:293,0
DA:294,0
DA:307,0
DA:308,0
DA:311,0
DA:312,0
DA:315,0
DA:320,0
DA:364,0
DA:365,0
DA:367,0
DA:370,0
DA:373,0
DA:374,0
DA:375,0
DA:376,0
DA:384,0
DA:385,0
DA:386,0
DA:387,0
DA:395,0
DA:399,0
DA:403,0
DA:407,0
LF:96
LH:0
BRDA:23,0,0,0
BRDA:23,0,1,0
BRDA:25,1,0,0
BRDA:25,1,1,0
BRDA:26,2,0,0
BRDA:26,2,1,0
BRDA:29,3,0,0
BRDA:29,3,1,0
BRDA:29,4,0,0
BRDA:29,4,1,0
BRDA:34,5,0,0
BRDA:34,5,1,0
BRDA:42,6,0,0
BRDA:42,6,1,0
BRDA:42,7,0,0
BRDA:42,7,1,0
BRDA:47,8,0,0
BRDA:47,8,1,0
BRDA:61,9,0,0
BRDA:61,9,1,0
BRDA:64,10,0,0
BRDA:64,10,1,0
BRDA:77,11,0,0
BRDA:77,11,1,0
BRDA:107,12,0,0
BRDA:107,12,1,0
BRDA:116,13,0,0
BRDA:116,13,1,0
BRDA:125,14,0,0
BRDA:125,14,1,0
BRDA:135,15,0,0
BRDA:135,15,1,0
BRDA:143,16,0,0
BRDA:143,16,1,0
BRDA:144,17,0,0
BRDA:144,17,1,0
BRDA:145,18,0,0
BRDA:145,18,1,0
BRDA:145,19,0,0
BRDA:145,19,1,0
BRDA:146,20,0,0
BRDA:146,20,1,0
BRDA:147,21,0,0
BRDA:147,21,1,0
BRDA:148,22,0,0
BRDA:148,22,1,0
BRDA:148,23,0,0
BRDA:148,23,1,0
BRDA:149,24,0,0
BRDA:149,24,1,0
BRDA:150,25,0,0
BRDA:150,25,1,0
BRDA:152,26,0,0
BRDA:152,26,1,0
BRDA:152,27,0,0
BRDA:152,27,1,0
BRDA:176,28,0,0
BRDA:176,28,1,0
BRDA:193,29,0,0
BRDA:193,29,1,0
BRDA:215,30,0,0
BRDA:215,30,1,0
BRDA:226,31,0,0
BRDA:226,31,1,0
BRDA:271,32,0,0
BRDA:271,32,1,0
BRDA:275,33,0,0
BRDA:275,33,1,0
BRDA:311,34,0,0
BRDA:311,34,1,0
BRDA:315,35,0,0
BRDA:315,35,1,0
BRDA:367,36,0,0
BRDA:367,36,1,0
BRDA:367,37,0,0
BRDA:367,37,1,0
BRDA:368,38,0,0
BRDA:368,38,1,0
BRDA:370,39,0,0
BRDA:370,39,1,0
BRDA:375,40,0,0
BRDA:375,40,1,0
BRDA:375,41,0,0
BRDA:375,41,1,0
BRDA:386,42,0,0
BRDA:386,42,1,0
BRDA:386,43,0,0
BRDA:386,43,1,0
BRDA:399,44,0,0
BRDA:399,44,1,0
BRDA:400,45,0,0
BRDA:400,45,1,0
BRDA:18,46,0,0
BRDA:18,46,1,0
BRDA:18,47,0,0
BRDA:18,47,1,0
BRDA:18,48,0,0
BRDA:18,48,1,0
BRDA:18,49,0,0
BRDA:18,49,1,0
BRF:100
BRH:0
end_of_record
TN:
SF:src\patients\dto\create-patient.dto.ts
FNF:0
FNH:0
DA:1,0
DA:12,0
DA:16,0
DA:21,0
DA:26,0
DA:30,0
DA:35,0
DA:39,0
DA:44,0
DA:48,0
LF:10
LH:0
BRF:0
BRH:0
end_of_record
TN:
SF:src\patients\dto\search-patients.dto.ts
FNF:0
FNH:0
DA:1,0
DA:2,0
DA:4,0
DA:8,0
LF:4
LH:0
BRF:0
BRH:0
end_of_record
TN:
SF:src\patients\dto\update-patient.dto.ts
FNF:0
FNH:0
DA:1,0
DA:10,0
DA:14,0
DA:19,0
DA:24,0
DA:29,0
DA:34,0
DA:38,0
DA:43,0
LF:9
LH:0
BRF:0
BRH:0
end_of_record
TN:
SF:src\professional\professional.controller.ts
FN:11,(anonymous_4)
FN:14,(anonymous_5)
FN:19,(anonymous_6)
FNF:3
FNH:0
FNDA:0,(anonymous_4)
FNDA:0,(anonymous_5)
FNDA:0,(anonymous_6)
DA:1,0
DA:2,0
DA:3,0
DA:4,0
DA:5,0
DA:6,0
DA:10,0
DA:11,0
DA:14,0
DA:15,0
DA:19,0
DA:23,0
LF:12
LH:0
BRDA:21,0,0,0
BRDA:21,0,1,0
BRDA:21,1,0,0
BRDA:21,1,1,0
BRDA:11,2,0,0
BRDA:11,2,1,0
BRDA:11,3,0,0
BRDA:11,3,1,0
BRF:8
BRH:0
end_of_record
TN:
SF:src\professional\professional.module.ts
FNF:0
FNH:0
DA:1,0
DA:2,0
DA:3,0
DA:10,0
LF:4
LH:0
BRF:0
BRH:0
end_of_record
TN:
SF:src\professional\professional.service.ts
FN:7,(anonymous_2)
FN:9,(anonymous_3)
FN:34,(anonymous_4)
FNF:3
FNH:0
FNDA:0,(anonymous_2)
FNDA:0,(anonymous_3)
FNDA:0,(anonymous_4)
DA:1,0
DA:2,0
DA:6,0
DA:7,0
DA:10,0
DA:35,0
LF:6
LH:0
BRDA:7,0,0,0
BRDA:7,0,1,0
BRDA:7,1,0,0
BRDA:7,1,1,0
BRF:4
BRH:0
end_of_record
TN:
SF:src\professional\dto\update-settings.dto.ts
FN:15,(anonymous_2)
FN:22,(anonymous_3)
FN:29,(anonymous_4)
FN:36,(anonymous_5)
FN:42,(anonymous_6)
FN:59,(anonymous_7)
FN:78,(anonymous_8)
FN:86,(anonymous_9)
FN:93,(anonymous_10)
FN:104,(anonymous_11)
FN:111,(anonymous_12)
FNF:11
FNH:0
FNDA:0,(anonymous_2)
FNDA:0,(anonymous_3)
FNDA:0,(anonymous_4)
FNDA:0,(anonymous_5)
FNDA:0,(anonymous_6)
FNDA:0,(anonymous_7)
FNDA:0,(anonymous_8)
FNDA:0,(anonymous_9)
FNDA:0,(anonymous_10)
FNDA:0,(anonymous_11)
FNDA:0,(anonymous_12)
DA:1,0
DA:2,0
DA:13,0
DA:15,0
DA:19,0
DA:22,0
DA:26,0
DA:29,0
DA:33,0
DA:36,0
DA:39,0
DA:42,0
DA:46,0
DA:50,0
DA:54,0
DA:60,0
DA:67,0
DA:75,0
DA:79,0
DA:83,0
DA:86,0
DA:90,0
DA:94,0
DA:101,0
DA:104,0
DA:108,0
DA:111,0
DA:115,0
DA:119,0
LF:29
LH:0
BRDA:60,0,0,0
BRDA:60,0,1,0
BRDA:60,1,0,0
BRDA:60,1,1,0
BRDA:62,2,0,0
BRDA:62,2,1,0
BRDA:62,3,0,0
BRDA:62,3,1,0
BRDA:79,4,0,0
BRDA:79,4,1,0
BRDA:79,5,0,0
BRDA:79,5,1,0
BRDA:94,6,0,0
BRDA:94,6,1,0
BRDA:94,7,0,0
BRDA:94,7,1,0
BRDA:96,8,0,0
BRDA:96,8,1,0
BRDA:96,9,0,0
BRDA:96,9,1,0
BRF:20
BRH:0
end_of_record
TN:
SF:src\public-booking\booking-cron.service.ts
FN:24,(anonymous_2)
FN:37,(anonymous_3)
FN:92,(anonymous_4)
FN:135,(anonymous_5)
FN:159,(anonymous_6)
FN:170,(anonymous_7)
FN:176,(anonymous_8)
FN:197,(anonymous_9)
FN:198,(anonymous_10)
FN:205,(anonymous_11)
FNF:10
FNH:0
FNDA:0,(anonymous_2)
FNDA:0,(anonymous_3)
FNDA:0,(anonymous_4)
FNDA:0,(anonymous_5)
FNDA:0,(anonymous_6)
FNDA:0,(anonymous_7)
FNDA:0,(anonymous_8)
FNDA:0,(anonymous_9)
FNDA:0,(anonymous_10)
FNDA:0,(anonymous_11)
DA:1,0
DA:2,0
DA:3,0
DA:4,0
DA:5,0
DA:6,0
DA:7,0
DA:11,0
DA:12,0
DA:13,0
DA:14,0
DA:19,0
DA:20,0
DA:22,0
DA:25,0
DA:26,0
DA:27,0
DA:28,0
DA:29,0
DA:30,0
DA:37,0
DA:39,0
DA:41,0
DA:43,0
DA:49,0
DA:50,0
DA:51,0
DA:53,0
DA:59,0
DA:60,0
DA:65,0
DA:76,0
DA:92,0
DA:94,0
DA:96,0
DA:97,0
DA:98,0
DA:100,0
DA:102,0
DA:108,0
DA:109,0
DA:118,0
DA:127,0
DA:135,0
DA:137,0
DA:139,0
DA:140,0
DA:143,0
DA:166,0
DA:170,0
DA:171,0
DA:172,0
DA:174,0
DA:175,0
DA:176,0
DA:179,0
DA:181,0
DA:182,0
DA:185,0
DA:187,0
DA:188,0
DA:190,0
DA:192,0
DA:198,0
DA:199,0
DA:200,0
DA:201,0
DA:208,0
DA:212,0
DA:214,0
DA:215,0
DA:219,0
DA:222,0
LF:73
LH:0
BRDA:50,0,0,0
BRDA:50,0,1,0
BRDA:56,1,0,0
BRDA:56,1,1,0
BRDA:59,2,0,0
BRDA:59,2,1,0
BRDA:67,3,0,0
BRDA:67,3,1,0
BRDA:78,4,0,0
BRDA:78,4,1,0
BRDA:98,5,0,0
BRDA:98,5,1,0
BRDA:105,6,0,0
BRDA:105,6,1,0
BRDA:108,7,0,0
BRDA:108,7,1,0
BRDA:112,8,0,0
BRDA:112,8,1,0
BRDA:113,9,0,0
BRDA:113,9,1,0
BRDA:120,10,0,0
BRDA:120,10,1,0
BRDA:145,11,0,0
BRDA:145,11,1,0
BRDA:166,12,0,0
BRDA:166,12,1,0
BRDA:175,13,0,0
BRDA:175,13,1,0
BRDA:187,14,0,0
BRDA:187,14,1,0
BRDA:200,15,0,0
BRDA:200,15,1,0
BRDA:200,16,0,0
BRDA:200,16,1,0
BRDA:212,17,0,0
BRDA:212,17,1,0
BRDA:214,18,0,0
BRDA:214,18,1,0
BRDA:219,19,0,0
BRDA:219,19,1,0
BRDA:25,20,0,0
BRDA:25,20,1,0
BRDA:25,21,0,0
BRDA:25,21,1,0
BRDA:25,22,0,0
BRDA:25,22,1,0
BRDA:25,23,0,0
BRDA:25,23,1,0
BRDA:26,24,0,0
BRDA:26,24,1,0
BRDA:26,25,0,0
BRDA:26,25,1,0
BRDA:27,26,0,0
BRDA:27,26,1,0
BRDA:27,27,0,0
BRDA:27,27,1,0
BRDA:28,28,0,0
BRDA:28,28,1,0
BRDA:28,29,0,0
BRDA:28,29,1,0
BRDA:29,30,0,0
BRDA:29,30,1,0
BRDA:29,31,0,0
BRDA:29,31,1,0
BRF:64
BRH:0
end_of_record
TN:
SF:src\public-booking\booking-token.util.ts
FN:8,generateBookingToken
FN:13,extractBookingToken
FNF:2
FNH:0
FNDA:0,generateBookingToken
FNDA:0,extractBookingToken
DA:1,0
DA:8,0
DA:9,0
DA:10,0
DA:13,0
DA:14,0
DA:15,0
LF:7
LH:0
BRDA:15,0,0,0
BRDA:15,0,1,0
BRF:2
BRH:0
end_of_record
TN:
SF:src\public-booking\public-booking.controller.ts
FN:26,(anonymous_4)
FN:29,(anonymous_5)
FN:41,(anonymous_6)
FN:60,(anonymous_7)
FN:73,(anonymous_8)
FN:78,(anonymous_9)
FN:87,(anonymous_10)
FN:92,(anonymous_11)
FN:108,(anonymous_12)
FN:111,(anonymous_13)
FN:119,(anonymous_14)
FN:127,(anonymous_15)
FN:136,(anonymous_16)
FN:155,(anonymous_17)
FN:164,(anonymous_18)
FNF:15
FNH:0
FNDA:0,(anonymous_4)
FNDA:0,(anonymous_5)
FNDA:0,(anonymous_6)
FNDA:0,(anonymous_7)
FNDA:0,(anonymous_8)
FNDA:0,(anonymous_9)
FNDA:0,(anonymous_10)
FNDA:0,(anonymous_11)
FNDA:0,(anonymous_12)
FNDA:0,(anonymous_13)
FNDA:0,(anonymous_14)
FNDA:0,(anonymous_15)
FNDA:0,(anonymous_16)
FNDA:0,(anonymous_17)
FNDA:0,(anonymous_18)
DA:1,0
DA:13,0
DA:14,0
DA:15,0
DA:16,0
DA:17,0
DA:18,0
DA:19,0
DA:20,0
DA:25,0
DA:26,0
DA:29,0
DA:31,0
DA:32,0
DA:33,0
DA:37,0
DA:41,0
DA:46,0
DA:52,0
DA:56,0
DA:60,0
DA:61,0
DA:62,0
DA:66,0
DA:73,0
DA:74,0
DA:78,0
DA:79,0
DA:80,0
DA:81,0
DA:83,0
DA:87,0
DA:88,0
DA:92,0
DA:96,0
DA:97,0
DA:99,0
DA:107,0
DA:108,0
DA:111,0
DA:115,0
DA:119,0
DA:123,0
DA:127,0
DA:131,0
DA:132,0
DA:136,0
DA:141,0
DA:142,0
DA:146,0
DA:151,0
DA:155,0
DA:159,0
DA:160,0
DA:164,0
DA:169,0
DA:170,0
LF:57
LH:0
BRDA:32,0,0,0
BRDA:32,0,1,0
BRDA:46,1,0,0
BRDA:46,1,1,0
BRDA:47,2,0,0
BRDA:47,2,1,0
BRDA:47,2,2,0
BRDA:47,2,3,0
BRDA:61,3,0,0
BRDA:61,3,1,0
BRDA:61,4,0,0
BRDA:61,4,1,0
BRDA:80,5,0,0
BRDA:80,5,1,0
BRDA:96,6,0,0
BRDA:96,6,1,0
BRDA:73,7,0,0
BRDA:73,7,1,0
BRDA:73,8,0,0
BRDA:73,8,1,0
BRDA:26,9,0,0
BRDA:26,9,1,0
BRDA:26,10,0,0
BRDA:26,10,1,0
BRDA:141,11,0,0
BRDA:141,11,1,0
BRDA:113,12,0,0
BRDA:113,12,1,0
BRDA:113,13,0,0
BRDA:113,13,1,0
BRDA:139,14,0,0
BRDA:139,14,1,0
BRDA:139,15,0,0
BRDA:139,15,1,0
BRDA:108,16,0,0
BRDA:108,16,1,0
BRDA:108,17,0,0
BRDA:108,17,1,0
BRF:38
BRH:0
end_of_record
TN:
SF:src\public-booking\public-booking.module.ts
FN:16,(anonymous_1)
FN:17,(anonymous_2)
FNF:2
FNH:0
FNDA:0,(anonymous_1)
FNDA:0,(anonymous_2)
DA:1,0
DA:2,0
DA:3,0
DA:4,0
DA:5,0
DA:6,0
DA:7,0
DA:11,0
DA:12,0
DA:16,0
DA:17,0
DA:26,0
LF:12
LH:0
BRF:0
BRH:0
end_of_record
TN:
SF:src\public-booking\public-booking.service.ts
FN:129,(anonymous_11)
FN:142,(anonymous_12)
FN:176,(anonymous_13)
FN:206,(anonymous_14)
FN:219,(anonymous_15)
FN:241,(anonymous_16)
FN:278,(anonymous_17)
FN:285,(anonymous_18)
FN:286,(anonymous_19)
FN:287,(anonymous_20)
FN:308,(anonymous_21)
FN:313,(anonymous_22)
FN:324,(anonymous_23)
FN:326,(anonymous_24)
FN:346,(anonymous_25)
FN:382,(anonymous_26)
FN:398,(anonymous_27)
FN:467,(anonymous_28)
FN:483,(anonymous_29)
FN:561,(anonymous_30)
FN:586,(anonymous_31)
FN:633,(anonymous_32)
FN:779,(anonymous_33)
FN:851,(anonymous_34)
FN:1008,(anonymous_35)
FN:1061,(anonymous_36)
FN:1066,(anonymous_37)
FN:1067,(anonymous_38)
FN:1101,(anonymous_39)
FN:1175,(anonymous_40)
FN:1209,(anonymous_41)
FN:1248,(anonymous_42)
FN:1269,(anonymous_43)
FN:1289,(anonymous_44)
FN:1331,(anonymous_45)
FN:1344,(anonymous_46)
FN:1418,(anonymous_47)
FN:1437,(anonymous_48)
FN:1475,(anonymous_49)
FN:1490,(anonymous_50)
FN:1514,(anonymous_51)
FN:1598,(anonymous_52)
FN:1608,(anonymous_53)
FN:1637,(anonymous_54)
FN:1661,(anonymous_55)
FN:1662,(anonymous_56)
FN:1671,(anonymous_57)
FN:1713,(anonymous_58)
FN:1714,(anonymous_59)
FN:1734,(anonymous_60)
FN:1755,(anonymous_61)
FN:1800,(anonymous_62)
FN:1821,(anonymous_63)
FN:1829,(anonymous_64)
FN:1837,(anonymous_65)
FN:1881,(anonymous_66)
FN:1889,(anonymous_67)
FN:1908,(anonymous_68)
FN:1921,(anonymous_69)
FNF:59
FNH:0
FNDA:0,(anonymous_11)
FNDA:0,(anonymous_12)
FNDA:0,(anonymous_13)
FNDA:0,(anonymous_14)
FNDA:0,(anonymous_15)
FNDA:0,(anonymous_16)
FNDA:0,(anonymous_17)
FNDA:0,(anonymous_18)
FNDA:0,(anonymous_19)
FNDA:0,(anonymous_20)
FNDA:0,(anonymous_21)
FNDA:0,(anonymous_22)
FNDA:0,(anonymous_23)
FNDA:0,(anonymous_24)
FNDA:0,(anonymous_25)
FNDA:0,(anonymous_26)
FNDA:0,(anonymous_27)
FNDA:0,(anonymous_28)
FNDA:0,(anonymous_29)
FNDA:0,(anonymous_30)
FNDA:0,(anonymous_31)
FNDA:0,(anonymous_32)
FNDA:0,(anonymous_33)
FNDA:0,(anonymous_34)
FNDA:0,(anonymous_35)
FNDA:0,(anonymous_36)
FNDA:0,(anonymous_37)
FNDA:0,(anonymous_38)
FNDA:0,(anonymous_39)
FNDA:0,(anonymous_40)
FNDA:0,(anonymous_41)
FNDA:0,(anonymous_42)
FNDA:0,(anonymous_43)
FNDA:0,(anonymous_44)
FNDA:0,(anonymous_45)
FNDA:0,(anonymous_46)
FNDA:0,(anonymous_47)
FNDA:0,(anonymous_48)
FNDA:0,(anonymous_49)
FNDA:0,(anonymous_50)
FNDA:0,(anonymous_51)
FNDA:0,(anonymous_52)
FNDA:0,(anonymous_53)
FNDA:0,(anonymous_54)
FNDA:0,(anonymous_55)
FNDA:0,(anonymous_56)
FNDA:0,(anonymous_57)
FNDA:0,(anonymous_58)
FNDA:0,(anonymous_59)
FNDA:0,(anonymous_60)
FNDA:0,(anonymous_61)
FNDA:0,(anonymous_62)
FNDA:0,(anonymous_63)
FNDA:0,(anonymous_64)
FNDA:0,(anonymous_65)
FNDA:0,(anonymous_66)
FNDA:0,(anonymous_67)
FNDA:0,(anonymous_68)
FNDA:0,(anonymous_69)
DA:1,0
DA:2,0
DA:10,0
DA:11,0
DA:18,0
DA:19,0
DA:20,0
DA:21,0
DA:22,0
DA:26,0
DA:27,0
DA:28,0
DA:29,0
DA:30,0
DA:31,0
DA:124,0
DA:125,0
DA:127,0
DA:130,0
DA:131,0
DA:132,0
DA:133,0
DA:134,0
DA:135,0
DA:136,0
DA:137,0
DA:145,0
DA:163,0
DA:164,0
DA:179,0
DA:184,0
DA:185,0
DA:187,0
DA:206,0
DA:223,0
DA:228,0
DA:229,0
DA:234,0
DA:246,0
DA:251,0
DA:252,0
DA:257,0
DA:258,0
DA:261,0
DA:278,0
DA:279,0
DA:285,0
DA:286,0
DA:287,0
DA:288,0
DA:292,0
DA:293,0
DA:294,0
DA:296,0
DA:298,0
DA:300,0
DA:301,0
DA:302,0
DA:303,0
DA:304,0
DA:307,0
DA:308,0
DA:310,0
DA:311,0
DA:312,0
DA:313,0
DA:314,0
DA:315,0
DA:316,0
DA:323,0
DA:324,0
DA:325,0
DA:326,0
DA:327,0
DA:328,0
DA:329,0
DA:334,0
DA:335,0
DA:336,0
DA:339,0
DA:342,0
DA:356,0
DA:369,0
DA:378,0
DA:385,0
DA:386,0
DA:387,0
DA:391,0
DA:395,0
DA:400,0
DA:419,0
DA:420,0
DA:426,0
DA:427,0
DA:428,0
DA:430,0
DA:431,0
DA:439,0
DA:440,0
DA:441,0
DA:442,0
DA:447,0
DA:455,0
DA:458,0
DA:462,0
DA:466,0
DA:468,0
DA:475,0
DA:476,0
DA:482,0
DA:483,0
DA:485,0
DA:490,0
DA:496,0
DA:497,0
DA:498,0
DA:514,0
DA:515,0
DA:522,0
DA:525,0
DA:528,0
DA:529,0
DA:532,0
DA:533,0
DA:534,0
DA:537,0
DA:554,0
DA:562,0
DA:574,0
DA:576,0
DA:590,0
DA:595,0
DA:596,0
DA:601,0
DA:602,0
DA:611,0
DA:612,0
DA:616,0
DA:625,0
DA:637,0
DA:640,0
DA:665,0
DA:666,0
DA:670,0
DA:671,0
DA:674,0
DA:678,0
DA:679,0
DA:680,0
DA:688,0
DA:692,0
DA:696,0
DA:700,0
DA:704,0
DA:708,0
DA:712,0
DA:722,0
DA:723,0
DA:724,0
DA:725,0
DA:726,0
DA:728,0
DA:736,0
DA:737,0
DA:738,0
DA:750,0
DA:755,0
DA:756,0
DA:764,0
DA:772,0
DA:773,0
DA:774,0
DA:776,0
DA:777,0
DA:779,0
DA:781,0
DA:788,0
DA:789,0
DA:794,0
DA:808,0
DA:820,0
DA:823,0
DA:826,0
DA:835,0
DA:855,0
DA:880,0
DA:881,0
DA:884,0
DA:885,0
DA:890,0
DA:891,0
DA:895,0
DA:899,0
DA:908,0
DA:909,0
DA:910,0
DA:911,0
DA:912,0
DA:914,0
DA:923,0
DA:924,0
DA:925,0
DA:936,0
DA:937,0
DA:945,0
DA:951,0
DA:952,0
DA:953,0
DA:955,0
DA:956,0
DA:958,0
DA:977,0
DA:990,0
DA:1012,0
DA:1013,0
DA:1014,0
DA:1016,0
DA:1031,0
DA:1051,0
DA:1052,0
DA:1053,0
DA:1054,0
DA:1057,0
DA:1059,0
DA:1062,0
DA:1066,0
DA:1067,0
DA:1068,0
DA:1069,0
DA:1077,0
DA:1078,0
DA:1081,0
DA:1082,0
DA:1087,0
DA:1092,0
DA:1105,0
DA:1120,0
DA:1121,0
DA:1124,0
DA:1129,0
DA:1179,0
DA:1184,0
DA:1185,0
DA:1188,0
DA:1214,0
DA:1219,0
DA:1220,0
DA:1223,0
DA:1233,0
DA:1237,0
DA:1253,0
DA:1257,0
DA:1258,0
DA:1261,0
DA:1274,0
DA:1279,0
DA:1280,0
DA:1289,0
DA:1290,0
DA:1291,0
DA:1292,0
DA:1294,0
DA:1309,0
DA:1330,0
DA:1331,0
DA:1348,0
DA:1363,0
DA:1364,0
DA:1367,0
DA:1372,0
DA:1419,0
DA:1423,0
DA:1424,0
DA:1427,0
DA:1442,0
DA:1447,0
DA:1448,0
DA:1451,0
DA:1460,0
DA:1464,0
DA:1477,0
DA:1482,0
DA:1483,0
DA:1487,0
DA:1495,0
DA:1499,0
DA:1500,0
DA:1503,0
DA:1521,0
DA:1525,0
DA:1526,0
DA:1529,0
DA:1532,0
DA:1534,0
DA:1539,0
DA:1540,0
DA:1541,0
DA:1545,0
DA:1549,0
DA:1554,0
DA:1558,0
DA:1564,0
DA:1568,0
DA:1569,0
DA:1572,0
DA:1575,0
DA:1585,0
DA:1586,0
DA:1588,0
DA:1589,0
DA:1590,0
DA:1593,0
DA:1594,0
DA:1598,0
DA:1599,0
DA:1600,0
DA:1601,0
DA:1603,0
DA:1604,0
DA:1607,0
DA:1608,0
DA:1611,0
DA:1612,0
DA:1618,0
DA:1621,0
DA:1623,0
DA:1624,0
DA:1625,0
DA:1627,0
DA:1629,0
DA:1632,0
DA:1633,0
DA:1640,0
DA:1647,0
DA:1650,0
DA:1651,0
DA:1655,0
DA:1658,0
DA:1662,0
DA:1663,0
DA:1664,0
DA:1665,0
DA:1691,0
DA:1692,0
DA:1712,0
DA:1713,0
DA:1714,0
DA:1738,0
DA:1743,0
DA:1744,0
DA:1776,0
DA:1777,0
DA:1779,0
DA:1800,0
DA:1822,0
DA:1830,0
DA:1831,0
DA:1832,0
DA:1833,0
DA:1856,0
DA:1860,0
DA:1861,0
DA:1862,0
DA:1880,0
DA:1882,0
DA:1883,0
DA:1884,0
DA:1887,0
DA:1889,0
DA:1909,0
DA:1925,0
DA:1926,0
DA:1927,0
DA:1935,0
LF:374
LH:0
BRDA:163,0,0,0
BRDA:163,0,1,0
BRDA:184,1,0,0
BRDA:184,1,1,0
BRDA:185,2,0,0
BRDA:185,2,1,0
BRDA:228,3,0,0
BRDA:228,3,1,0
BRDA:251,4,0,0
BRDA:251,4,1,0
BRDA:302,5,0,0
BRDA:302,5,1,0
BRDA:311,6,0,0
BRDA:311,6,1,0
BRDA:312,7,0,0
BRDA:312,7,1,0
BRDA:325,8,0,0
BRDA:325,8,1,0
BRDA:335,9,0,0
BRDA:335,9,1,0
BRDA:419,10,0,0
BRDA:419,10,1,0
BRDA:430,11,0,0
BRDA:430,11,1,0
BRDA:439,12,0,0
BRDA:439,12,1,0
BRDA:441,13,0,0
BRDA:441,13,1,0
BRDA:448,14,0,0
BRDA:448,14,1,0
BRDA:449,15,0,0
BRDA:449,15,1,0
BRDA:449,15,2,0
BRDA:450,16,0,0
BRDA:450,16,1,0
BRDA:450,16,2,0
BRDA:455,17,0,0
BRDA:455,17,1,0
BRDA:455,17,2,0
BRDA:468,18,0,0
BRDA:468,18,1,0
BRDA:475,19,0,0
BRDA:475,19,1,0
BRDA:485,20,0,0
BRDA:485,20,1,0
BRDA:486,21,0,0
BRDA:486,21,1,0
BRDA:486,21,2,0
BRDA:496,22,0,0
BRDA:496,22,1,0
BRDA:514,23,0,0
BRDA:514,23,1,0
BRDA:574,24,0,0
BRDA:574,24,1,0
BRDA:579,25,0,0
BRDA:579,25,1,0
BRDA:595,26,0,0
BRDA:595,26,1,0
BRDA:611,27,0,0
BRDA:611,27,1,0
BRDA:665,28,0,0
BRDA:665,28,1,0
BRDA:670,29,0,0
BRDA:670,29,1,0
BRDA:670,30,0,0
BRDA:670,30,1,0
BRDA:678,31,0,0
BRDA:678,31,1,0
BRDA:692,32,0,0
BRDA:692,32,1,0
BRDA:693,33,0,0
BRDA:693,33,1,0
BRDA:700,34,0,0
BRDA:700,34,1,0
BRDA:701,35,0,0
BRDA:701,35,1,0
BRDA:724,36,0,0
BRDA:724,36,1,0
BRDA:725,37,0,0
BRDA:725,37,1,0
BRDA:736,38,0,0
BRDA:736,38,1,0
BRDA:741,39,0,0
BRDA:741,39,1,0
BRDA:755,40,0,0
BRDA:755,40,1,0
BRDA:755,41,0,0
BRDA:755,41,1,0
BRDA:788,42,0,0
BRDA:788,42,1,0
BRDA:797,43,0,0
BRDA:797,43,1,0
BRDA:837,44,0,0
BRDA:837,44,1,0
BRDA:880,45,0,0
BRDA:880,45,1,0
BRDA:884,46,0,0
BRDA:884,46,1,0
BRDA:890,47,0,0
BRDA:890,47,1,0
BRDA:910,48,0,0
BRDA:910,48,1,0
BRDA:911,49,0,0
BRDA:911,49,1,0
BRDA:923,50,0,0
BRDA:923,50,1,0
BRDA:928,51,0,0
BRDA:928,51,1,0
BRDA:936,52,0,0
BRDA:936,52,1,0
BRDA:936,53,0,0
BRDA:936,53,1,0
BRDA:961,54,0,0
BRDA:961,54,1,0
BRDA:992,55,0,0
BRDA:992,55,1,0
BRDA:1012,56,0,0
BRDA:1012,56,1,0
BRDA:1013,57,0,0
BRDA:1013,57,1,0
BRDA:1018,58,0,0
BRDA:1018,58,1,0
BRDA:1019,59,0,0
BRDA:1019,59,1,0
BRDA:1019,60,0,0
BRDA:1019,60,1,0
BRDA:1053,61,0,0
BRDA:1053,61,1,0
BRDA:1053,62,0,0
BRDA:1053,62,1,0
BRDA:1057,63,0,0
BRDA:1057,63,1,0
BRDA:1062,64,0,0
BRDA:1062,64,1,0
BRDA:1062,64,2,0
BRDA:1068,65,0,0
BRDA:1068,65,1,0
BRDA:1082,66,0,0
BRDA:1082,66,1,0
BRDA:1083,67,0,0
BRDA:1083,67,1,0
BRDA:1083,67,2,0
BRDA:1097,68,0,0
BRDA:1097,68,1,0
BRDA:1120,69,0,0
BRDA:1120,69,1,0
BRDA:1134,70,0,0
BRDA:1134,70,1,0
BRDA:1152,71,0,0
BRDA:1152,71,1,0
BRDA:1160,72,0,0
BRDA:1160,72,1,0
BRDA:1168,73,0,0
BRDA:1168,73,1,0
BRDA:1169,74,0,0
BRDA:1169,74,1,0
BRDA:1171,75,0,0
BRDA:1171,75,1,0
BRDA:1171,75,2,0
BRDA:1184,76,0,0
BRDA:1184,76,1,0
BRDA:1198,77,0,0
BRDA:1198,77,1,0
BRDA:1219,78,0,0
BRDA:1219,78,1,0
BRDA:1228,79,0,0
BRDA:1228,79,1,0
BRDA:1233,80,0,0
BRDA:1233,80,1,0
BRDA:1234,81,0,0
BRDA:1234,81,1,0
BRDA:1242,82,0,0
BRDA:1242,82,1,0
BRDA:1257,83,0,0
BRDA:1257,83,1,0
BRDA:1279,84,0,0
BRDA:1279,84,1,0
BRDA:1282,85,0,0
BRDA:1282,85,1,0
BRDA:1283,86,0,0
BRDA:1283,86,1,0
BRDA:1290,87,0,0
BRDA:1290,87,1,0
BRDA:1291,88,0,0
BRDA:1291,88,1,0
BRDA:1296,89,0,0
BRDA:1296,89,1,0
BRDA:1297,90,0,0
BRDA:1297,90,1,0
BRDA:1297,91,0,0
BRDA:1297,91,1,0
BRDA:1335,92,0,0
BRDA:1335,92,1,0
BRDA:1340,93,0,0
BRDA:1340,93,1,0
BRDA:1363,94,0,0
BRDA:1363,94,1,0
BRDA:1377,95,0,0
BRDA:1377,95,1,0
BRDA:1395,96,0,0
BRDA:1395,96,1,0
BRDA:1403,97,0,0
BRDA:1403,97,1,0
BRDA:1411,98,0,0
BRDA:1411,98,1,0
BRDA:1412,99,0,0
BRDA:1412,99,1,0
BRDA:1414,100,0,0
BRDA:1414,100,1,0
BRDA:1414,100,2,0
BRDA:1423,101,0,0
BRDA:1423,101,1,0
BRDA:1447,102,0,0
BRDA:1447,102,1,0
BRDA:1456,103,0,0
BRDA:1456,103,1,0
BRDA:1460,104,0,0
BRDA:1460,104,1,0
BRDA:1461,105,0,0
BRDA:1461,105,1,0
BRDA:1469,106,0,0
BRDA:1469,106,1,0
BRDA:1482,107,0,0
BRDA:1482,107,1,0
BRDA:1499,108,0,0
BRDA:1499,108,1,0
BRDA:1525,109,0,0
BRDA:1525,109,1,0
BRDA:1532,110,0,0
BRDA:1532,110,1,0
BRDA:1534,111,0,0
BRDA:1534,111,1,0
BRDA:1535,112,0,0
BRDA:1535,112,1,0
BRDA:1539,113,0,0
BRDA:1539,113,1,0
BRDA:1541,114,0,0
BRDA:1541,114,1,0
BRDA:1542,115,0,0
BRDA:1542,115,1,0
BRDA:1545,116,0,0
BRDA:1545,116,1,0
BRDA:1545,117,0,0
BRDA:1545,117,1,0
BRDA:1547,118,0,0
BRDA:1547,118,1,0
BRDA:1549,119,0,0
BRDA:1549,119,1,0
BRDA:1549,120,0,0
BRDA:1549,120,1,0
BRDA:1549,120,2,0
BRDA:1554,121,0,0
BRDA:1554,121,1,0
BRDA:1561,122,0,0
BRDA:1561,122,1,0
BRDA:1568,123,0,0
BRDA:1568,123,1,0
BRDA:1586,124,0,0
BRDA:1586,124,1,0
BRDA:1588,125,0,0
BRDA:1588,125,1,0
BRDA:1594,126,0,0
BRDA:1594,126,1,0
BRDA:1607,127,0,0
BRDA:1607,127,1,0
BRDA:1647,128,0,0
BRDA:1647,128,1,0
BRDA:1650,129,0,0
BRDA:1650,129,1,0
BRDA:1655,130,0,0
BRDA:1655,130,1,0
BRDA:1664,131,0,0
BRDA:1664,131,1,0
BRDA:1664,132,0,0
BRDA:1664,132,1,0
BRDA:1743,133,0,0
BRDA:1743,133,1,0
BRDA:1882,134,0,0
BRDA:1882,134,1,0
BRDA:1887,135,0,0
BRDA:1887,135,1,0
BRDA:1925,136,0,0
BRDA:1925,136,1,0
BRDA:1926,137,0,0
BRDA:1926,137,1,0
BRDA:130,138,0,0
BRDA:130,138,1,0
BRDA:130,139,0,0
BRDA:130,139,1,0
BRDA:130,140,0,0
BRDA:130,140,1,0
BRDA:130,141,0,0
BRDA:130,141,1,0
BRDA:131,142,0,0
BRDA:131,142,1,0
BRDA:131,143,0,0
BRDA:131,143,1,0
BRDA:132,144,0,0
BRDA:132,144,1,0
BRDA:132,145,0,0
BRDA:132,145,1,0
BRDA:133,146,0,0
BRDA:133,146,1,0
BRDA:133,147,0,0
BRDA:133,147,1,0
BRDA:134,148,0,0
BRDA:134,148,1,0
BRDA:134,149,0,0
BRDA:134,149,1,0
BRDA:135,150,0,0
BRDA:135,150,1,0
BRDA:135,151,0,0
BRDA:135,151,1,0
BRDA:136,152,0,0
BRDA:136,152,1,0
BRDA:136,153,0,0
BRDA:136,153,1,0
BRF:317
BRH:0
end_of_record
TN:
SF:src\public-booking\dto\booking-query.dto.ts
FN:11,(anonymous_2)
FN:18,(anonymous_3)
FN:25,(anonymous_4)
FN:31,(anonymous_5)
FNF:4
FNH:0
FNDA:0,(anonymous_2)
FNDA:0,(anonymous_3)
FNDA:0,(anonymous_4)
FNDA:0,(anonymous_5)
DA:1,0
DA:2,0
DA:3,0
DA:5,0
DA:8,0
DA:11,0
DA:15,0
DA:18,0
DA:22,0
DA:25,0
DA:28,0
DA:31,0
DA:35,0
LF:13
LH:0
BRDA:8,0,0,0
BRDA:8,0,1,0
BRDA:8,1,0,0
BRDA:8,1,1,0
BRF:4
BRH:0
end_of_record
TN:
SF:src\public-booking\dto\create-booking.dto.ts
FNF:0
FNH:0
DA:1,0
DA:3,0
DA:5,0
DA:11,0
DA:17,0
DA:23,0
DA:27,0
DA:33,0
LF:8
LH:0
BRF:0
BRH:0
end_of_record
TN:
SF:src\public-booking\dto\update-booking-status.dto.ts
FNF:0
FNH:0
DA:1,0
DA:2,0
DA:4,0
DA:6,0
DA:10,0
LF:5
LH:0
BRDA:6,0,0,0
BRDA:6,0,1,0
BRDA:6,1,0,0
BRDA:6,1,1,0
BRF:4
BRH:0
end_of_record
TN:
SF:src\public-booking\dto\update-deposit.dto.ts
FNF:0
FNH:0
DA:1,0
DA:2,0
DA:4,0
DA:6,0
LF:4
LH:0
BRDA:6,0,0,0
BRDA:6,0,1,0
BRDA:6,1,0,0
BRDA:6,1,1,0
BRF:4
BRH:0
end_of_record
TN:
SF:src\short-url\short-url.controller.ts
FN:22,(anonymous_4)
FN:25,(anonymous_5)
FN:39,(anonymous_6)
FN:42,(anonymous_7)
FNF:4
FNH:0
FNDA:0,(anonymous_4)
FNDA:0,(anonymous_5)
FNDA:0,(anonymous_6)
FNDA:0,(anonymous_7)
DA:1,0
DA:12,0
DA:13,0
DA:14,0
DA:15,0
DA:21,0
DA:22,0
DA:25,0
DA:26,0
DA:38,0
DA:39,0
DA:42,0
DA:43,0
DA:44,0
DA:45,0
DA:48,0
DA:49,0
LF:17
LH:0
BRDA:25,0,0,0
BRDA:25,0,1,0
BRDA:25,1,0,0
BRDA:25,1,1,0
BRDA:22,2,0,0
BRDA:22,2,1,0
BRDA:22,3,0,0
BRDA:22,3,1,0
BRDA:44,4,0,0
BRDA:44,4,1,0
BRDA:39,5,0,0
BRDA:39,5,1,0
BRDA:39,6,0,0
BRDA:39,6,1,0
BRF:14
BRH:0
end_of_record
TN:
SF:src\short-url\short-url.module.ts
FNF:0
FNH:0
DA:1,0
DA:2,0
DA:3,0
DA:10,0
LF:4
LH:0
BRF:0
BRH:0
end_of_record
TN:
SF:src\short-url\short-url.service.ts
FN:16,(anonymous_11)
FN:24,(anonymous_12)
[...]
DA:4,0
DA:5,0
DA:6,0
DA:7,0
DA:9,0
DA:11,0
DA:12,0
DA:14,0
DA:15,0
DA:20,0
DA:21,0
DA:22,0
DA:23,0
DA:24,0
DA:26,0
DA:30,0
DA:31,0
DA:33,0
DA:36,0
DA:43,0
DA:47,0
DA:55,0
DA:56,0
DA:57,0
DA:58,0
DA:61,0
DA:65,0
DA:66,0
DA:67,0
DA:69,0
DA:70,0
DA:80,0
DA:81,0
DA:82,0
DA:83,0
DA:84,0
DA:86,0
DA:90,0
DA:91,0
DA:92,0
DA:93,0
DA:96,0
DA:97,0
DA:100,0
DA:103,0
DA:108,0
DA:109,0
DA:110,0
DA:114,0
DA:120,0
DA:122,0
DA:123,0
DA:125,0
DA:126,0
DA:127,0
DA:128,0
DA:131,0
DA:135,0
DA:139,0
DA:144,0
DA:147,0
DA:154,0
DA:159,0
DA:160,0
DA:165,0
DA:166,0
DA:167,0
DA:171,0
DA:173,0
DA:181,0
DA:182,0
DA:183,0
DA:187,0
DA:188,0
DA:189,0
DA:190,0
DA:191,0
DA:194,0
DA:201,0
DA:216,0
DA:228,0
DA:246,0
DA:252,0
DA:253,0
DA:254,0
DA:258,0
DA:267,0
DA:268,0
DA:269,0
DA:271,0
DA:272,0
DA:274,0
DA:275,0
DA:276,0
DA:277,0
DA:278,0
DA:281,0
DA:282,0
DA:284,0
LF:101
LH:0
BRDA:22,0,0,0
BRDA:22,0,1,0
BRDA:22,1,0,0
BRDA:22,1,1,0
BRDA:23,2,0,0
BRDA:23,2,1,0
BRDA:36,3,0,0
BRDA:36,3,1,0
BRDA:43,4,0,0
BRDA:43,4,1,0
BRDA:47,5,0,0
BRDA:47,5,1,0
BRDA:57,6,0,0
BRDA:57,6,1,0
BRDA:57,7,0,0
BRDA:57,7,1,0
BRDA:61,8,0,0
BRDA:61,8,1,0
BRDA:76,9,0,0
BRDA:76,9,1,0
BRDA:82,10,0,0
BRDA:82,10,1,0
BRDA:90,11,0,0
BRDA:90,11,1,0
BRDA:90,12,0,0
BRDA:90,12,1,0
BRDA:96,13,0,0
BRDA:96,13,1,0
BRDA:108,14,0,0
BRDA:108,14,1,0
BRDA:108,15,0,0
BRDA:108,15,1,0
BRDA:110,16,0,0
BRDA:110,16,1,0
BRDA:111,17,0,0
BRDA:111,17,1,0
BRDA:111,17,2,0
BRDA:111,17,3,0
BRDA:123,18,0,0
BRDA:123,18,1,0
BRDA:125,19,0,0
BRDA:125,19,1,0
BRDA:135,20,0,0
BRDA:135,20,1,0
BRDA:144,21,0,0
BRDA:144,21,1,0
BRDA:144,21,2,0
BRDA:147,22,0,0
BRDA:147,22,1,0
BRDA:159,23,0,0
BRDA:159,23,1,0
BRDA:166,24,0,0
BRDA:166,24,1,0
BRDA:187,25,0,0
BRDA:187,25,1,0
BRDA:189,26,0,0
BRDA:189,26,1,0
BRDA:190,27,0,0
BRDA:190,27,1,0
BRDA:235,28,0,0
BRDA:235,28,1,0
BRDA:253,29,0,0
BRDA:253,29,1,0
BRDA:33,30,0,0
BRDA:33,30,1,0
BRDA:33,31,0,0
BRDA:33,31,1,0
BRDA:268,32,0,0
BRDA:268,32,1,0
BRDA:268,33,0,0
BRDA:268,33,1,0
BRDA:271,34,0,0
BRDA:271,34,1,0
BRDA:272,35,0,0
BRDA:272,35,1,0
BRDA:272,36,0,0
BRDA:272,36,1,0
BRDA:275,37,0,0
BRDA:275,37,1,0
BRDA:275,38,0,0
BRDA:275,38,1,0
BRDA:278,39,0,0
BRDA:278,39,1,0
BRDA:282,40,0,0
BRDA:282,40,1,0
BRF:85
BRH:0
end_of_record
TN:
SF:src\whatsapp\evolution-webhook.util.ts
FN:7,asRecord
FN:13,extractInstanceName
FN:31,digitsFromJidUser
FN:42,resolveSenderDigits
FN:88,textFromMessageContent
FN:137,textFromMessage
FN:143,messageLooksLikeInbound
FN:149,firstInboundMessage
FN:219,extractInboundText
FN:266,(anonymous_9)
FNF:10
FNH:0
FNDA:0,asRecord
FNDA:0,extractInstanceName
FNDA:0,digitsFromJidUser
FNDA:0,resolveSenderDigits
FNDA:0,textFromMessageContent
FNDA:0,textFromMessage
FNDA:0,messageLooksLikeInbound
FNDA:0,firstInboundMessage
FNDA:0,extractInboundText
FNDA:0,(anonymous_9)
DA:3,0
DA:5,0
DA:8,0
DA:13,0
DA:14,0
DA:15,0
DA:18,0
DA:19,0
DA:21,0
DA:22,0
DA:24,0
DA:25,0
DA:27,0
DA:32,0
DA:33,0
DA:34,0
DA:43,0
DA:45,0
DA:47,0
DA:50,0
DA:51,0
DA:52,0
DA:53,0
DA:57,0
DA:58,0
DA:59,0
DA:60,0
DA:64,0
DA:65,0
DA:66,0
DA:67,0
DA:71,0
DA:72,0
DA:73,0
DA:74,0
DA:75,0
DA:77,0
DA:82,0
DA:85,0
DA:92,0
DA:93,0
DA:96,0
DA:97,0
DA:100,0
DA:101,0
DA:102,0
DA:103,0
DA:105,0
DA:106,0
DA:110,0
DA:111,0
DA:112,0
DA:113,0
DA:117,0
DA:118,0
DA:119,0
DA:122,0
DA:123,0
DA:124,0
DA:125,0
DA:128,0
DA:129,0
DA:130,0
DA:131,0
DA:134,0
DA:138,0
DA:139,0
DA:140,0
DA:144,0
DA:145,0
DA:146,0
DA:150,0
DA:151,0
DA:152,0
DA:153,0
DA:156,0
DA:164,0
DA:165,0
DA:166,0
DA:167,0
DA:168,0
DA:170,0
DA:171,0
DA:172,0
DA:173,0
DA:174,0
DA:179,0
DA:180,0
DA:181,0
DA:182,0
DA:183,0
DA:188,0
DA:189,0
DA:193,0
DA:194,0
DA:195,0
DA:198,0
DA:203,0
DA:206,0
DA:219,0
DA:226,0
DA:227,0
DA:228,0
DA:231,0
DA:234,0
DA:235,0
DA:236,0
DA:237,0
DA:240,0
DA:241,0
DA:242,0
DA:243,0
DA:246,0
DA:247,0
DA:248,0
DA:249,0
DA:252,0
DA:253,0
DA:254,0
DA:255,0
DA:256,0
DA:264,0
DA:265,0
DA:266,0
DA:268,0
DA:269,0
DA:270,0
DA:279,0
DA:282,0
LF:129
LH:0
BRDA:8,0,0,0
BRDA:8,0,1,0
BRDA:8,1,0,0
BRDA:8,1,1,0
BRDA:8,1,2,0
BRDA:15,2,0,0
BRDA:15,2,1,0
BRDA:18,3,0,0
BRDA:18,3,1,0
BRDA:18,3,2,0
BRDA:18,3,3,0
BRDA:19,4,0,0
BRDA:19,4,1,0
BRDA:22,5,0,0
BRDA:22,5,1,0
BRDA:24,6,0,0
BRDA:24,6,1,0
BRDA:24,6,2,0
BRDA:24,6,3,0
BRDA:25,7,0,0
BRDA:25,7,1,0
BRDA:33,8,0,0
BRDA:33,8,1,0
BRDA:43,9,0,0
BRDA:43,9,1,0
BRDA:45,10,0,0
BRDA:45,10,1,0
BRDA:47,11,0,0
BRDA:47,11,1,0
BRDA:50,12,0,0
BRDA:50,12,1,0
BRDA:57,13,0,0
BRDA:57,13,1,0
BRDA:64,14,0,0
BRDA:64,14,1,0
BRDA:71,15,0,0
BRDA:71,15,1,0
BRDA:73,16,0,0
BRDA:73,16,1,0
BRDA:78,17,0,0
BRDA:78,17,1,0
BRDA:93,18,0,0
BRDA:93,18,1,0
BRDA:97,19,0,0
BRDA:97,19,1,0
BRDA:97,20,0,0
BRDA:97,20,1,0
BRDA:101,21,0,0
BRDA:101,21,1,0
BRDA:102,22,0,0
BRDA:102,22,1,0
BRDA:103,23,0,0
BRDA:103,23,1,0
BRDA:106,24,0,0
BRDA:106,24,1,0
BRDA:111,25,0,0
BRDA:111,25,1,0
BRDA:112,26,0,0
BRDA:112,26,1,0
BRDA:112,26,2,0
BRDA:113,27,0,0
BRDA:113,27,1,0
BRDA:118,28,0,0
BRDA:118,28,1,0
BRDA:118,29,0,0
BRDA:118,29,1,0
BRDA:123,30,0,0
BRDA:123,30,1,0
BRDA:125,31,0,0
BRDA:125,31,1,0
BRDA:129,32,0,0
BRDA:129,32,1,0
BRDA:131,33,0,0
BRDA:131,33,1,0
BRDA:139,34,0,0
BRDA:139,34,1,0
BRDA:145,35,0,0
BRDA:145,35,1,0
BRDA:151,36,0,0
BRDA:151,36,1,0
BRDA:165,37,0,0
BRDA:165,37,1,0
BRDA:166,38,0,0
BRDA:166,38,1,0
BRDA:168,39,0,0
BRDA:168,39,1,0
BRDA:168,40,0,0
BRDA:168,40,1,0
BRDA:171,41,0,0
BRDA:171,41,1,0
BRDA:171,42,0,0
BRDA:171,42,1,0
BRDA:174,43,0,0
BRDA:174,43,1,0
BRDA:174,44,0,0
BRDA:174,44,1,0
BRDA:180,45,0,0
BRDA:180,45,1,0
BRDA:180,46,0,0
BRDA:180,46,1,0
BRDA:183,47,0,0
BRDA:183,47,1,0
BRDA:183,48,0,0
BRDA:183,48,1,0
BRDA:188,49,0,0
BRDA:188,49,1,0
BRDA:188,50,0,0
BRDA:188,50,1,0
BRDA:188,50,2,0
BRDA:194,51,0,0
BRDA:194,51,1,0
BRDA:200,52,0,0
BRDA:200,52,1,0
BRDA:227,53,0,0
BRDA:227,53,1,0
BRDA:235,54,0,0
BRDA:235,54,1,0
BRDA:241,55,0,0
BRDA:241,55,1,0
BRDA:247,56,0,0
BRDA:247,56,1,0
BRDA:253,57,0,0
BRDA:253,57,1,0
BRDA:253,58,0,0
BRDA:253,58,1,0
BRDA:264,59,0,0
BRDA:264,59,1,0
BRDA:265,60,0,0
BRDA:265,60,1,0
BRDA:268,61,0,0
BRDA:268,61,1,0
BRDA:280,62,0,0
BRDA:280,62,1,0
BRF:133
BRH:0
end_of_record
TN:
SF:src\whatsapp\whatsapp-connection.service.ts
FN:23,defaultWaInstanceName
FN:27,defaultOrgWaInstanceName
FN:38,(anonymous_4)
FN:44,(anonymous_5)
FN:58,(anonymous_6)
FN:69,(anonymous_7)
FN:76,(anonymous_8)
FN:84,(anonymous_9)
FN:105,(anonymous_10)
FN:113,(anonymous_11)
FN:127,(anonymous_12)
FN:135,(anonymous_13)
FN:150,(anonymous_14)
FN:243,(anonymous_15)
FN:356,(anonymous_16)
FN:372,(anonymous_17)
FN:387,(anonymous_18)
FN:475,(anonymous_19)
FN:581,(anonymous_20)
FNF:19
FNH:0
FNDA:0,defaultWaInstanceName
FNDA:0,defaultOrgWaInstanceName
FNDA:0,(anonymous_4)
FNDA:0,(anonymous_5)
FNDA:0,(anonymous_6)
FNDA:0,(anonymous_7)
FNDA:0,(anonymous_8)
FNDA:0,(anonymous_9)
FNDA:0,(anonymous_10)
FNDA:0,(anonymous_11)
FNDA:0,(anonymous_12)
FNDA:0,(anonymous_13)
FNDA:0,(anonymous_14)
FNDA:0,(anonymous_15)
FNDA:0,(anonymous_16)
FNDA:0,(anonymous_17)
FNDA:0,(anonymous_18)
FNDA:0,(anonymous_19)
FNDA:0,(anonymous_20)
DA:1,0
DA:7,0
DA:8,0
DA:9,0
DA:10,0
DA:23,0
DA:24,0
DA:27,0
DA:28,0
DA:32,0
DA:33,0
DA:35,0
DA:36,0
DA:39,0
DA:40,0
DA:41,0
DA:45,0
DA:49,0
DA:50,0
DA:51,0
DA:52,0
DA:53,0
DA:55,0
DA:59,0
DA:60,0
DA:61,0
DA:63,0
DA:64,0
DA:66,0
DA:70,0
DA:77,0
DA:88,0
DA:89,0
DA:90,0
DA:95,0
DA:106,0
DA:107,0
DA:108,0
DA:110,0
DA:114,0
DA:115,0
DA:117,0
DA:121,0
DA:128,0
DA:129,0
DA:136,0
DA:140,0
DA:141,0
DA:142,0
DA:147,0
DA:155,0
DA:156,0
DA:157,0
DA:160,0
DA:161,0
DA:165,0
DA:166,0
DA:168,0
DA:171,0
DA:172,0
DA:176,0
DA:177,0
DA:181,0
DA:182,0
DA:186,0
DA:188,0
DA:189,0
DA:191,0
DA:192,0
DA:193,0
DA:194,0
DA:196,0
DA:199,0
DA:203,0
DA:208,0
DA:210,0
DA:211,0
DA:212,0
DA:213,0
DA:214,0
DA:218,0
DA:219,0
DA:225,0
DA:226,0
DA:227,0
DA:228,0
DA:234,0
DA:249,0
DA:255,0
DA:257,0
DA:258,0
DA:264,0
DA:265,0
DA:268,0
DA:270,0
DA:271,0
DA:274,0
DA:275,0
DA:280,0
DA:281,0
DA:283,0
DA:287,0
DA:294,0
DA:295,0
DA:298,0
DA:299,0
DA:303,0
DA:304,0
DA:309,0
DA:310,0
DA:313,0
DA:315,0
DA:316,0
DA:317,0
DA:321,0
DA:325,0
DA:326,0
DA:331,0
DA:332,0
DA:334,0
DA:339,0
DA:340,0
DA:343,0
DA:347,0
DA:352,0
DA:353,0
DA:357,0
DA:358,0
DA:359,0
DA:360,0
DA:364,0
DA:373,0
DA:377,0
DA:378,0
DA:379,0
DA:384,0
DA:388,0
DA:389,0
DA:390,0
DA:393,0
DA:394,0
DA:396,0
DA:397,0
DA:399,0
DA:403,0
DA:404,0
DA:408,0
DA:409,0
DA:413,0
DA:414,0
DA:418,0
DA:420,0
DA:421,0
DA:423,0
DA:424,0
DA:425,0
DA:426,0
DA:428,0
DA:431,0
DA:435,0
DA:440,0
DA:442,0
DA:443,0
DA:444,0
DA:445,0
DA:446,0
DA:450,0
DA:451,0
DA:457,0
DA:458,0
DA:459,0
DA:460,0
DA:466,0
DA:476,0
DA:482,0
DA:484,0
DA:485,0
DA:490,0
DA:491,0
DA:493,0
DA:495,0
DA:496,0
DA:499,0
DA:500,0
DA:505,0
DA:506,0
DA:508,0
DA:512,0
DA:519,0
DA:520,0
DA:523,0
DA:524,0
DA:528,0
DA:529,0
DA:534,0
DA:535,0
DA:538,0
DA:540,0
DA:541,0
DA:542,0
DA:546,0
DA:550,0
DA:551,0
DA:556,0
DA:557,0
DA:559,0
DA:564,0
DA:565,0
DA:568,0
DA:572,0
DA:577,0
DA:578,0
DA:582,0
DA:583,0
DA:584,0
DA:585,0
DA:589,0
LF:217
LH:0
BRDA:45,0,0,0
BRDA:45,0,1,0
BRDA:49,1,0,0
BRDA:49,1,1,0
BRDA:52,2,0,0
BRDA:52,2,1,0
BRDA:60,3,0,0
BRDA:60,3,1,0
BRDA:60,4,0,0
BRDA:60,4,1,0
BRDA:63,5,0,0
BRDA:63,5,1,0
BRDA:89,6,0,0
BRDA:89,6,1,0
BRDA:107,7,0,0
BRDA:107,7,1,0
BRDA:119,8,0,0
BRDA:119,8,1,0
BRDA:128,9,0,0
BRDA:128,9,1,0
BRDA:140,10,0,0
BRDA:140,10,1,0
BRDA:141,11,0,0
BRDA:141,11,1,0
BRDA:165,12,0,0
BRDA:165,12,1,0
BRDA:165,13,0,0
BRDA:165,13,1,0
BRDA:171,14,0,0
BRDA:171,14,1,0
BRDA:188,15,0,0
BRDA:188,15,1,0
BRDA:191,16,0,0
BRDA:191,16,1,0
BRDA:191,16,2,0
BRDA:192,17,0,0
BRDA:192,17,1,0
BRDA:211,18,0,0
BRDA:211,18,1,0
BRDA:213,19,0,0
BRDA:213,19,1,0
BRDA:228,20,0,0
BRDA:228,20,1,0
BRDA:235,21,0,0
BRDA:235,21,1,0
BRDA:236,22,0,0
BRDA:236,22,1,0
BRDA:237,23,0,0
BRDA:237,23,1,0
BRDA:255,24,0,0
BRDA:255,24,1,0
BRDA:257,25,0,0
BRDA:257,25,1,0
BRDA:274,26,0,0
BRDA:274,26,1,0
BRDA:274,27,0,0
BRDA:274,27,1,0
BRDA:292,28,0,0
BRDA:292,28,1,0
BRDA:298,29,0,0
BRDA:298,29,1,0
BRDA:313,30,0,0
BRDA:313,30,1,0
BRDA:325,31,0,0
BRDA:325,31,1,0
BRDA:377,32,0,0
BRDA:377,32,1,0
BRDA:378,33,0,0
BRDA:378,33,1,0
BRDA:396,34,0,0
BRDA:396,34,1,0
BRDA:396,35,0,0
BRDA:396,35,1,0
BRDA:403,36,0,0
BRDA:403,36,1,0
BRDA:420,37,0,0
BRDA:420,37,1,0
BRDA:423,38,0,0
BRDA:423,38,1,0
BRDA:423,38,2,0
BRDA:424,39,0,0
BRDA:424,39,1,0
BRDA:443,40,0,0
BRDA:443,40,1,0
BRDA:445,41,0,0
BRDA:445,41,1,0
BRDA:460,42,0,0
BRDA:460,42,1,0
BRDA:467,43,0,0
BRDA:467,43,1,0
BRDA:468,44,0,0
BRDA:468,44,1,0
BRDA:469,45,0,0
BRDA:469,45,1,0
BRDA:482,46,0,0
BRDA:482,46,1,0
BRDA:484,47,0,0
BRDA:484,47,1,0
BRDA:499,48,0,0
BRDA:499,48,1,0
BRDA:499,49,0,0
BRDA:499,49,1,0
BRDA:517,50,0,0
BRDA:517,50,1,0
BRDA:523,51,0,0
BRDA:523,51,1,0
BRDA:538,52,0,0
BRDA:538,52,1,0
BRDA:550,53,0,0
BRDA:550,53,1,0
BRDA:39,54,0,0
BRDA:39,54,1,0
BRDA:39,55,0,0
BRDA:39,55,1,0
BRDA:39,56,0,0
BRDA:39,56,1,0
BRDA:39,57,0,0
BRDA:39,57,1,0
BRDA:40,58,0,0
BRDA:40,58,1,0
BRDA:40,59,0,0
BRDA:40,59,1,0
BRF:122
BRH:0
end_of_record
TN:
SF:src\whatsapp\whatsapp-messaging.service.ts
FN:33,capitalizeEs
FN:38,formatAppointmentHuman
FN:65,reminderRelativeDay
FN:66,(anonymous_5)
FN:97,buildMessageLink
FN:109,truncateForNotification
FN:122,(anonymous_8)
FN:139,(anonymous_9)
FN:150,(anonymous_10)
FN:164,(anonymous_11)
FN:201,(anonymous_12)
FN:209,(anonymous_13)
FN:210,(anonymous_14)
FN:221,(anonymous_15)
FN:262,(anonymous_16)
FN:269,(anonymous_17)
FN:338,(anonymous_18)
FN:428,(anonymous_19)
FN:468,(anonymous_20)
FN:545,(anonymous_21)
FN:624,(anonymous_22)
FN:700,(anonymous_23)
FN:741,(anonymous_24)
FN:816,(anonymous_25)
FN:848,(anonymous_26)
FN:864,(anonymous_27)
FN:890,(anonymous_28)
FN:905,(anonymous_29)
FN:921,(anonymous_30)
FN:937,(anonymous_31)
FN:957,(anonymous_32)
FN:974,(anonymous_33)
FN:1022,(anonymous_34)
FN:1054,(anonymous_35)
FNF:34
FNH:0
FNDA:0,capitalizeEs
FNDA:0,formatAppointmentHuman
FNDA:0,reminderRelativeDay
FNDA:0,(anonymous_5)
FNDA:0,buildMessageLink
FNDA:0,truncateForNotification
FNDA:0,(anonymous_8)
FNDA:0,(anonymous_9)
FNDA:0,(anonymous_10)
FNDA:0,(anonymous_11)
FNDA:0,(anonymous_12)
FNDA:0,(anonymous_13)
FNDA:0,(anonymous_14)
FNDA:0,(anonymous_15)
FNDA:0,(anonymous_16)
FNDA:0,(anonymous_17)
FNDA:0,(anonymous_18)
FNDA:0,(anonymous_19)
FNDA:0,(anonymous_20)
FNDA:0,(anonymous_21)
FNDA:0,(anonymous_22)
FNDA:0,(anonymous_23)
FNDA:0,(anonymous_24)
FNDA:0,(anonymous_25)
FNDA:0,(anonymous_26)
FNDA:0,(anonymous_27)
FNDA:0,(anonymous_28)
FNDA:0,(anonymous_29)
FNDA:0,(anonymous_30)
FNDA:0,(anonymous_31)
FNDA:0,(anonymous_32)
FNDA:0,(anonymous_33)
FNDA:0,(anonymous_34)
FNDA:0,(anonymous_35)
DA:1,0
DA:2,0
DA:8,0
DA:9,0
DA:10,0
DA:11,0
DA:16,0
DA:17,0
DA:21,0
DA:25,0
DA:30,0
DA:31,0
DA:34,0
DA:35,0
DA:42,0
DA:48,0
DA:55,0
DA:61,0
DA:66,0
DA:67,0
DA:74,0
DA:75,0
DA:76,0
DA:77,0
DA:79,0
DA:85,0
DA:86,0
DA:87,0
DA:88,0
DA:89,0
DA:90,0
DA:94,0
DA:101,0
DA:102,0
DA:104,0
DA:110,0
DA:111,0
DA:112,0
DA:113,0
DA:117,0
DA:118,0
DA:120,0
DA:123,0
DA:124,0
DA:125,0
DA:126,0
DA:127,0
DA:128,0
DA:146,0
DA:150,0
DA:152,0
DA:154,0
DA:156,0
DA:159,0
DA:160,0
DA:161,0
DA:164,0
DA:172,0
DA:174,0
DA:175,0
DA:178,0
DA:180,0
DA:181,0
DA:182,0
DA:183,0
DA:188,0
DA:189,0
DA:190,0
DA:194,0
DA:196,0
DA:206,0
DA:210,0
DA:211,0
DA:212,0
DA:213,0
DA:229,0
DA:238,0
DA:240,0
DA:241,0
DA:245,0
DA:246,0
DA:255,0
DA:265,0
DA:266,0
DA:270,0
DA:277,0
DA:279,0
DA:280,0
DA:282,0
DA:287,0
DA:288,0
DA:290,0
DA:292,0
DA:297,0
DA:302,0
DA:304,0
DA:312,0
DA:315,0
DA:329,0
DA:339,0
DA:346,0
DA:347,0
DA:350,0
DA:351,0
DA:352,0
DA:355,0
DA:359,0
DA:360,0
DA:362,0
DA:363,0
DA:366,0
DA:367,0
DA:371,0
DA:373,0
DA:378,0
DA:379,0
DA:382,0
DA:391,0
DA:392,0
DA:395,0
DA:409,0
DA:417,0
DA:424,0
DA:436,0
DA:438,0
DA:442,0
DA:445,0
DA:459,0
DA:469,0
DA:473,0
DA:475,0
DA:476,0
DA:481,0
DA:483,0
DA:498,0
DA:500,0
DA:501,0
DA:502,0
DA:504,0
DA:509,0
DA:511,0
DA:519,0
DA:522,0
DA:536,0
DA:548,0
DA:552,0
DA:554,0
DA:555,0
DA:560,0
DA:562,0
DA:577,0
DA:579,0
DA:580,0
DA:581,0
DA:583,0
DA:588,0
DA:590,0
DA:598,0
DA:601,0
DA:615,0
DA:627,0
DA:637,0
DA:638,0
DA:640,0
DA:641,0
DA:643,0
DA:644,0
DA:646,0
DA:647,0
DA:648,0
DA:650,0
DA:664,0
DA:673,0
DA:675,0
DA:677,0
DA:679,0
DA:690,0
DA:697,0
DA:700,0
DA:701,0
DA:708,0
DA:709,0
DA:713,0
DA:718,0
DA:720,0
DA:731,0
DA:738,0
DA:742,0
DA:750,0
DA:752,0
DA:753,0
DA:755,0
DA:759,0
DA:760,0
DA:762,0
DA:766,0
DA:767,0
DA:769,0
DA:774,0
DA:776,0
DA:786,0
DA:789,0
DA:803,0
DA:830,0
DA:831,0
DA:832,0
DA:836,0
DA:837,0
DA:840,0
DA:844,0
DA:845,0
DA:848,0
DA:849,0
DA:863,0
DA:864,0
DA:867,0
DA:868,0
DA:869,0
DA:870,0
DA:889,0
DA:890,0
DA:891,0
DA:892,0
DA:904,0
DA:905,0
DA:908,0
DA:909,0
DA:920,0
DA:921,0
DA:924,0
DA:925,0
DA:927,0
DA:934,0
DA:937,0
DA:938,0
DA:939,0
DA:943,0
DA:955,0
DA:956,0
DA:957,0
DA:960,0
DA:961,0
DA:972,0
DA:973,0
DA:974,0
DA:979,0
DA:983,0
DA:984,0
DA:987,0
DA:995,0
DA:999,0
DA:1009,0
DA:1010,0
DA:1013,0
DA:1021,0
DA:1022,0
DA:1025,0
DA:1026,0
DA:1027,0
DA:1028,0
DA:1036,0
DA:1037,0
DA:1044,0
DA:1047,0
DA:1064,0
DA:1065,0
DA:1066,0
DA:1068,0
DA:1072,0
DA:1075,0
DA:1076,0
DA:1077,0
DA:1078,0
DA:1081,0
DA:1091,0
DA:1092,0
DA:1105,0
DA:1106,0
DA:1111,0
DA:1125,0
DA:1128,0
DA:1130,0
DA:1144,0
DA:1167,0
LF:284
LH:0
BRDA:34,0,0,0
BRDA:34,0,1,0
BRDA:77,1,0,0
BRDA:77,1,1,0
BRDA:88,2,0,0
BRDA:88,2,1,0
BRDA:89,3,0,0
BRDA:89,3,1,0
BRDA:101,4,0,0
BRDA:101,4,1,0
BRDA:102,5,0,0
BRDA:102,5,1,0
BRDA:104,6,0,0
BRDA:104,6,1,0
BRDA:109,7,0,0
BRDA:111,8,0,0
BRDA:111,8,1,0
BRDA:112,9,0,0
BRDA:112,9,1,0
BRDA:146,10,0,0
BRDA:146,10,1,0
BRDA:160,11,0,0
BRDA:160,11,1,0
BRDA:182,12,0,0
BRDA:182,12,1,0
BRDA:182,13,0,0
BRDA:182,13,1,0
BRDA:188,14,0,0
BRDA:188,14,1,0
BRDA:212,15,0,0
BRDA:212,15,1,0
BRDA:212,16,0,0
BRDA:212,16,1,0
BRDA:238,17,0,0
BRDA:238,17,1,0
BRDA:238,17,2,0
BRDA:240,18,0,0
BRDA:240,18,1,0
BRDA:245,19,0,0
BRDA:245,19,1,0
BRDA:248,20,0,0
BRDA:248,20,1,0
BRDA:256,21,0,0
BRDA:256,21,1,0
BRDA:266,22,0,0
BRDA:266,22,1,0
BRDA:277,23,0,0
BRDA:277,23,1,0
BRDA:280,24,0,0
BRDA:280,24,1,0
BRDA:287,25,0,0
BRDA:287,25,1,0
BRDA:290,26,0,0
BRDA:290,26,1,0
BRDA:302,27,0,0
BRDA:302,27,1,0
BRDA:305,28,0,0
BRDA:305,28,1,0
BRDA:306,29,0,0
BRDA:306,29,1,0
BRDA:346,30,0,0
BRDA:346,30,1,0
BRDA:351,31,0,0
BRDA:351,31,1,0
BRDA:359,32,0,0
BRDA:359,32,1,0
BRDA:362,33,0,0
BRDA:362,33,1,0
BRDA:371,34,0,0
BRDA:371,34,1,0
BRDA:378,35,0,0
BRDA:378,35,1,0
BRDA:383,36,0,0
BRDA:383,36,1,0
BRDA:384,37,0,0
BRDA:384,37,1,0
BRDA:436,38,0,0
BRDA:436,38,1,0
BRDA:442,39,0,0
BRDA:442,39,1,0
BRDA:473,40,0,0
BRDA:473,40,1,0
BRDA:481,41,0,0
BRDA:481,41,1,0
BRDA:498,42,0,0
BRDA:498,42,1,0
BRDA:501,43,0,0
BRDA:501,43,1,0
BRDA:502,44,0,0
BRDA:502,44,1,0
BRDA:509,45,0,0
BRDA:509,45,1,0
BRDA:512,46,0,0
BRDA:512,46,1,0
BRDA:513,47,0,0
BRDA:513,47,1,0
BRDA:552,48,0,0
BRDA:552,48,1,0
BRDA:560,49,0,0
BRDA:560,49,1,0
BRDA:577,50,0,0
BRDA:577,50,1,0
BRDA:580,51,0,0
BRDA:580,51,1,0
BRDA:581,52,0,0
BRDA:581,52,1,0
BRDA:588,53,0,0
BRDA:588,53,1,0
BRDA:591,54,0,0
BRDA:591,54,1,0
BRDA:592,55,0,0
BRDA:592,55,1,0
BRDA:637,56,0,0
BRDA:637,56,1,0
BRDA:638,57,0,0
BRDA:638,57,1,0
BRDA:641,58,0,0
BRDA:641,58,1,0
BRDA:673,59,0,0
BRDA:673,59,1,0
BRDA:708,60,0,0
BRDA:708,60,1,0
BRDA:714,61,0,0
BRDA:714,61,1,0
BRDA:714,62,0,0
BRDA:714,62,1,0
BRDA:750,63,0,0
BRDA:750,63,1,0
BRDA:753,64,0,0
BRDA:753,64,1,0
BRDA:759,65,0,0
BRDA:759,65,1,0
BRDA:760,66,0,0
BRDA:760,66,1,0
BRDA:766,67,0,0
BRDA:766,67,1,0
BRDA:774,68,0,0
BRDA:774,68,1,0
BRDA:777,69,0,0
BRDA:777,69,1,0
BRDA:778,70,0,0
BRDA:778,70,1,0
BRDA:783,71,0,0
BRDA:783,71,1,0
BRDA:830,72,0,0
BRDA:830,72,1,0
BRDA:836,73,0,0
BRDA:836,73,1,0
BRDA:844,74,0,0
BRDA:844,74,1,0
BRDA:864,75,0,0
BRDA:864,75,1,0
BRDA:867,76,0,0
BRDA:867,76,1,0
BRDA:878,77,0,0
BRDA:878,77,1,0
BRDA:889,78,0,0
BRDA:889,78,1,0
BRDA:891,79,0,0
BRDA:891,79,1,0
BRDA:891,80,0,0
BRDA:891,80,1,0
BRDA:891,80,2,0
BRDA:904,81,0,0
BRDA:904,81,1,0
BRDA:908,82,0,0
BRDA:908,82,1,0
BRDA:908,83,0,0
BRDA:908,83,1,0
BRDA:908,83,2,0
BRDA:920,84,0,0
BRDA:920,84,1,0
BRDA:924,85,0,0
BRDA:924,85,1,0
BRDA:938,86,0,0
BRDA:938,86,1,0
BRDA:939,87,0,0
BRDA:939,87,1,0
BRDA:940,88,0,0
BRDA:940,88,1,0
BRDA:955,89,0,0
BRDA:955,89,1,0
BRDA:960,90,0,0
BRDA:960,90,1,0
BRDA:972,91,0,0
BRDA:972,91,1,0
BRDA:983,92,0,0
BRDA:983,92,1,0
BRDA:995,93,0,0
BRDA:995,93,1,0
BRDA:1003,94,0,0
BRDA:1003,94,1,0
BRDA:1009,95,0,0
BRDA:1009,95,1,0
BRDA:1022,96,0,0
BRDA:1022,96,1,0
BRDA:1025,97,0,0
BRDA:1025,97,1,0
BRDA:1025,98,0,0
BRDA:1025,98,1,0
BRDA:1036,99,0,0
BRDA:1036,99,1,0
BRDA:1036,100,0,0
BRDA:1036,100,1,0
BRDA:1064,101,0,0
BRDA:1064,101,1,0
BRDA:1065,102,0,0
BRDA:1065,102,1,0
BRDA:1072,103,0,0
BRDA:1072,103,1,0
BRDA:1075,104,0,0
BRDA:1075,104,1,0
BRDA:1077,105,0,0
BRDA:1077,105,1,0
BRDA:1081,106,0,0
BRDA:1081,106,1,0
BRDA:1082,107,0,0
BRDA:1082,107,1,0
BRDA:1091,108,0,0
BRDA:1091,108,1,0
BRDA:1105,109,0,0
BRDA:1105,109,1,0
BRDA:1105,110,0,0
BRDA:1105,110,1,0
BRDA:1107,111,0,0
BRDA:1107,111,1,0
BRDA:1109,112,0,0
BRDA:1109,112,1,0
BRDA:1121,113,0,0
BRDA:1121,113,1,0
BRDA:1150,114,0,0
BRDA:1150,114,1,0
BRDA:1152,115,0,0
BRDA:1152,115,1,0
BRDA:1163,116,0,0
BRDA:1163,116,1,0
BRDA:123,117,0,0
BRDA:123,117,1,0
BRDA:123,118,0,0
BRDA:123,118,1,0
BRDA:123,119,0,0
BRDA:123,119,1,0
BRDA:123,120,0,0
BRDA:123,120,1,0
BRDA:124,121,0,0
BRDA:124,121,1,0
BRDA:124,122,0,0
BRDA:124,122,1,0
BRDA:125,123,0,0
BRDA:125,123,1,0
BRDA:125,124,0,0
BRDA:125,124,1,0
BRDA:126,125,0,0
BRDA:126,125,1,0
BRDA:126,126,0,0
BRDA:126,126,1,0
BRDA:127,127,0,0
BRDA:127,127,1,0
BRDA:127,128,0,0
BRDA:127,128,1,0
BRF:260
BRH:0
end_of_record
TN:
SF:src\whatsapp\whatsapp.controller.ts
FN:13,(anonymous_4)
FN:16,(anonymous_5)
FN:25,(anonymous_6)
FN:34,(anonymous_7)
FN:39,(anonymous_8)
FN:43,(anonymous_9)
FNF:6
FNH:0
FNDA:0,(anonymous_4)
FNDA:0,(anonymous_5)
FNDA:0,(anonymous_6)
FNDA:0,(anonymous_7)
FNDA:0,(anonymous_8)
FNDA:0,(anonymous_9)
DA:1,0
DA:2,0
DA:4,0
DA:5,0
DA:6,0
DA:7,0
DA:12,0
DA:13,0
DA:16,0
DA:17,0
DA:18,0
DA:19,0
DA:21,0
DA:25,0
DA:26,0
DA:27,0
DA:28,0
DA:30,0
DA:34,0
DA:35,0
DA:36,0
DA:37,0
DA:39,0
DA:41,0
DA:43,0
LF:25
LH:0
BRDA:18,0,0,0
BRDA:18,0,1,0
BRDA:27,1,0,0
BRDA:27,1,1,0
BRDA:36,2,0,0
BRDA:36,2,1,0
BRDA:13,3,0,0
BRDA:13,3,1,0
BRDA:13,4,0,0
BRDA:13,4,1,0
BRF:10
BRH:0
end_of_record
TN:
SF:src\whatsapp\whatsapp.module.ts
FNF:0
FNH:0
DA:1,0
DA:2,0
DA:3,0
DA:4,0
DA:5,0
DA:6,0
DA:7,0
DA:8,0
DA:9,0
DA:10,0
DA:28,0
LF:11
LH:0
BRF:0
BRH:0
end_of_record
